#
# There is insufficient memory for the Java Runtime Environment to continue.
# Native memory allocation (malloc) failed to allocate 32744 bytes for ChunkPool::allocate
# Possible reasons:
#   The system is out of physical RAM or swap space
#   The process is running with CompressedOops enabled, and the Java Heap may be blocking the growth of the native heap
# Possible solutions:
#   Reduce memory load on the system
#   Increase physical memory or swap space
#   Check if swap backing store is full
#   Decrease Java heap size (-Xmx/-Xms)
#   Decrease number of Java threads
#   Decrease Java thread stack sizes (-Xss)
#   Set larger code cache with -XX:ReservedCodeCacheSize=
#   JVM is running with Unscaled Compressed Oops mode in which the Java heap is
#     placed in the first 4GB address space. The Java Heap base address is the
#     maximum limit for the native heap growth. Please use -XX:HeapBaseMinAddress
#     to set the Java Heap base and to place the Java Heap above 4GB virtual address.
# This output file may be truncated or incomplete.
#
#  Out of Memory Error (./src/hotspot/share/memory/arena.cpp:81), pid=6260, tid=16124
#
# JRE version: OpenJDK Runtime Environment (11.0.12+7) (build 11.0.12+7-b1504.28-7817840)
# Java VM: OpenJDK 64-Bit Server VM (11.0.12+7-b1504.28-7817840, mixed mode, tiered, compressed oops, g1 gc, windows-amd64)
# No core dump will be written. Minidumps are not enabled by default on client versions of Windows
#

---------------  S U M M A R Y ------------

Command Line: org.jetbrains.kotlin.cli.jvm.K2JVMCompiler @D:\Users\Admin\AndroidStudioProjects\SHIFT\app\build\20221002_17736033129622483273.compiler.options

Host: Intel(R) Core(TM) i5-10210U CPU @ 1.60GHz, 8 cores, 7G,  Windows 10 , 64 bit Build 19041 (10.0.19041.1889)
Time: Sun Oct  2 05:17:43 2022 Новосибирское стандартное время elapsed time: 1.798355 seconds (0d 0h 0m 1s)

---------------  T H R E A D  ---------------

Current thread (0x000001def94ae000):  JavaThread "main" [_thread_in_vm, id=16124, stack(0x000000ab03000000,0x000000ab03100000)]

Stack: [0x000000ab03000000,0x000000ab03100000]
Native frames: (J=compiled Java code, j=interpreted, Vv=VM code, C=native code)
V  [jvm.dll+0x5fbcea]
V  [jvm.dll+0x731905]
V  [jvm.dll+0x732f1d]
V  [jvm.dll+0x7335d3]
V  [jvm.dll+0x247bf8]
V  [jvm.dll+0xc041b]
V  [jvm.dll+0xc06cc]
V  [jvm.dll+0x24f23d]
V  [jvm.dll+0x24e73e]
V  [jvm.dll+0x24e506]
V  [jvm.dll+0x1c0f9c]
V  [jvm.dll+0x1c09ea]
V  [jvm.dll+0x4d3bfd]
V  [jvm.dll+0x6cf38b]
V  [jvm.dll+0x3eb3b4]
V  [jvm.dll+0x3ef679]
C  [java.dll+0x19b4]

Java frames: (J=compiled Java code, j=interpreted, Vv=VM code)
J 523  java.lang.ClassLoader.defineClass1(Ljava/lang/ClassLoader;Ljava/lang/String;[BIILjava/security/ProtectionDomain;Ljava/lang/String;)Ljava/lang/Class; java.base@11.0.12 (0 bytes) @ 0x000001de87af437b [0x000001de87af42c0+0x00000000000000bb]
J 509 c1 java.lang.ClassLoader.defineClass(Ljava/lang/String;[BIILjava/security/ProtectionDomain;)Ljava/lang/Class; java.base@11.0.12 (43 bytes) @ 0x000001de806803e4 [0x000001de806800a0+0x0000000000000344]
J 473 c1 jdk.internal.loader.BuiltinClassLoader.defineClass(Ljava/lang/String;Ljdk/internal/loader/Resource;)Ljava/lang/Class; java.base@11.0.12 (121 bytes) @ 0x000001de80667ec4 [0x000001de80666e40+0x0000000000001084]
J 397 c1 jdk.internal.loader.BuiltinClassLoader.findClassOnClassPathOrNull(Ljava/lang/String;)Ljava/lang/Class; java.base@11.0.12 (64 bytes) @ 0x000001de806412ac [0x000001de806410c0+0x00000000000001ec]
J 234 c1 jdk.internal.loader.BuiltinClassLoader.loadClassOrNull(Ljava/lang/String;Z)Ljava/lang/Class; java.base@11.0.12 (143 bytes) @ 0x000001de805e839c [0x000001de805e7280+0x000000000000111c]
J 375 c1 jdk.internal.loader.ClassLoaders$AppClassLoader.loadClass(Ljava/lang/String;Z)Ljava/lang/Class; java.base@11.0.12 (40 bytes) @ 0x000001de80630384 [0x000001de8062fde0+0x00000000000005a4]
J 317 c1 java.lang.ClassLoader.loadClass(Ljava/lang/String;)Ljava/lang/Class; java.base@11.0.12 (7 bytes) @ 0x000001de80609cbc [0x000001de80609bc0+0x00000000000000fc]
v  ~StubRoutines::call_stub
j  org.jetbrains.kotlin.psi.stubs.elements.KtStubElementTypes.<clinit>()V+150
v  ~StubRoutines::call_stub
j  org.jetbrains.kotlin.psi.KtFile.<clinit>()V+18
v  ~StubRoutines::call_stub
j  org.jetbrains.kotlin.parsing.KotlinParserDefinition.createFile(Lorg/jetbrains/kotlin/com/intellij/psi/FileViewProvider;)Lorg/jetbrains/kotlin/com/intellij/psi/PsiFile;+6
j  org.jetbrains.kotlin.com.intellij.psi.AbstractFileViewProvider.createFile(Lorg/jetbrains/kotlin/com/intellij/lang/Language;)Lorg/jetbrains/kotlin/com/intellij/psi/PsiFile;+36
j  org.jetbrains.kotlin.com.intellij.psi.AbstractFileViewProvider.createFile(Lorg/jetbrains/kotlin/com/intellij/openapi/vfs/VirtualFile;Lorg/jetbrains/kotlin/com/intellij/openapi/fileTypes/FileType;Lorg/jetbrains/kotlin/com/intellij/lang/Language;)Lorg/jetbrains/kotlin/com/intellij/psi/PsiFile;+96
j  org.jetbrains.kotlin.com.intellij.psi.AbstractFileViewProvider.createFile(Lorg/jetbrains/kotlin/com/intellij/openapi/project/Project;Lorg/jetbrains/kotlin/com/intellij/openapi/vfs/VirtualFile;Lorg/jetbrains/kotlin/com/intellij/openapi/fileTypes/FileType;)Lorg/jetbrains/kotlin/com/intellij/psi/PsiFile;+32
j  org.jetbrains.kotlin.com.intellij.psi.SingleRootFileViewProvider.createFile()Lorg/jetbrains/kotlin/com/intellij/psi/PsiFile;+23
j  org.jetbrains.kotlin.com.intellij.psi.SingleRootFileViewProvider.getPsiInner(Lorg/jetbrains/kotlin/com/intellij/lang/Language;)Lorg/jetbrains/kotlin/com/intellij/psi/PsiFile;+29
j  org.jetbrains.kotlin.com.intellij.psi.AbstractFileViewProvider.getPsi(Lorg/jetbrains/kotlin/com/intellij/lang/Language;)Lorg/jetbrains/kotlin/com/intellij/psi/PsiFile;+61
j  org.jetbrains.kotlin.com.intellij.psi.impl.file.impl.FileManagerImpl.findFile(Lorg/jetbrains/kotlin/com/intellij/openapi/vfs/VirtualFile;)Lorg/jetbrains/kotlin/com/intellij/psi/PsiFile;+78
j  org.jetbrains.kotlin.com.intellij.psi.impl.PsiManagerImpl.findFile(Lorg/jetbrains/kotlin/com/intellij/openapi/vfs/VirtualFile;)Lorg/jetbrains/kotlin/com/intellij/psi/PsiFile;+17
j  org.jetbrains.kotlin.cli.jvm.compiler.CoreEnvironmentUtilsKt.createSourceFilesFromSourceRoots(Lorg/jetbrains/kotlin/config/CompilerConfiguration;Lorg/jetbrains/kotlin/com/intellij/openapi/project/Project;Ljava/util/List;Lorg/jetbrains/kotlin/cli/common/messages/CompilerMessageLocation;)Ljava/util/List;+397
j  org.jetbrains.kotlin.cli.jvm.compiler.CoreEnvironmentUtilsKt.createSourceFilesFromSourceRoots$default(Lorg/jetbrains/kotlin/config/CompilerConfiguration;Lorg/jetbrains/kotlin/com/intellij/openapi/project/Project;Ljava/util/List;Lorg/jetbrains/kotlin/cli/common/messages/CompilerMessageLocation;ILjava/lang/Object;)Ljava/util/List;+17
j  org.jetbrains.kotlin.cli.jvm.compiler.KotlinCoreEnvironment.createKtFiles(Lorg/jetbrains/kotlin/com/intellij/openapi/project/Project;)Ljava/util/List;+13
j  org.jetbrains.kotlin.cli.jvm.compiler.KotlinCoreEnvironment.<init>(Lorg/jetbrains/kotlin/cli/jvm/compiler/KotlinCoreEnvironment$ProjectEnvironment;Lorg/jetbrains/kotlin/config/CompilerConfiguration;Lorg/jetbrains/kotlin/cli/jvm/compiler/EnvironmentConfigFiles;)V+383
j  org.jetbrains.kotlin.cli.jvm.compiler.KotlinCoreEnvironment.<init>(Lorg/jetbrains/kotlin/cli/jvm/compiler/KotlinCoreEnvironment$ProjectEnvironment;Lorg/jetbrains/kotlin/config/CompilerConfiguration;Lorg/jetbrains/kotlin/cli/jvm/compiler/EnvironmentConfigFiles;Lkotlin/jvm/internal/DefaultConstructorMarker;)V+4
j  org.jetbrains.kotlin.cli.jvm.compiler.KotlinCoreEnvironment$Companion.createForProduction(Lorg/jetbrains/kotlin/com/intellij/openapi/Disposable;Lorg/jetbrains/kotlin/config/CompilerConfiguration;Lorg/jetbrains/kotlin/cli/jvm/compiler/EnvironmentConfigFiles;)Lorg/jetbrains/kotlin/cli/jvm/compiler/KotlinCoreEnvironment;+54
j  org.jetbrains.kotlin.cli.jvm.K2JVMCompiler.createCoreEnvironment(Lorg/jetbrains/kotlin/com/intellij/openapi/Disposable;Lorg/jetbrains/kotlin/config/CompilerConfiguration;Lorg/jetbrains/kotlin/cli/common/messages/MessageCollector;Ljava/lang/String;)Lorg/jetbrains/kotlin/cli/jvm/compiler/KotlinCoreEnvironment;+19
j  org.jetbrains.kotlin.cli.jvm.K2JVMCompiler.doExecute(Lorg/jetbrains/kotlin/cli/common/arguments/K2JVMCompilerArguments;Lorg/jetbrains/kotlin/config/CompilerConfiguration;Lorg/jetbrains/kotlin/com/intellij/openapi/Disposable;Lorg/jetbrains/kotlin/utils/KotlinPaths;)Lorg/jetbrains/kotlin/cli/common/ExitCode;+1125
j  org.jetbrains.kotlin.cli.jvm.K2JVMCompiler.doExecute(Lorg/jetbrains/kotlin/cli/common/arguments/CommonCompilerArguments;Lorg/jetbrains/kotlin/config/CompilerConfiguration;Lorg/jetbrains/kotlin/com/intellij/openapi/Disposable;Lorg/jetbrains/kotlin/utils/KotlinPaths;)Lorg/jetbrains/kotlin/cli/common/ExitCode;+9
j  org.jetbrains.kotlin.cli.common.CLICompiler.execImpl(Lorg/jetbrains/kotlin/cli/common/messages/MessageCollector;Lorg/jetbrains/kotlin/config/Services;Lorg/jetbrains/kotlin/cli/common/arguments/CommonCompilerArguments;)Lorg/jetbrains/kotlin/cli/common/ExitCode;+219
j  org.jetbrains.kotlin.cli.common.CLICompiler.execImpl(Lorg/jetbrains/kotlin/cli/common/messages/MessageCollector;Lorg/jetbrains/kotlin/config/Services;Lorg/jetbrains/kotlin/cli/common/arguments/CommonToolArguments;)Lorg/jetbrains/kotlin/cli/common/ExitCode;+7
j  org.jetbrains.kotlin.cli.common.CLITool.exec(Lorg/jetbrains/kotlin/cli/common/messages/MessageCollector;Lorg/jetbrains/kotlin/config/Services;Lorg/jetbrains/kotlin/cli/common/arguments/CommonToolArguments;)Lorg/jetbrains/kotlin/cli/common/ExitCode;+76
j  org.jetbrains.kotlin.cli.common.CLITool.exec(Ljava/io/PrintStream;Lorg/jetbrains/kotlin/config/Services;Lorg/jetbrains/kotlin/cli/common/messages/MessageRenderer;[Ljava/lang/String;)Lorg/jetbrains/kotlin/cli/common/ExitCode;+209
j  org.jetbrains.kotlin.cli.common.CLITool.exec(Ljava/io/PrintStream;Lorg/jetbrains/kotlin/cli/common/messages/MessageRenderer;[Ljava/lang/String;)Lorg/jetbrains/kotlin/cli/common/ExitCode;+25
j  org.jetbrains.kotlin.cli.common.CLITool$Companion.doMainNoExit(Lorg/jetbrains/kotlin/cli/common/CLITool;[Ljava/lang/String;Lorg/jetbrains/kotlin/cli/common/messages/MessageRenderer;)Lorg/jetbrains/kotlin/cli/common/ExitCode;+39
j  org.jetbrains.kotlin.cli.common.CLITool$Companion.doMainNoExit$default(Lorg/jetbrains/kotlin/cli/common/CLITool$Companion;Lorg/jetbrains/kotlin/cli/common/CLITool;[Ljava/lang/String;Lorg/jetbrains/kotlin/cli/common/messages/MessageRenderer;ILjava/lang/Object;)Lorg/jetbrains/kotlin/cli/common/ExitCode;+16
j  org.jetbrains.kotlin.cli.common.CLITool$Companion.doMain(Lorg/jetbrains/kotlin/cli/common/CLITool;[Ljava/lang/String;)V+57
j  org.jetbrains.kotlin.cli.jvm.K2JVMCompiler$Companion.main([Ljava/lang/String;)V+20
j  org.jetbrains.kotlin.cli.jvm.K2JVMCompiler.main([Ljava/lang/String;)V+4
v  ~StubRoutines::call_stub

---------------  P R O C E S S  ---------------

Threads class SMR info:
_java_thread_list=0x000001de9439bbb0, length=12, elements={
0x000001def94ae000, 0x000001de938ae000, 0x000001de938af800, 0x000001de938cc000,
0x000001de938ce800, 0x000001de938cf800, 0x000001de938d0800, 0x000001de938d4000,
0x000001de9424c000, 0x000001de943a6000, 0x000001de943a2800, 0x000001de943a0000
}

Java Threads: ( => current thread )
=>0x000001def94ae000 JavaThread "main" [_thread_in_vm, id=16124, stack(0x000000ab03000000,0x000000ab03100000)]
  0x000001de938ae000 JavaThread "Reference Handler" daemon [_thread_blocked, id=15204, stack(0x000000ab03700000,0x000000ab03800000)]
  0x000001de938af800 JavaThread "Finalizer" daemon [_thread_blocked, id=10896, stack(0x000000ab03800000,0x000000ab03900000)]
  0x000001de938cc000 JavaThread "Signal Dispatcher" daemon [_thread_blocked, id=9864, stack(0x000000ab03900000,0x000000ab03a00000)]
  0x000001de938ce800 JavaThread "Attach Listener" daemon [_thread_blocked, id=15364, stack(0x000000ab03a00000,0x000000ab03b00000)]
  0x000001de938cf800 JavaThread "Service Thread" daemon [_thread_blocked, id=14888, stack(0x000000ab03b00000,0x000000ab03c00000)]
  0x000001de938d0800 JavaThread "C2 CompilerThread0" daemon [_thread_blocked, id=4796, stack(0x000000ab03c00000,0x000000ab03d00000)]
  0x000001de938d4000 JavaThread "C1 CompilerThread0" daemon [_thread_blocked, id=16140, stack(0x000000ab03d00000,0x000000ab03e00000)]
  0x000001de9424c000 JavaThread "Sweeper thread" daemon [_thread_blocked, id=1788, stack(0x000000ab03e00000,0x000000ab03f00000)]
  0x000001de943a6000 JavaThread "Common-Cleaner" daemon [_thread_blocked, id=14540, stack(0x000000ab04000000,0x000000ab04100000)]
  0x000001de943a2800 JavaThread "C2 CompilerThread1" daemon [_thread_blocked, id=6440, stack(0x000000ab04100000,0x000000ab04200000)]
  0x000001de943a0000 JavaThread "C2 CompilerThread2" daemon [_thread_in_native, id=2944, stack(0x000000ab04200000,0x000000ab04300000)]

Other Threads:
  0x000001de938ac000 VMThread "VM Thread" [stack: 0x000000ab03600000,0x000000ab03700000] [id=9748]
  0x000001de9439f000 WatcherThread [stack: 0x000000ab03f00000,0x000000ab04000000] [id=1200]
  0x000001def94c6000 GCTaskThread "GC Thread#0" [stack: 0x000000ab03100000,0x000000ab03200000] [id=4056]
  0x000001de94a24800 GCTaskThread "GC Thread#1" [stack: 0x000000ab04300000,0x000000ab04400000] [id=12772]
  0x000001de94a2c800 GCTaskThread "GC Thread#2" [stack: 0x000000ab04400000,0x000000ab04500000] [id=15228]
  0x000001def94fc000 ConcurrentGCThread "G1 Main Marker" [stack: 0x000000ab03200000,0x000000ab03300000] [id=11068]
  0x000001def94fd000 ConcurrentGCThread "G1 Conc#0" [stack: 0x000000ab03300000,0x000000ab03400000] [id=9312]
  0x000001de94db0000 ConcurrentGCThread "G1 Conc#1" [stack: 0x000000ab04500000,0x000000ab04600000] [id=15408]
  0x000001def958e000 ConcurrentGCThread "G1 Refine#0" [stack: 0x000000ab03400000,0x000000ab03500000] [id=13388]
  0x000001de936f0800 ConcurrentGCThread "G1 Young RemSet Sampling" [stack: 0x000000ab03500000,0x000000ab03600000] [id=16172]

Threads with active compile tasks:
C2 CompilerThread2   1836 1972   !   4       jdk.internal.loader.BuiltinClassLoader::loadClassOrNull (143 bytes)

VM state:not at safepoint (normal execution)

VM Mutex/Monitor currently owned by a thread: None

Heap address: 0x0000000082400000, size: 2012 MB, Compressed Oops mode: 32-bit
Narrow klass base: 0x0000000000000000, Narrow klass shift: 3
Compressed class space size: 1073741824 Address: 0x0000000100000000

Heap:
 garbage-first heap   total 129024K, used 36843K [0x0000000082400000, 0x0000000100000000)
  region size 1024K, 31 young (31744K), 6 survivors (6144K)
 Metaspace       used 28754K, capacity 29215K, committed 29232K, reserved 1075200K
  class space    used 3268K, capacity 3439K, committed 3456K, reserved 1048576K
Heap Regions: E=young(eden), S=young(survivor), O=old, HS=humongous(starts), HC=humongous(continues), CS=collection set, F=free, A=archive, TAMS=top-at-mark-start (previous, next)
|   0|0x0000000082400000, 0x0000000082500000, 0x0000000082500000|100%|HS|  |TAMS 0x0000000082500000, 0x0000000082400000| Complete 
|   1|0x0000000082500000, 0x0000000082600000, 0x0000000082600000|100%|HC|  |TAMS 0x0000000082600000, 0x0000000082500000| Complete 
|   2|0x0000000082600000, 0x0000000082700000, 0x0000000082700000|100%|HC|  |TAMS 0x0000000082700000, 0x0000000082600000| Complete 
|   3|0x0000000082700000, 0x0000000082800000, 0x0000000082800000|100%|HS|  |TAMS 0x0000000082700000, 0x0000000082700000| Complete 
|   4|0x0000000082800000, 0x0000000082900000, 0x0000000082900000|100%|HC|  |TAMS 0x0000000082800000, 0x0000000082800000| Complete 
|   5|0x0000000082900000, 0x0000000082a00000, 0x0000000082a00000|100%|HC|  |TAMS 0x0000000082900000, 0x0000000082900000| Complete 
|   6|0x0000000082a00000, 0x0000000082a00000, 0x0000000082b00000|  0%| F|  |TAMS 0x0000000082a00000, 0x0000000082a00000| Untracked 
|   7|0x0000000082b00000, 0x0000000082b00000, 0x0000000082c00000|  0%| F|  |TAMS 0x0000000082b00000, 0x0000000082b00000| Untracked 
|   8|0x0000000082c00000, 0x0000000082c00000, 0x0000000082d00000|  0%| F|  |TAMS 0x0000000082c00000, 0x0000000082c00000| Untracked 
|   9|0x0000000082d00000, 0x0000000082d00000, 0x0000000082e00000|  0%| F|  |TAMS 0x0000000082d00000, 0x0000000082d00000| Untracked 
|  10|0x0000000082e00000, 0x0000000082e00000, 0x0000000082f00000|  0%| F|  |TAMS 0x0000000082e00000, 0x0000000082e00000| Untracked 
|  11|0x0000000082f00000, 0x0000000082f00000, 0x0000000083000000|  0%| F|  |TAMS 0x0000000082f00000, 0x0000000082f00000| Untracked 
|  12|0x0000000083000000, 0x0000000083000000, 0x0000000083100000|  0%| F|  |TAMS 0x0000000083000000, 0x0000000083000000| Untracked 
|  13|0x0000000083100000, 0x0000000083100000, 0x0000000083200000|  0%| F|  |TAMS 0x0000000083100000, 0x0000000083100000| Untracked 
|  14|0x0000000083200000, 0x0000000083200000, 0x0000000083300000|  0%| F|  |TAMS 0x0000000083200000, 0x0000000083200000| Untracked 
|  15|0x0000000083300000, 0x0000000083300000, 0x0000000083400000|  0%| F|  |TAMS 0x0000000083300000, 0x0000000083300000| Untracked 
|  16|0x0000000083400000, 0x0000000083400000, 0x0000000083500000|  0%| F|  |TAMS 0x0000000083400000, 0x0000000083400000| Untracked 
|  17|0x0000000083500000, 0x0000000083500000, 0x0000000083600000|  0%| F|  |TAMS 0x0000000083500000, 0x0000000083500000| Untracked 
|  18|0x0000000083600000, 0x0000000083600000, 0x0000000083700000|  0%| F|  |TAMS 0x0000000083600000, 0x0000000083600000| Untracked 
|  19|0x0000000083700000, 0x0000000083700000, 0x0000000083800000|  0%| F|  |TAMS 0x0000000083700000, 0x0000000083700000| Untracked 
|  20|0x0000000083800000, 0x0000000083800000, 0x0000000083900000|  0%| F|  |TAMS 0x0000000083800000, 0x0000000083800000| Untracked 
|  21|0x0000000083900000, 0x0000000083900000, 0x0000000083a00000|  0%| F|  |TAMS 0x0000000083900000, 0x0000000083900000| Untracked 
|  22|0x0000000083a00000, 0x0000000083a00000, 0x0000000083b00000|  0%| F|  |TAMS 0x0000000083a00000, 0x0000000083a00000| Untracked 
|  23|0x0000000083b00000, 0x0000000083b00000, 0x0000000083c00000|  0%| F|  |TAMS 0x0000000083b00000, 0x0000000083b00000| Untracked 
|  24|0x0000000083c00000, 0x0000000083c00000, 0x0000000083d00000|  0%| F|  |TAMS 0x0000000083c00000, 0x0000000083c00000| Untracked 
|  25|0x0000000083d00000, 0x0000000083d00000, 0x0000000083e00000|  0%| F|  |TAMS 0x0000000083d00000, 0x0000000083d00000| Untracked 
|  26|0x0000000083e00000, 0x0000000083e00000, 0x0000000083f00000|  0%| F|  |TAMS 0x0000000083e00000, 0x0000000083e00000| Untracked 
|  27|0x0000000083f00000, 0x0000000083f00000, 0x0000000084000000|  0%| F|  |TAMS 0x0000000083f00000, 0x0000000083f00000| Untracked 
|  28|0x0000000084000000, 0x0000000084000000, 0x0000000084100000|  0%| F|  |TAMS 0x0000000084000000, 0x0000000084000000| Untracked 
|  29|0x0000000084100000, 0x0000000084100000, 0x0000000084200000|  0%| F|  |TAMS 0x0000000084100000, 0x0000000084100000| Untracked 
|  30|0x0000000084200000, 0x0000000084200000, 0x0000000084300000|  0%| F|  |TAMS 0x0000000084200000, 0x0000000084200000| Untracked 
|  31|0x0000000084300000, 0x0000000084300000, 0x0000000084400000|  0%| F|  |TAMS 0x0000000084300000, 0x0000000084300000| Untracked 
|  32|0x0000000084400000, 0x0000000084400000, 0x0000000084500000|  0%| F|  |TAMS 0x0000000084400000, 0x0000000084400000| Untracked 
|  33|0x0000000084500000, 0x0000000084500000, 0x0000000084600000|  0%| F|  |TAMS 0x0000000084500000, 0x0000000084500000| Untracked 
|  34|0x0000000084600000, 0x0000000084600000, 0x0000000084700000|  0%| F|  |TAMS 0x0000000084600000, 0x0000000084600000| Untracked 
|  35|0x0000000084700000, 0x0000000084700000, 0x0000000084800000|  0%| F|  |TAMS 0x0000000084700000, 0x0000000084700000| Untracked 
|  36|0x0000000084800000, 0x0000000084800000, 0x0000000084900000|  0%| F|  |TAMS 0x0000000084800000, 0x0000000084800000| Untracked 
|  37|0x0000000084900000, 0x0000000084900000, 0x0000000084a00000|  0%| F|  |TAMS 0x0000000084900000, 0x0000000084900000| Untracked 
|  38|0x0000000084a00000, 0x0000000084a00000, 0x0000000084b00000|  0%| F|  |TAMS 0x0000000084a00000, 0x0000000084a00000| Untracked 
|  39|0x0000000084b00000, 0x0000000084b00000, 0x0000000084c00000|  0%| F|  |TAMS 0x0000000084b00000, 0x0000000084b00000| Untracked 
|  40|0x0000000084c00000, 0x0000000084c00000, 0x0000000084d00000|  0%| F|  |TAMS 0x0000000084c00000, 0x0000000084c00000| Untracked 
|  41|0x0000000084d00000, 0x0000000084d00000, 0x0000000084e00000|  0%| F|  |TAMS 0x0000000084d00000, 0x0000000084d00000| Untracked 
|  42|0x0000000084e00000, 0x0000000084e00000, 0x0000000084f00000|  0%| F|  |TAMS 0x0000000084e00000, 0x0000000084e00000| Untracked 
|  43|0x0000000084f00000, 0x0000000084f00000, 0x0000000085000000|  0%| F|  |TAMS 0x0000000084f00000, 0x0000000084f00000| Untracked 
|  44|0x0000000085000000, 0x0000000085000000, 0x0000000085100000|  0%| F|  |TAMS 0x0000000085000000, 0x0000000085000000| Untracked 
|  45|0x0000000085100000, 0x0000000085100000, 0x0000000085200000|  0%| F|  |TAMS 0x0000000085100000, 0x0000000085100000| Untracked 
|  46|0x0000000085200000, 0x0000000085200000, 0x0000000085300000|  0%| F|  |TAMS 0x0000000085200000, 0x0000000085200000| Untracked 
|  47|0x0000000085300000, 0x0000000085300000, 0x0000000085400000|  0%| F|  |TAMS 0x0000000085300000, 0x0000000085300000| Untracked 
|  48|0x0000000085400000, 0x0000000085400000, 0x0000000085500000|  0%| F|  |TAMS 0x0000000085400000, 0x0000000085400000| Untracked 
|  49|0x0000000085500000, 0x0000000085500000, 0x0000000085600000|  0%| F|  |TAMS 0x0000000085500000, 0x0000000085500000| Untracked 
|  50|0x0000000085600000, 0x0000000085600000, 0x0000000085700000|  0%| F|  |TAMS 0x0000000085600000, 0x0000000085600000| Untracked 
|  51|0x0000000085700000, 0x0000000085700000, 0x0000000085800000|  0%| F|  |TAMS 0x0000000085700000, 0x0000000085700000| Untracked 
|  52|0x0000000085800000, 0x0000000085800000, 0x0000000085900000|  0%| F|  |TAMS 0x0000000085800000, 0x0000000085800000| Untracked 
|  53|0x0000000085900000, 0x0000000085900000, 0x0000000085a00000|  0%| F|  |TAMS 0x0000000085900000, 0x0000000085900000| Untracked 
|  54|0x0000000085a00000, 0x0000000085a00000, 0x0000000085b00000|  0%| F|  |TAMS 0x0000000085a00000, 0x0000000085a00000| Untracked 
|  55|0x0000000085b00000, 0x0000000085b00000, 0x0000000085c00000|  0%| F|  |TAMS 0x0000000085b00000, 0x0000000085b00000| Untracked 
|  56|0x0000000085c00000, 0x0000000085c00000, 0x0000000085d00000|  0%| F|  |TAMS 0x0000000085c00000, 0x0000000085c00000| Untracked 
|  57|0x0000000085d00000, 0x0000000085d00000, 0x0000000085e00000|  0%| F|  |TAMS 0x0000000085d00000, 0x0000000085d00000| Untracked 
|  58|0x0000000085e00000, 0x0000000085e00000, 0x0000000085f00000|  0%| F|  |TAMS 0x0000000085e00000, 0x0000000085e00000| Untracked 
|  59|0x0000000085f00000, 0x0000000085f00000, 0x0000000086000000|  0%| F|  |TAMS 0x0000000085f00000, 0x0000000085f00000| Untracked 
|  60|0x0000000086000000, 0x0000000086000000, 0x0000000086100000|  0%| F|  |TAMS 0x0000000086000000, 0x0000000086000000| Untracked 
|  61|0x0000000086100000, 0x0000000086100000, 0x0000000086200000|  0%| F|  |TAMS 0x0000000086100000, 0x0000000086100000| Untracked 
|  62|0x0000000086200000, 0x0000000086200000, 0x0000000086300000|  0%| F|  |TAMS 0x0000000086200000, 0x0000000086200000| Untracked 
|  63|0x0000000086300000, 0x0000000086300000, 0x0000000086400000|  0%| F|  |TAMS 0x0000000086300000, 0x0000000086300000| Untracked 
|  64|0x0000000086400000, 0x0000000086400000, 0x0000000086500000|  0%| F|  |TAMS 0x0000000086400000, 0x0000000086400000| Untracked 
|  65|0x0000000086500000, 0x0000000086500000, 0x0000000086600000|  0%| F|  |TAMS 0x0000000086500000, 0x0000000086500000| Untracked 
|  66|0x0000000086600000, 0x0000000086600000, 0x0000000086700000|  0%| F|  |TAMS 0x0000000086600000, 0x0000000086600000| Untracked 
|  67|0x0000000086700000, 0x0000000086700000, 0x0000000086800000|  0%| F|  |TAMS 0x0000000086700000, 0x0000000086700000| Untracked 
|  68|0x0000000086800000, 0x0000000086800000, 0x0000000086900000|  0%| F|  |TAMS 0x0000000086800000, 0x0000000086800000| Untracked 
|  69|0x0000000086900000, 0x0000000086900000, 0x0000000086a00000|  0%| F|  |TAMS 0x0000000086900000, 0x0000000086900000| Untracked 
|  70|0x0000000086a00000, 0x0000000086a00000, 0x0000000086b00000|  0%| F|  |TAMS 0x0000000086a00000, 0x0000000086a00000| Untracked 
|  71|0x0000000086b00000, 0x0000000086b00000, 0x0000000086c00000|  0%| F|  |TAMS 0x0000000086b00000, 0x0000000086b00000| Untracked 
|  72|0x0000000086c00000, 0x0000000086c00000, 0x0000000086d00000|  0%| F|  |TAMS 0x0000000086c00000, 0x0000000086c00000| Untracked 
|  73|0x0000000086d00000, 0x0000000086d00000, 0x0000000086e00000|  0%| F|  |TAMS 0x0000000086d00000, 0x0000000086d00000| Untracked 
|  74|0x0000000086e00000, 0x0000000086e00000, 0x0000000086f00000|  0%| F|  |TAMS 0x0000000086e00000, 0x0000000086e00000| Untracked 
|  75|0x0000000086f00000, 0x0000000086f00000, 0x0000000087000000|  0%| F|  |TAMS 0x0000000086f00000, 0x0000000086f00000| Untracked 
|  76|0x0000000087000000, 0x0000000087000000, 0x0000000087100000|  0%| F|  |TAMS 0x0000000087000000, 0x0000000087000000| Untracked 
|  77|0x0000000087100000, 0x0000000087100000, 0x0000000087200000|  0%| F|  |TAMS 0x0000000087100000, 0x0000000087100000| Untracked 
|  78|0x0000000087200000, 0x0000000087200000, 0x0000000087300000|  0%| F|  |TAMS 0x0000000087200000, 0x0000000087200000| Untracked 
|  79|0x0000000087300000, 0x0000000087300000, 0x0000000087400000|  0%| F|  |TAMS 0x0000000087300000, 0x0000000087300000| Untracked 
|  80|0x0000000087400000, 0x0000000087400000, 0x0000000087500000|  0%| F|  |TAMS 0x0000000087400000, 0x0000000087400000| Untracked 
|  81|0x0000000087500000, 0x00000000875faff0, 0x0000000087600000| 98%| S|CS|TAMS 0x0000000087500000, 0x0000000087500000| Complete 
|  82|0x0000000087600000, 0x0000000087700000, 0x0000000087700000|100%| S|CS|TAMS 0x0000000087600000, 0x0000000087600000| Complete 
|  83|0x0000000087700000, 0x0000000087800000, 0x0000000087800000|100%| S|CS|TAMS 0x0000000087700000, 0x0000000087700000| Complete 
|  84|0x0000000087800000, 0x0000000087900000, 0x0000000087900000|100%| S|CS|TAMS 0x0000000087800000, 0x0000000087800000| Complete 
|  85|0x0000000087900000, 0x0000000087a00000, 0x0000000087a00000|100%| S|CS|TAMS 0x0000000087900000, 0x0000000087900000| Complete 
|  86|0x0000000087a00000, 0x0000000087b00000, 0x0000000087b00000|100%| S|CS|TAMS 0x0000000087a00000, 0x0000000087a00000| Complete 
|  87|0x0000000087b00000, 0x0000000087b00000, 0x0000000087c00000|  0%| F|  |TAMS 0x0000000087b00000, 0x0000000087b00000| Untracked 
|  88|0x0000000087c00000, 0x0000000087c00000, 0x0000000087d00000|  0%| F|  |TAMS 0x0000000087c00000, 0x0000000087c00000| Untracked 
|  89|0x0000000087d00000, 0x0000000087d00000, 0x0000000087e00000|  0%| F|  |TAMS 0x0000000087d00000, 0x0000000087d00000| Untracked 
|  90|0x0000000087e00000, 0x0000000087e00000, 0x0000000087f00000|  0%| F|  |TAMS 0x0000000087e00000, 0x0000000087e00000| Untracked 
|  91|0x0000000087f00000, 0x0000000087f00000, 0x0000000088000000|  0%| F|  |TAMS 0x0000000087f00000, 0x0000000087f00000| Untracked 
|  92|0x0000000088000000, 0x0000000088000000, 0x0000000088100000|  0%| F|  |TAMS 0x0000000088000000, 0x0000000088000000| Untracked 
|  93|0x0000000088100000, 0x0000000088100000, 0x0000000088200000|  0%| F|  |TAMS 0x0000000088100000, 0x0000000088100000| Untracked 
|  94|0x0000000088200000, 0x0000000088200000, 0x0000000088300000|  0%| F|  |TAMS 0x0000000088200000, 0x0000000088200000| Untracked 
|  95|0x0000000088300000, 0x0000000088300000, 0x0000000088400000|  0%| F|  |TAMS 0x0000000088300000, 0x0000000088300000| Untracked 
|  96|0x0000000088400000, 0x0000000088400000, 0x0000000088500000|  0%| F|  |TAMS 0x0000000088400000, 0x0000000088400000| Untracked 
|  97|0x0000000088500000, 0x0000000088500000, 0x0000000088600000|  0%| F|  |TAMS 0x0000000088500000, 0x0000000088500000| Untracked 
|  98|0x0000000088600000, 0x0000000088600000, 0x0000000088700000|  0%| F|  |TAMS 0x0000000088600000, 0x0000000088600000| Untracked 
|  99|0x0000000088700000, 0x0000000088700000, 0x0000000088800000|  0%| F|  |TAMS 0x0000000088700000, 0x0000000088700000| Untracked 
| 100|0x0000000088800000, 0x0000000088800000, 0x0000000088900000|  0%| F|  |TAMS 0x0000000088800000, 0x0000000088800000| Untracked 
| 101|0x0000000088900000, 0x0000000088981be0, 0x0000000088a00000| 50%| E|  |TAMS 0x0000000088900000, 0x0000000088900000| Complete 
| 102|0x0000000088a00000, 0x0000000088b00000, 0x0000000088b00000|100%| E|CS|TAMS 0x0000000088a00000, 0x0000000088a00000| Complete 
| 103|0x0000000088b00000, 0x0000000088c00000, 0x0000000088c00000|100%| E|CS|TAMS 0x0000000088b00000, 0x0000000088b00000| Complete 
| 104|0x0000000088c00000, 0x0000000088d00000, 0x0000000088d00000|100%| E|CS|TAMS 0x0000000088c00000, 0x0000000088c00000| Complete 
| 105|0x0000000088d00000, 0x0000000088e00000, 0x0000000088e00000|100%| E|CS|TAMS 0x0000000088d00000, 0x0000000088d00000| Complete 
| 106|0x0000000088e00000, 0x0000000088f00000, 0x0000000088f00000|100%| E|CS|TAMS 0x0000000088e00000, 0x0000000088e00000| Complete 
| 107|0x0000000088f00000, 0x0000000089000000, 0x0000000089000000|100%| E|CS|TAMS 0x0000000088f00000, 0x0000000088f00000| Complete 
| 108|0x0000000089000000, 0x0000000089100000, 0x0000000089100000|100%| E|CS|TAMS 0x0000000089000000, 0x0000000089000000| Complete 
| 109|0x0000000089100000, 0x0000000089200000, 0x0000000089200000|100%| E|CS|TAMS 0x0000000089100000, 0x0000000089100000| Complete 
| 110|0x0000000089200000, 0x0000000089300000, 0x0000000089300000|100%| E|CS|TAMS 0x0000000089200000, 0x0000000089200000| Complete 
| 111|0x0000000089300000, 0x0000000089400000, 0x0000000089400000|100%| E|CS|TAMS 0x0000000089300000, 0x0000000089300000| Complete 
| 112|0x0000000089400000, 0x0000000089500000, 0x0000000089500000|100%| E|CS|TAMS 0x0000000089400000, 0x0000000089400000| Complete 
| 113|0x0000000089500000, 0x0000000089600000, 0x0000000089600000|100%| E|CS|TAMS 0x0000000089500000, 0x0000000089500000| Complete 
| 114|0x0000000089600000, 0x0000000089700000, 0x0000000089700000|100%| E|CS|TAMS 0x0000000089600000, 0x0000000089600000| Complete 
| 115|0x0000000089700000, 0x0000000089800000, 0x0000000089800000|100%| E|CS|TAMS 0x0000000089700000, 0x0000000089700000| Complete 
| 116|0x0000000089800000, 0x0000000089900000, 0x0000000089900000|100%| E|CS|TAMS 0x0000000089800000, 0x0000000089800000| Complete 
| 117|0x0000000089900000, 0x0000000089a00000, 0x0000000089a00000|100%| E|CS|TAMS 0x0000000089900000, 0x0000000089900000| Complete 
| 118|0x0000000089a00000, 0x0000000089b00000, 0x0000000089b00000|100%| E|CS|TAMS 0x0000000089a00000, 0x0000000089a00000| Complete 
| 119|0x0000000089b00000, 0x0000000089c00000, 0x0000000089c00000|100%| E|CS|TAMS 0x0000000089b00000, 0x0000000089b00000| Complete 
| 120|0x0000000089c00000, 0x0000000089d00000, 0x0000000089d00000|100%| E|CS|TAMS 0x0000000089c00000, 0x0000000089c00000| Complete 
| 121|0x0000000089d00000, 0x0000000089e00000, 0x0000000089e00000|100%| E|CS|TAMS 0x0000000089d00000, 0x0000000089d00000| Complete 
| 122|0x0000000089e00000, 0x0000000089f00000, 0x0000000089f00000|100%| E|CS|TAMS 0x0000000089e00000, 0x0000000089e00000| Complete 
| 123|0x0000000089f00000, 0x000000008a000000, 0x000000008a000000|100%| E|CS|TAMS 0x0000000089f00000, 0x0000000089f00000| Complete 
| 124|0x000000008a000000, 0x000000008a100000, 0x000000008a100000|100%| E|CS|TAMS 0x000000008a000000, 0x000000008a000000| Complete 
| 125|0x000000008a100000, 0x000000008a200000, 0x000000008a200000|100%| E|CS|TAMS 0x000000008a100000, 0x000000008a100000| Complete 

Card table byte_map: [0x000001defd6e0000,0x000001defdad0000] _byte_map_base: 0x000001defd2ce000

Marking Bits (Prev, Next): (CMBitMap*) 0x000001def94f3270, (CMBitMap*) 0x000001def94f3238
 Prev Bits: [0x000001de8f000000, 0x000001de90f70000)
 Next Bits: [0x000001defdec0000, 0x000001deffe30000)

Polling page: 0x000001def7660000

Metaspace:

Usage:
  Non-class:     25.17 MB capacity,    24.89 MB ( 99%) used,   244.19 KB ( <1%) free+waste,    45.19 KB ( <1%) overhead. 
      Class:      3.36 MB capacity,     3.19 MB ( 95%) used,   149.04 KB (  4%) free+waste,    21.69 KB ( <1%) overhead. 
       Both:     28.53 MB capacity,    28.08 MB ( 98%) used,   393.23 KB (  1%) free+waste,    66.88 KB ( <1%) overhead. 

Virtual space:
  Non-class space:       26.00 MB reserved,      25.17 MB ( 97%) committed 
      Class space:        1.00 GB reserved,       3.38 MB ( <1%) committed 
             Both:        1.03 GB reserved,      28.55 MB (  3%) committed 

Chunk freelists:
   Non-Class:  0 bytes
       Class:  17.00 KB
        Both:  17.00 KB

MaxMetaspaceSize: 17179869184.00 GB
CompressedClassSpaceSize: 1.00 GB
Initial GC threshold: 20.80 MB
Current GC threshold: 35.08 MB
CDS: off

CodeHeap 'non-profiled nmethods': size=120000Kb used=702Kb max_used=702Kb free=119297Kb
 bounds [0x000001de87ad0000, 0x000001de87d40000, 0x000001de8f000000]
CodeHeap 'profiled nmethods': size=120000Kb used=3650Kb max_used=3650Kb free=116349Kb
 bounds [0x000001de805a0000, 0x000001de80940000, 0x000001de87ad0000]
CodeHeap 'non-nmethods': size=5760Kb used=1230Kb max_used=1244Kb free=4530Kb
 bounds [0x000001de80000000, 0x000001de80270000, 0x000001de805a0000]
 total_blobs=2520 nmethods=2016 adapters=417
 compilation: enabled
              stopped_count=0, restarted_count=0
 full_count=0

Compilation events (20 events):
Event: 1.665 Thread 0x000001de938d4000 2006       3       java.lang.invoke.MemberName::isField (7 bytes)
Event: 1.665 Thread 0x000001de938d4000 nmethod 2006 0x000001de8092a110 code [0x000001de8092a2c0, 0x000001de8092a4f8]
Event: 1.670 Thread 0x000001de938d4000 2007       1       java.lang.invoke.MethodHandleNatives::isPullModeBSM (2 bytes)
Event: 1.670 Thread 0x000001de938d4000 nmethod 2007 0x000001de87b7ea90 code [0x000001de87b7ec40, 0x000001de87b7ecd8]
Event: 1.670 Thread 0x000001de938d4000 2008       3       java.lang.invoke.AbstractValidatingLambdaMetafactory::isAdaptableTo (126 bytes)
Event: 1.671 Thread 0x000001de938d4000 nmethod 2008 0x000001de8092a610 code [0x000001de8092a8a0, 0x000001de8092b248]
Event: 1.671 Thread 0x000001de938d4000 2009       3       java.lang.invoke.ConstantCallSite::getTarget (20 bytes)
Event: 1.671 Thread 0x000001de938d4000 nmethod 2009 0x000001de8092b610 code [0x000001de8092b7e0, 0x000001de8092b9e8]
Event: 1.688 Thread 0x000001de938d4000 2012       3       jdk.internal.org.objectweb.asm.MethodWriter::visitLabel (321 bytes)
Event: 1.689 Thread 0x000001de938d4000 nmethod 2012 0x000001de8092bb10 code [0x000001de8092bd60, 0x000001de8092c9a8]
Event: 1.689 Thread 0x000001de938d4000 2011       3       jdk.internal.org.objectweb.asm.MethodWriter::noSuccessor (95 bytes)
Event: 1.689 Thread 0x000001de938d4000 nmethod 2011 0x000001de8092cc90 code [0x000001de8092cea0, 0x000001de8092d4a8]
Event: 1.693 Thread 0x000001de938d4000 2013       3       java.lang.reflect.Modifier::isVolatile (13 bytes)
Event: 1.693 Thread 0x000001de938d4000 nmethod 2013 0x000001de8092d690 code [0x000001de8092d840, 0x000001de8092d978]
Event: 1.694 Thread 0x000001de938d4000 2014       1       java.lang.reflect.Constructor::getConstructorAccessor (5 bytes)
Event: 1.694 Thread 0x000001de938d4000 nmethod 2014 0x000001de87b7f090 code [0x000001de87b7f240, 0x000001de87b7f2f8]
Event: 1.694 Thread 0x000001de938d4000 2016       3       sun.invoke.util.VerifyAccess::isMemberAccessible (313 bytes)
Event: 1.696 Thread 0x000001de938d4000 nmethod 2016 0x000001de8092da10 code [0x000001de8092dee0, 0x000001de80930088]
Event: 1.696 Thread 0x000001de938d4000 2015       1       jdk.internal.reflect.DelegatingConstructorAccessorImpl::setDelegate (6 bytes)
Event: 1.696 Thread 0x000001de938d4000 nmethod 2015 0x000001de87b7f390 code [0x000001de87b7f540, 0x000001de87b7f638]

GC Heap History (4 events):
Event: 0.637 GC heap before
{Heap before GC invocations=0 (full 0):
 garbage-first heap   total 129024K, used 27648K [0x0000000082400000, 0x0000000100000000)
  region size 1024K, 24 young (24576K), 0 survivors (0K)
 Metaspace       used 12373K, capacity 12504K, committed 12800K, reserved 1060864K
  class space    used 1168K, capacity 1207K, committed 1280K, reserved 1048576K
}
Event: 0.641 GC heap after
{Heap after GC invocations=1 (full 0):
 garbage-first heap   total 129024K, used 5948K [0x0000000082400000, 0x0000000100000000)
  region size 1024K, 3 young (3072K), 3 survivors (3072K)
 Metaspace       used 12373K, capacity 12504K, committed 12800K, reserved 1060864K
  class space    used 1168K, capacity 1207K, committed 1280K, reserved 1048576K
}
Event: 1.243 GC heap before
{Heap before GC invocations=1 (full 0):
 garbage-first heap   total 129024K, used 41788K [0x0000000082400000, 0x0000000100000000)
  region size 1024K, 39 young (39936K), 3 survivors (3072K)
 Metaspace       used 20887K, capacity 21087K, committed 21296K, reserved 1069056K
  class space    used 2223K, capacity 2312K, committed 2432K, reserved 1048576K
}
Event: 1.252 GC heap after
{Heap after GC invocations=2 (full 0):
 garbage-first heap   total 129024K, used 9195K [0x0000000082400000, 0x0000000100000000)
  region size 1024K, 6 young (6144K), 6 survivors (6144K)
 Metaspace       used 20887K, capacity 21087K, committed 21296K, reserved 1069056K
  class space    used 2223K, capacity 2312K, committed 2432K, reserved 1048576K
}

Deoptimization events (20 events):
Event: 1.445 Thread 0x000001def94ae000 Uncommon trap: trap_request=0xffffff4d fr.pc=0x000001de87b68eb4 relative=0x0000000000000094
Event: 1.445 Thread 0x000001def94ae000 Uncommon trap: reason=unstable_if action=reinterpret pc=0x000001de87b68eb4 method=jdk.internal.misc.Unsafe.getLongUnaligned(Ljava/lang/Object;J)J @ 7 c2
Event: 1.445 Thread 0x000001def94ae000 DEOPT PACKING pc=0x000001de87b68eb4 sp=0x000000ab030fd570
Event: 1.445 Thread 0x000001def94ae000 DEOPT UNPACKING pc=0x000001de8004a1af sp=0x000000ab030fd520 mode 2
Event: 1.460 Thread 0x000001def94ae000 Uncommon trap: trap_request=0xffffff6e fr.pc=0x000001de87b58d74 relative=0x0000000000001334
Event: 1.460 Thread 0x000001def94ae000 Uncommon trap: reason=speculate_class_check action=maybe_recompile pc=0x000001de87b58d74 method=java.util.zip.InflaterInputStream.read([BII)I @ 100 c2
Event: 1.460 Thread 0x000001def94ae000 DEOPT PACKING pc=0x000001de87b58d74 sp=0x000000ab030fe880
Event: 1.460 Thread 0x000001def94ae000 DEOPT UNPACKING pc=0x000001de8004a1af sp=0x000000ab030fe8e0 mode 2
Event: 1.520 Thread 0x000001def94ae000 Uncommon trap: trap_request=0xffffff4d fr.pc=0x000001de87b75ce8 relative=0x00000000000005a8
Event: 1.520 Thread 0x000001def94ae000 Uncommon trap: reason=unstable_if action=reinterpret pc=0x000001de87b75ce8 method=java.lang.Integer.getChars(II[B)I @ 25 c2
Event: 1.520 Thread 0x000001def94ae000 DEOPT PACKING pc=0x000001de87b75ce8 sp=0x000000ab030fe910
Event: 1.520 Thread 0x000001def94ae000 DEOPT UNPACKING pc=0x000001de8004a1af sp=0x000000ab030fe800 mode 2
Event: 1.541 Thread 0x000001def94ae000 Uncommon trap: trap_request=0xffffffcc fr.pc=0x000001de87b765f4 relative=0x00000000000001b4
Event: 1.541 Thread 0x000001def94ae000 Uncommon trap: reason=intrinsic_or_type_checked_inlining action=make_not_entrant pc=0x000001de87b765f4 method=java.util.Arrays.copyOf([Ljava/lang/Object;ILjava/lang/Class;)[Ljava/lang/Object; @ 35 c2
Event: 1.541 Thread 0x000001def94ae000 DEOPT PACKING pc=0x000001de87b765f4 sp=0x000000ab030fdbd0
Event: 1.541 Thread 0x000001def94ae000 DEOPT UNPACKING pc=0x000001de8004a1af sp=0x000000ab030fdb78 mode 2
Event: 1.605 Thread 0x000001def94ae000 Uncommon trap: trap_request=0xffffff4d fr.pc=0x000001de87b51dd8 relative=0x00000000000001b8
Event: 1.605 Thread 0x000001def94ae000 Uncommon trap: reason=unstable_if action=reinterpret pc=0x000001de87b51dd8 method=java.lang.String.startsWith(Ljava/lang/String;I)Z @ 1 c2
Event: 1.605 Thread 0x000001def94ae000 DEOPT PACKING pc=0x000001de87b51dd8 sp=0x000000ab030fe1f0
Event: 1.605 Thread 0x000001def94ae000 DEOPT UNPACKING pc=0x000001de8004a1af sp=0x000000ab030fe160 mode 2

Classes redefined (0 events):
No events

Internal exceptions (20 events):
Event: 1.223 Thread 0x000001def94ae000 Exception <a 'java/lang/NoSuchMethodError'{0x0000000087d0cb70}: 'long java.lang.invoke.DirectMethodHandle$Holder.invokeStatic(java.lang.Object)'> (0x0000000087d0cb70) thrown at [./src/hotspot/share/interpreter/linkResolver.cpp, line 773]
Event: 1.223 Thread 0x000001def94ae000 Exception <a 'java/lang/NoSuchMethodError'{0x0000000087d0f9c8}: 'long java.lang.invoke.DirectMethodHandle$Holder.invokeStaticInit(java.lang.Object)'> (0x0000000087d0f9c8) thrown at [./src/hotspot/share/interpreter/linkResolver.cpp, line 773]
Event: 1.276 Thread 0x000001def94ae000 Exception <a 'java/lang/NoSuchMethodError'{0x000000008a097118}: 'int java.lang.invoke.DirectMethodHandle$Holder.invokeStaticInit(java.lang.Object, java.lang.Object, java.lang.Object)'> (0x000000008a097118) thrown at [./src/hotspot/share/interpreter/linkResolver.cpp, line 773]
Event: 1.279 Thread 0x000001def94ae000 Exception <a 'java/lang/NoSuchMethodError'{0x000000008a0c28f8}: 'int java.lang.invoke.DirectMethodHandle$Holder.invokeStaticInit(java.lang.Object, java.lang.Object)'> (0x000000008a0c28f8) thrown at [./src/hotspot/share/interpreter/linkResolver.cpp, line 773]
Event: 1.315 Thread 0x000001def94ae000 Exception <a 'java/lang/NoSuchMethodError'{0x0000000089ed4078}: 'void java.lang.invoke.DirectMethodHandle$Holder.invokeSpecial(java.lang.Object, java.lang.Object)'> (0x0000000089ed4078) thrown at [./src/hotspot/share/interpreter/linkResolver.cpp, line 773]
Event: 1.474 Thread 0x000001def94ae000 Exception <a 'java/lang/NoSuchMethodError'{0x00000000896fe758}: 'java.lang.Object java.lang.invoke.DirectMethodHandle$Holder.invokeStatic(java.lang.Object, java.lang.Object, java.lang.Object, java.lang.Object, java.lang.Object, java.lang.Object, java.lang.Object, java.lang.Object, java.lang.Object, java.lang.Object, java.lang.Object, java.lang.Object, java.lang.Object, java.lang.Object, java.lang.Object)'> (0x00000000896fe758) thrown at [./src/hotspot/share/interpreter/linkResolver.cpp, line 773]
Event: 1.476 Thread 0x000001def94ae000 Exception <a 'java/lang/NoSuchMethodError'{0x000000008950cde8}: 'java.lang.Object java.lang.invoke.DirectMethodHandle$Holder.invokeStatic(java.lang.Object, java.lang.Object, java.lang.Object, java.lang.Object, java.lang.Object, java.lang.Object, java.lang.Object, java.lang.Object, java.lang.Object, java.lang.Object, java.lang.Object, java.lang.Object, java.lang.Object, java.lang.Object, java.lang.Object, java.lang.Object)'> (0x000000008950cde8) thrown at [./src/hotspot/share/interpreter/linkResolver.cpp, l
Event: 1.478 Thread 0x000001def94ae000 Exception <a 'java/lang/NoSuchMethodError'{0x000000008951ad00}: 'java.lang.Object java.lang.invoke.DirectMethodHandle$Holder.invokeSpecial(java.lang.Object, java.lang.Object, int, int, java.lang.Object, java.lang.Object, java.lang.Object)'> (0x000000008951ad00) thrown at [./src/hotspot/share/interpreter/linkResolver.cpp, line 773]
Event: 1.478 Thread 0x000001def94ae000 Exception <a 'java/lang/NoSuchMethodError'{0x000000008951e538}: 'java.lang.Object java.lang.invoke.DelegatingMethodHandle$Holder.reinvoke_L(java.lang.Object, int, int, java.lang.Object, java.lang.Object, java.lang.Object)'> (0x000000008951e538) thrown at [./src/hotspot/share/interpreter/linkResolver.cpp, line 773]
Event: 1.478 Thread 0x000001def94ae000 Exception <a 'java/lang/NoSuchMethodError'{0x00000000895228c0}: 'java.lang.Object java.lang.invoke.DirectMethodHandle$Holder.invokeStatic(java.lang.Object, java.lang.Object, java.lang.Object, java.lang.Object, int)'> (0x00000000895228c0) thrown at [./src/hotspot/share/interpreter/linkResolver.cpp, line 773]
Event: 1.519 Thread 0x000001def94ae000 Exception <a 'sun/nio/fs/WindowsException'{0x0000000089461910}> (0x0000000089461910) thrown at [./src/hotspot/share/prims/jni.cpp, line 615]
Event: 1.519 Thread 0x000001def94ae000 Exception <a 'sun/nio/fs/WindowsException'{0x0000000089462188}> (0x0000000089462188) thrown at [./src/hotspot/share/prims/jni.cpp, line 615]
Event: 1.519 Thread 0x000001def94ae000 Exception <a 'sun/nio/fs/WindowsException'{0x0000000089462a10}> (0x0000000089462a10) thrown at [./src/hotspot/share/prims/jni.cpp, line 615]
Event: 1.519 Thread 0x000001def94ae000 Exception <a 'sun/nio/fs/WindowsException'{0x0000000089463408}> (0x0000000089463408) thrown at [./src/hotspot/share/prims/jni.cpp, line 615]
Event: 1.519 Thread 0x000001def94ae000 Exception <a 'sun/nio/fs/WindowsException'{0x0000000089463d10}> (0x0000000089463d10) thrown at [./src/hotspot/share/prims/jni.cpp, line 615]
Event: 1.520 Thread 0x000001def94ae000 Exception <a 'sun/nio/fs/WindowsException'{0x0000000089464648}> (0x0000000089464648) thrown at [./src/hotspot/share/prims/jni.cpp, line 615]
Event: 1.521 Thread 0x000001def94ae000 Exception <a 'java/lang/NoSuchMethodError'{0x000000008946ae58}: 'void java.lang.invoke.DirectMethodHandle$Holder.invokeStatic(java.lang.Object, java.lang.Object, java.lang.Object, java.lang.Object)'> (0x000000008946ae58) thrown at [./src/hotspot/share/interpreter/linkResolver.cpp, line 773]
Event: 1.583 Thread 0x000001def94ae000 Exception <a 'java/lang/NoSuchMethodError'{0x0000000089048e50}: 'void java.lang.invoke.DirectMethodHandle$Holder.invokeStaticInit(java.lang.Object, java.lang.Object)'> (0x0000000089048e50) thrown at [./src/hotspot/share/interpreter/linkResolver.cpp, line 773]
Event: 1.661 Thread 0x000001def94ae000 Exception <a 'java/lang/NoSuchMethodError'{0x0000000088c68df8}: 'void java.lang.invoke.DirectMethodHandle$Holder.invokeVirtual(java.lang.Object, java.lang.Object)'> (0x0000000088c68df8) thrown at [./src/hotspot/share/interpreter/linkResolver.cpp, line 773]
Event: 1.671 Thread 0x000001def94ae000 Exception <a 'java/lang/NoSuchMethodError'{0x0000000088cdb460}: 'int java.lang.invoke.DirectMethodHandle$Holder.invokeVirtual(java.lang.Object, java.lang.Object)'> (0x0000000088cdb460) thrown at [./src/hotspot/share/interpreter/linkResolver.cpp, line 773]

Events (20 events):
Event: 1.736 loading class org/jetbrains/kotlin/psi/stubs/KotlinPlaceHolderStub
Event: 1.736 loading class org/jetbrains/kotlin/psi/stubs/KotlinPlaceHolderStub done
Event: 1.736 loading class org/jetbrains/kotlin/psi/KtClassInitializer
Event: 1.736 loading class org/jetbrains/kotlin/psi/KtClassInitializer done
Event: 1.737 loading class org/jetbrains/kotlin/psi/KtAnonymousInitializer
Event: 1.737 loading class org/jetbrains/kotlin/psi/KtAnonymousInitializer done
Event: 1.738 loading class org/jetbrains/kotlin/psi/KtSecondaryConstructor
Event: 1.738 loading class org/jetbrains/kotlin/psi/KtSecondaryConstructor done
Event: 1.738 loading class org/jetbrains/kotlin/psi/KtConstructor
Event: 1.738 loading class org/jetbrains/kotlin/psi/KtConstructor done
Event: 1.742 loading class org/jetbrains/kotlin/psi/KtPrimaryConstructor
Event: 1.742 loading class org/jetbrains/kotlin/psi/KtPrimaryConstructor done
Event: 1.743 loading class org/jetbrains/kotlin/psi/stubs/elements/KtParameterElementType
Event: 1.743 loading class org/jetbrains/kotlin/psi/stubs/elements/KtParameterElementType done
Event: 1.743 loading class org/jetbrains/kotlin/psi/stubs/KotlinParameterStub
Event: 1.743 loading class org/jetbrains/kotlin/psi/stubs/KotlinParameterStub done
Event: 1.744 loading class org/jetbrains/kotlin/psi/KtParameter
Event: 1.744 loading class org/jetbrains/kotlin/psi/KtParameter done
Event: 1.746 loading class org/jetbrains/kotlin/psi/KtParameterList
Event: 1.746 loading class org/jetbrains/kotlin/psi/KtParameterList done


Dynamic libraries:
0x00007ff69faa0000 - 0x00007ff69faaa000 	D:\and\jre\bin\java.exe
0x00007ff974030000 - 0x00007ff974228000 	C:\Windows\SYSTEM32\ntdll.dll
0x00007ff947960000 - 0x00007ff947977000 	C:\Program Files\Avast Software\Avast\aswhook.dll
0x00007ff972240000 - 0x00007ff9722fd000 	C:\Windows\System32\KERNEL32.DLL
0x00007ff971bc0000 - 0x00007ff971e8e000 	C:\Windows\System32\KERNELBASE.dll
0x00007ff971e90000 - 0x00007ff971f90000 	C:\Windows\System32\ucrtbase.dll
0x00007ff94b030000 - 0x00007ff94b049000 	D:\and\jre\bin\jli.dll
0x00007ff94ad00000 - 0x00007ff94ad17000 	D:\and\jre\bin\VCRUNTIME140.dll
0x00007ff973700000 - 0x00007ff9738a0000 	C:\Windows\System32\USER32.dll
0x00007ff971750000 - 0x00007ff971772000 	C:\Windows\System32\win32u.dll
0x00007ff95ee50000 - 0x00007ff95f0ea000 	C:\Windows\WinSxS\amd64_microsoft.windows.common-controls_6595b64144ccf1df_6.0.19041.1110_none_60b5254171f9507e\COMCTL32.dll
0x00007ff9724d0000 - 0x00007ff9724fa000 	C:\Windows\System32\GDI32.dll
0x00007ff9738c0000 - 0x00007ff97395e000 	C:\Windows\System32\msvcrt.dll
0x00007ff971a80000 - 0x00007ff971b8b000 	C:\Windows\System32\gdi32full.dll
0x00007ff971930000 - 0x00007ff9719cd000 	C:\Windows\System32\msvcp_win.dll
0x00007ff973dd0000 - 0x00007ff973e00000 	C:\Windows\System32\IMM32.DLL
0x00007ff946f40000 - 0x00007ff946fdd000 	D:\and\jre\bin\msvcp140.dll
0x00007ff9262c0000 - 0x00007ff926da5000 	D:\and\jre\bin\server\jvm.dll
0x00007ff972090000 - 0x00007ff97213e000 	C:\Windows\System32\ADVAPI32.dll
0x00007ff973e70000 - 0x00007ff973f0c000 	C:\Windows\System32\sechost.dll
0x00007ff972a60000 - 0x00007ff972b85000 	C:\Windows\System32\RPCRT4.dll
0x00007ff972230000 - 0x00007ff972238000 	C:\Windows\System32\PSAPI.DLL
0x00007ff95d480000 - 0x00007ff95d489000 	C:\Windows\SYSTEM32\WSOCK32.dll
0x00007ff969d70000 - 0x00007ff969d7a000 	C:\Windows\SYSTEM32\VERSION.dll
0x00007ff973690000 - 0x00007ff9736fb000 	C:\Windows\System32\WS2_32.dll
0x00007ff957fe0000 - 0x00007ff958007000 	C:\Windows\SYSTEM32\WINMM.dll
0x00007ff96ffd0000 - 0x00007ff96ffe2000 	C:\Windows\SYSTEM32\kernel.appcore.dll
0x00007ff95ea00000 - 0x00007ff95ea11000 	D:\and\jre\bin\verify.dll
0x00007ff96f530000 - 0x00007ff96f714000 	C:\Windows\SYSTEM32\DBGHELP.DLL
0x00007ff9667c0000 - 0x00007ff9667ec000 	C:\Windows\SYSTEM32\dbgcore.DLL
0x00007ff972000000 - 0x00007ff972082000 	C:\Windows\System32\bcryptPrimitives.dll
0x00007ff958390000 - 0x00007ff9583b9000 	D:\and\jre\bin\java.dll
0x00007ff96b990000 - 0x00007ff96b99b000 	D:\and\jre\bin\jimage.dll
0x00007ff95d4a0000 - 0x00007ff95d4b8000 	D:\and\jre\bin\zip.dll
0x00007ff972d90000 - 0x00007ff9734d3000 	C:\Windows\System32\SHELL32.dll
0x00007ff96f720000 - 0x00007ff96feb5000 	C:\Windows\SYSTEM32\windows.storage.dll
0x00007ff973960000 - 0x00007ff973cb4000 	C:\Windows\System32\combase.dll
0x00007ff9710e0000 - 0x00007ff971110000 	C:\Windows\SYSTEM32\Wldp.dll
0x00007ff973d20000 - 0x00007ff973dcd000 	C:\Windows\System32\SHCORE.dll
0x00007ff972500000 - 0x00007ff972555000 	C:\Windows\System32\shlwapi.dll
0x00007ff971690000 - 0x00007ff9716af000 	C:\Windows\SYSTEM32\profapi.dll
0x00007ff958c00000 - 0x00007ff958c1a000 	D:\and\jre\bin\net.dll
0x00007ff968900000 - 0x00007ff968a0a000 	C:\Windows\SYSTEM32\WINHTTP.dll
0x00007ff970e40000 - 0x00007ff970eaa000 	C:\Windows\system32\mswsock.dll
0x00007ff958370000 - 0x00007ff958384000 	D:\and\jre\bin\nio.dll

dbghelp: loaded successfully - version: 4.0.5 - missing functions: none
symbol engine: initialized successfully - sym options: 0x614 - pdb path: .;D:\and\jre\bin;C:\Windows\SYSTEM32;C:\Program Files\Avast Software\Avast;C:\Windows\WinSxS\amd64_microsoft.windows.common-controls_6595b64144ccf1df_6.0.19041.1110_none_60b5254171f9507e;D:\and\jre\bin\server

VM Arguments:
java_command: org.jetbrains.kotlin.cli.jvm.K2JVMCompiler @D:\Users\Admin\AndroidStudioProjects\SHIFT\app\build\20221002_17736033129622483273.compiler.options
java_class_path (initial): D:\Users\Admin\.gradle\caches\modules-2\files-2.1\org.jetbrains.kotlin\kotlin-compiler-embeddable\1.6.10\88f2073f4020cdb83132cfe940ceb9a60aba54ea\kotlin-compiler-embeddable-1.6.10.jar;D:\Users\Admin\.gradle\caches\modules-2\files-2.1\org.jetbrains.kotlin\kotlin-reflect\1.6.10\1cbe9c92c12a94eea200d23c2bbaedaf3daf5132\kotlin-reflect-1.6.10.jar;D:\Users\Admin\.gradle\caches\modules-2\files-2.1\org.jetbrains.kotlin\kotlin-stdlib\1.6.10\b8af3fe6f1ca88526914929add63cf5e7c5049af\kotlin-stdlib-1.6.10.jar;D:\Users\Admin\.gradle\caches\modules-2\files-2.1\org.jetbrains.kotlin\kotlin-script-runtime\1.6.10\d0a7ff2e2500ef497ed0214ae40ad3c8387a6164\kotlin-script-runtime-1.6.10.jar;D:\Users\Admin\.gradle\caches\modules-2\files-2.1\org.jetbrains.kotlin\kotlin-daemon-embeddable\1.6.10\a56d79bcbea411fa6058e4ecffc2de73e742bd2a\kotlin-daemon-embeddable-1.6.10.jar;D:\Users\Admin\.gradle\caches\modules-2\files-2.1\org.jetbrains.intellij.deps\trove4j\1.0.20181211\216c2e14b070f334479d800987affe4054cd563f\trove4j-1.0.20181211.jar;D:\Users\Admin\.gradle\caches\modules-2\files-2.1\net.java.dev.jna\jna\5.6.0\330f2244e9030119ab3030fc3fededc86713d9cc\jna-5.6.0.jar;D:\Users\Admin\.gradle\caches\modules-2\files-2.1\org.jetbrains\annotations\13.0\919f0dfe192fb4e063e7dacadee7f8bb9a2672a9\annotations-13.0.jar;D:\Users\Admin\.gradle\caches\modules-2\files-2.1\org.jetbrains.kotlin\kotlin-stdlib-common\1.6.10\c118700e3a33c8a0d9adc920e9dec0831171925\kotlin-stdlib-common-1.6.10.jar
Launcher Type: SUN_STANDARD

[Global flags]
     intx CICompilerCount                          = 4                                         {product} {ergonomic}
     uint ConcGCThreads                            = 2                                         {product} {ergonomic}
     uint G1ConcRefinementThreads                  = 8                                         {product} {ergonomic}
   size_t G1HeapRegionSize                         = 1048576                                   {product} {ergonomic}
    uintx GCDrainStackTargetSize                   = 64                                        {product} {ergonomic}
   size_t InitialHeapSize                          = 132120576                                 {product} {ergonomic}
   size_t MarkStackSize                            = 4194304                                   {product} {ergonomic}
   size_t MaxHeapSize                              = 2109734912                                {product} {ergonomic}
   size_t MaxNewSize                               = 1265631232                                {product} {ergonomic}
   size_t MinHeapDeltaBytes                        = 1048576                                   {product} {ergonomic}
    uintx NonNMethodCodeHeapSize                   = 5836300                                {pd product} {ergonomic}
    uintx NonProfiledCodeHeapSize                  = 122910970                              {pd product} {ergonomic}
    uintx ProfiledCodeHeapSize                     = 122910970                              {pd product} {ergonomic}
    uintx ReservedCodeCacheSize                    = 251658240                              {pd product} {ergonomic}
     bool SegmentedCodeCache                       = true                                      {product} {ergonomic}
     bool UseCompressedClassPointers               = true                                 {lp64_product} {ergonomic}
     bool UseCompressedOops                        = true                                 {lp64_product} {ergonomic}
     bool UseG1GC                                  = true                                      {product} {ergonomic}
     bool UseLargePagesIndividualAllocation        = false                                  {pd product} {ergonomic}

Logging:
Log output configuration:
 #0: stdout all=warning uptime,level,tags
 #1: stderr all=off uptime,level,tags

Environment Variables:
PATH=C:\Program Files\Common Files\Oracle\Java\javapath;C:\Program Files (x86)\Common Files\Intel\Shared Libraries\redist\intel64\compiler;C:\Windows\system32;C:\Windows;C:\Windows\System32\Wbem;C:\Windows\System32\WindowsPowerShell\v1.0\;C:\Windows\System32\OpenSSH\;C:\Program Files\dotnet\;D:\Users\Admin\AppData\Local\Microsoft\WindowsApps;;C:\Program Files\JetBrains\PyCharm Community Edition 2020.2.3\bin;;D:\Users\Admin\.dotnet\tools;D:\Users\Admin\AppData\Local\Programs\Microsoft VS Code\bin
USERNAME=Admin
OS=Windows_NT
PROCESSOR_IDENTIFIER=Intel64 Family 6 Model 142 Stepping 12, GenuineIntel



---------------  S Y S T E M  ---------------

OS: Windows 10 , 64 bit Build 19041 (10.0.19041.1889)
OS uptime: 0 days 9:05 hours

CPU:total 8 (initial active 8) (4 cores per cpu, 2 threads per core) family 6 model 142 stepping 12 microcode 0xf0, cmov, cx8, fxsr, mmx, sse, sse2, sse3, ssse3, sse4.1, sse4.2, popcnt, avx, avx2, aes, clmul, erms, 3dnowpref, lzcnt, ht, tsc, tscinvbit, bmi1, bmi2, adx, fma

Memory: 4k page, system-wide physical 8040M (617M free)
TotalPageFile size 8040M (AvailPageFile size 4M)
current process WorkingSet (physical memory assigned to process): 153M, peak: 153M
current process commit charge ("private bytes"): 267M, peak: 267M

vm_info: OpenJDK 64-Bit Server VM (11.0.12+7-b1504.28-7817840) for windows-amd64 JRE (11.0.12+7-b1504.28-7817840), built on Oct 13 2021 22:12:33 by "builder" with MS VC++ 14.0 (VS2015)

END.
