#
# There is insufficient memory for the Java Runtime Environment to continue.
# Native memory allocation (mmap) failed to map 31457280 bytes for Failed to commit area from 0x000000008a200000 to 0x000000008c000000 of length 31457280.
# Possible reasons:
#   The system is out of physical RAM or swap space
#   The process is running with CompressedOops enabled, and the Java Heap may be blocking the growth of the native heap
# Possible solutions:
#   Reduce memory load on the system
#   Increase physical memory or swap space
#   Check if swap backing store is full
#   Decrease Java heap size (-Xmx/-Xms)
#   Decrease number of Java threads
#   Decrease Java thread stack sizes (-Xss)
#   Set larger code cache with -XX:ReservedCodeCacheSize=
#   JVM is running with Unscaled Compressed Oops mode in which the Java heap is
#     placed in the first 4GB address space. The Java Heap base address is the
#     maximum limit for the native heap growth. Please use -XX:HeapBaseMinAddress
#     to set the Java Heap base and to place the Java Heap above 4GB virtual address.
# This output file may be truncated or incomplete.
#
#  Out of Memory Error (./src/hotspot/os/windows/os_windows.cpp:3521), pid=624, tid=5072
#
# JRE version: OpenJDK Runtime Environment (11.0.12+7) (build 11.0.12+7-b1504.28-7817840)
# Java VM: OpenJDK 64-Bit Server VM (11.0.12+7-b1504.28-7817840, mixed mode, tiered, compressed oops, g1 gc, windows-amd64)
# No core dump will be written. Minidumps are not enabled by default on client versions of Windows
#

---------------  S U M M A R Y ------------

Command Line: org.jetbrains.kotlin.cli.jvm.K2JVMCompiler @D:\Users\Admin\AndroidStudioProjects\SHIFT\app\build\20221002_4905868665590283783.compiler.options

Host: Intel(R) Core(TM) i5-10210U CPU @ 1.60GHz, 8 cores, 7G,  Windows 10 , 64 bit Build 19041 (10.0.19041.1889)
Time: Sun Oct  2 05:20:26 2022 Новосибирское стандартное время elapsed time: 3.185233 seconds (0d 0h 0m 3s)

---------------  T H R E A D  ---------------

Current thread (0x000002624dd71800):  VMThread "VM Thread" [stack: 0x000000de76700000,0x000000de76800000] [id=5072]

Stack: [0x000000de76700000,0x000000de76800000]
[error occurred during error reporting (printing stack bounds), id 0xc0000005, EXCEPTION_ACCESS_VIOLATION (0xc0000005) at pc=0x000002623754112d]

Native frames: (J=compiled Java code, j=interpreted, Vv=VM code, C=native code)
V  [jvm.dll+0x5fbcea]
V  [jvm.dll+0x731905]
V  [jvm.dll+0x732f1d]
V  [jvm.dll+0x733535]
V  [jvm.dll+0x7334eb]
V  [jvm.dll+0x5fb080]
V  [jvm.dll+0x5fb818]
C  [ntdll.dll+0xa235f]
C  [ntdll.dll+0x514a4]
C  [ntdll.dll+0xa0e8e]
C  0x000002623754112d

VM_Operation (0x000000de761f9af0): G1CollectForAllocation, mode: safepoint, requested by thread 0x0000026233a2e000


---------------  P R O C E S S  ---------------

Threads class SMR info:
_java_thread_list=0x00000262500354c0, length=12, elements={
0x0000026233a2e000, 0x000002624dd73000, 0x000002624dd7c800, 0x000002624e60a000,
0x000002624e60c000, 0x000002624e60d000, 0x000002624e612800, 0x000002624dd8b800,
0x000002624dd91800, 0x000002624e76c800, 0x000002624e764000, 0x000002625237e000
}

Java Threads: ( => current thread )
  0x0000026233a2e000 JavaThread "main" [_thread_blocked, id=6948, stack(0x000000de76100000,0x000000de76200000)]
  0x000002624dd73000 JavaThread "Reference Handler" daemon [_thread_blocked, id=14208, stack(0x000000de76800000,0x000000de76900000)]
  0x000002624dd7c800 JavaThread "Finalizer" daemon [_thread_blocked, id=12824, stack(0x000000de76900000,0x000000de76a00000)]
  0x000002624e60a000 JavaThread "Signal Dispatcher" daemon [_thread_blocked, id=15156, stack(0x000000de76a00000,0x000000de76b00000)]
  0x000002624e60c000 JavaThread "Attach Listener" daemon [_thread_blocked, id=14660, stack(0x000000de76b00000,0x000000de76c00000)]
  0x000002624e60d000 JavaThread "Service Thread" daemon [_thread_blocked, id=11588, stack(0x000000de76c00000,0x000000de76d00000)]
  0x000002624e612800 JavaThread "C2 CompilerThread0" daemon [_thread_in_native, id=4892, stack(0x000000de76d00000,0x000000de76e00000)]
  0x000002624dd8b800 JavaThread "C1 CompilerThread0" daemon [_thread_blocked, id=15668, stack(0x000000de76e00000,0x000000de76f00000)]
  0x000002624dd91800 JavaThread "Sweeper thread" daemon [_thread_blocked, id=4992, stack(0x000000de76f00000,0x000000de77000000)]
  0x000002624e76c800 JavaThread "Common-Cleaner" daemon [_thread_blocked, id=4084, stack(0x000000de77100000,0x000000de77200000)]
  0x000002624e764000 JavaThread "C2 CompilerThread1" daemon [_thread_blocked, id=3008, stack(0x000000de77200000,0x000000de77300000)]
  0x000002625237e000 JavaThread "C2 CompilerThread2" daemon [_thread_blocked, id=12652, stack(0x000000de77300000,0x000000de77400000)]

Other Threads:
=>0x000002624dd71800 VMThread "VM Thread" [stack: 0x000000de76700000,0x000000de76800000] [id=5072]
  0x000002624e763000 WatcherThread [stack: 0x000000de77000000,0x000000de77100000] [id=16144]
  0x0000026233a45800 GCTaskThread "GC Thread#0" [stack: 0x000000de76200000,0x000000de76300000] [id=15436]
  0x000002624eed7000 GCTaskThread "GC Thread#1" [stack: 0x000000de77400000,0x000000de77500000] [id=12500]
  0x000002624eed8000 GCTaskThread "GC Thread#2" [stack: 0x000000de77500000,0x000000de77600000] [id=11640]
  0x0000026233a7a000 ConcurrentGCThread "G1 Main Marker" [stack: 0x000000de76300000,0x000000de76400000] [id=10836]
  0x0000026233a7b800 ConcurrentGCThread "G1 Conc#0" [stack: 0x000000de76400000,0x000000de76500000] [id=16092]
  0x000002624efac800 ConcurrentGCThread "G1 Conc#1" [stack: 0x000000de77600000,0x000000de77700000] [id=11988]
  0x000002624dbd4800 ConcurrentGCThread "G1 Refine#0" [stack: 0x000000de76500000,0x000000de76600000] [id=8008]
  0x000002624f1fe000 ConcurrentGCThread "G1 Refine#1" [stack: 0x000000de77700000,0x000000de77800000] [id=14264]
  0x000002624dbd5800 ConcurrentGCThread "G1 Young RemSet Sampling" [stack: 0x000000de76600000,0x000000de76700000] [id=14872]

Threads with active compile tasks:
C2 CompilerThread0   3196 2829       4       java.lang.ClassLoader::loadClass (7 bytes)
C1 CompilerThread0   3196 2990       3       org.jetbrains.org.objectweb.asm.ClassReader::readMethod (1061 bytes)
C2 CompilerThread1   3196 2882   !   4       jdk.internal.loader.BuiltinClassLoader::findClassOnClassPathOrNull (64 bytes)
C2 CompilerThread2   3196 2884       4       jdk.internal.loader.ClassLoaders$AppClassLoader::loadClass (40 bytes)

VM state:at safepoint (normal execution)

VM Mutex/Monitor currently owned by a thread:  ([mutex/lock_event])
[0x0000026233a2ba30] Threads_lock - owner thread: 0x000002624dd71800
[0x0000026233a2ab00] Heap_lock - owner thread: 0x0000026233a2e000

Heap address: 0x0000000082400000, size: 2012 MB, Compressed Oops mode: 32-bit
Narrow klass base: 0x0000000000000000, Narrow klass shift: 3
Compressed class space size: 1073741824 Address: 0x0000000100000000

Heap:
 garbage-first heap   total 159744K, used 23882K [0x0000000082400000, 0x0000000100000000)
  region size 1024K, 6 young (6144K), 6 survivors (6144K)
 Metaspace       used 45272K, capacity 45821K, committed 46032K, reserved 1089536K
  class space    used 5433K, capacity 5645K, committed 5760K, reserved 1048576K
Heap Regions: E=young(eden), S=young(survivor), O=old, HS=humongous(starts), HC=humongous(continues), CS=collection set, F=free, A=archive, TAMS=top-at-mark-start (previous, next)
|   0|0x0000000082400000, 0x0000000082500000, 0x0000000082500000|100%|HS|  |TAMS 0x0000000082500000, 0x0000000082400000| Complete 
|   1|0x0000000082500000, 0x0000000082600000, 0x0000000082600000|100%|HC|  |TAMS 0x0000000082600000, 0x0000000082500000| Complete 
|   2|0x0000000082600000, 0x0000000082700000, 0x0000000082700000|100%|HC|  |TAMS 0x0000000082700000, 0x0000000082600000| Complete 
|   3|0x0000000082700000, 0x0000000082800000, 0x0000000082800000|100%|HS|  |TAMS 0x0000000082800000, 0x0000000082700000| Complete 
|   4|0x0000000082800000, 0x0000000082900000, 0x0000000082900000|100%|HC|  |TAMS 0x0000000082900000, 0x0000000082800000| Complete 
|   5|0x0000000082900000, 0x0000000082a00000, 0x0000000082a00000|100%|HC|  |TAMS 0x0000000082a00000, 0x0000000082900000| Complete 
|   6|0x0000000082a00000, 0x0000000082a00000, 0x0000000082b00000|  0%| F|  |TAMS 0x0000000082a00000, 0x0000000082a00000| Untracked 
|   7|0x0000000082b00000, 0x0000000082b00000, 0x0000000082c00000|  0%| F|  |TAMS 0x0000000082b00000, 0x0000000082b00000| Untracked 
|   8|0x0000000082c00000, 0x0000000082d00000, 0x0000000082d00000|100%| O|  |TAMS 0x0000000082d00000, 0x0000000082c00000| Untracked 
|   9|0x0000000082d00000, 0x0000000082e00000, 0x0000000082e00000|100%| O|  |TAMS 0x0000000082e00000, 0x0000000082d00000| Untracked 
|  10|0x0000000082e00000, 0x0000000082f00000, 0x0000000082f00000|100%| O|  |TAMS 0x0000000082f00000, 0x0000000082e00000| Untracked 
|  11|0x0000000082f00000, 0x0000000083000000, 0x0000000083000000|100%| O|  |TAMS 0x0000000083000000, 0x0000000082f00000| Untracked 
|  12|0x0000000083000000, 0x0000000083100000, 0x0000000083100000|100%| O|  |TAMS 0x0000000083100000, 0x0000000083000000| Untracked 
|  13|0x0000000083100000, 0x0000000083200000, 0x0000000083200000|100%| O|  |TAMS 0x0000000083200000, 0x0000000083100000| Untracked 
|  14|0x0000000083200000, 0x0000000083300000, 0x0000000083300000|100%| O|  |TAMS 0x0000000083300000, 0x0000000083200000| Untracked 
|  15|0x0000000083300000, 0x0000000083400000, 0x0000000083400000|100%| O|  |TAMS 0x0000000083400000, 0x0000000083300000| Untracked 
|  16|0x0000000083400000, 0x0000000083500000, 0x0000000083500000|100%| O|  |TAMS 0x0000000083500000, 0x0000000083400000| Untracked 
|  17|0x0000000083500000, 0x0000000083600000, 0x0000000083600000|100%| O|  |TAMS 0x0000000083600000, 0x0000000083500000| Untracked 
|  18|0x0000000083600000, 0x0000000083700000, 0x0000000083700000|100%| O|  |TAMS 0x0000000083700000, 0x0000000083600000| Untracked 
|  19|0x0000000083700000, 0x00000000837d2400, 0x0000000083800000| 82%| O|  |TAMS 0x00000000837d2400, 0x0000000083700000| Untracked 
|  20|0x0000000083800000, 0x0000000083800000, 0x0000000083900000|  0%| F|  |TAMS 0x0000000083800000, 0x0000000083800000| Untracked 
|  21|0x0000000083900000, 0x0000000083900000, 0x0000000083a00000|  0%| F|  |TAMS 0x0000000083900000, 0x0000000083900000| Untracked 
|  22|0x0000000083a00000, 0x0000000083a00000, 0x0000000083b00000|  0%| F|  |TAMS 0x0000000083a00000, 0x0000000083a00000| Untracked 
|  23|0x0000000083b00000, 0x0000000083b00000, 0x0000000083c00000|  0%| F|  |TAMS 0x0000000083b00000, 0x0000000083b00000| Untracked 
|  24|0x0000000083c00000, 0x0000000083c00000, 0x0000000083d00000|  0%| F|  |TAMS 0x0000000083c00000, 0x0000000083c00000| Untracked 
|  25|0x0000000083d00000, 0x0000000083d00000, 0x0000000083e00000|  0%| F|  |TAMS 0x0000000083d00000, 0x0000000083d00000| Untracked 
|  26|0x0000000083e00000, 0x0000000083e00000, 0x0000000083f00000|  0%| F|  |TAMS 0x0000000083e00000, 0x0000000083e00000| Untracked 
|  27|0x0000000083f00000, 0x0000000083f00000, 0x0000000084000000|  0%| F|  |TAMS 0x0000000083f00000, 0x0000000083f00000| Untracked 
|  28|0x0000000084000000, 0x0000000084000000, 0x0000000084100000|  0%| F|  |TAMS 0x0000000084000000, 0x0000000084000000| Untracked 
|  29|0x0000000084100000, 0x0000000084100000, 0x0000000084200000|  0%| F|  |TAMS 0x0000000084100000, 0x0000000084100000| Untracked 
|  30|0x0000000084200000, 0x0000000084200000, 0x0000000084300000|  0%| F|  |TAMS 0x0000000084200000, 0x0000000084200000| Untracked 
|  31|0x0000000084300000, 0x0000000084300000, 0x0000000084400000|  0%| F|  |TAMS 0x0000000084300000, 0x0000000084300000| Untracked 
|  32|0x0000000084400000, 0x0000000084400000, 0x0000000084500000|  0%| F|  |TAMS 0x0000000084400000, 0x0000000084400000| Untracked 
|  33|0x0000000084500000, 0x0000000084500000, 0x0000000084600000|  0%| F|  |TAMS 0x0000000084500000, 0x0000000084500000| Untracked 
|  34|0x0000000084600000, 0x0000000084600000, 0x0000000084700000|  0%| F|  |TAMS 0x0000000084600000, 0x0000000084600000| Untracked 
|  35|0x0000000084700000, 0x0000000084700000, 0x0000000084800000|  0%| F|  |TAMS 0x0000000084700000, 0x0000000084700000| Untracked 
|  36|0x0000000084800000, 0x0000000084800000, 0x0000000084900000|  0%| F|  |TAMS 0x0000000084800000, 0x0000000084800000| Untracked 
|  37|0x0000000084900000, 0x0000000084900000, 0x0000000084a00000|  0%| F|  |TAMS 0x0000000084900000, 0x0000000084900000| Untracked 
|  38|0x0000000084a00000, 0x0000000084a00000, 0x0000000084b00000|  0%| F|  |TAMS 0x0000000084a00000, 0x0000000084a00000| Untracked 
|  39|0x0000000084b00000, 0x0000000084b00000, 0x0000000084c00000|  0%| F|  |TAMS 0x0000000084b00000, 0x0000000084b00000| Untracked 
|  40|0x0000000084c00000, 0x0000000084c00000, 0x0000000084d00000|  0%| F|  |TAMS 0x0000000084c00000, 0x0000000084c00000| Untracked 
|  41|0x0000000084d00000, 0x0000000084d00000, 0x0000000084e00000|  0%| F|  |TAMS 0x0000000084d00000, 0x0000000084d00000| Untracked 
|  42|0x0000000084e00000, 0x0000000084e00000, 0x0000000084f00000|  0%| F|  |TAMS 0x0000000084e00000, 0x0000000084e00000| Untracked 
|  43|0x0000000084f00000, 0x0000000084f00000, 0x0000000085000000|  0%| F|  |TAMS 0x0000000084f00000, 0x0000000084f00000| Untracked 
|  44|0x0000000085000000, 0x0000000085000000, 0x0000000085100000|  0%| F|  |TAMS 0x0000000085000000, 0x0000000085000000| Untracked 
|  45|0x0000000085100000, 0x0000000085100000, 0x0000000085200000|  0%| F|  |TAMS 0x0000000085100000, 0x0000000085100000| Untracked 
|  46|0x0000000085200000, 0x0000000085200000, 0x0000000085300000|  0%| F|  |TAMS 0x0000000085200000, 0x0000000085200000| Untracked 
|  47|0x0000000085300000, 0x0000000085300000, 0x0000000085400000|  0%| F|  |TAMS 0x0000000085300000, 0x0000000085300000| Untracked 
|  48|0x0000000085400000, 0x0000000085400000, 0x0000000085500000|  0%| F|  |TAMS 0x0000000085400000, 0x0000000085400000| Untracked 
|  49|0x0000000085500000, 0x0000000085500000, 0x0000000085600000|  0%| F|  |TAMS 0x0000000085500000, 0x0000000085500000| Untracked 
|  50|0x0000000085600000, 0x0000000085600000, 0x0000000085700000|  0%| F|  |TAMS 0x0000000085600000, 0x0000000085600000| Untracked 
|  51|0x0000000085700000, 0x0000000085700000, 0x0000000085800000|  0%| F|  |TAMS 0x0000000085700000, 0x0000000085700000| Untracked 
|  52|0x0000000085800000, 0x0000000085800000, 0x0000000085900000|  0%| F|  |TAMS 0x0000000085800000, 0x0000000085800000| Untracked 
|  53|0x0000000085900000, 0x0000000085900000, 0x0000000085a00000|  0%| F|  |TAMS 0x0000000085900000, 0x0000000085900000| Untracked 
|  54|0x0000000085a00000, 0x0000000085a00000, 0x0000000085b00000|  0%| F|  |TAMS 0x0000000085a00000, 0x0000000085a00000| Untracked 
|  55|0x0000000085b00000, 0x0000000085b00000, 0x0000000085c00000|  0%| F|  |TAMS 0x0000000085b00000, 0x0000000085b00000| Untracked 
|  56|0x0000000085c00000, 0x0000000085c00000, 0x0000000085d00000|  0%| F|  |TAMS 0x0000000085c00000, 0x0000000085c00000| Untracked 
|  57|0x0000000085d00000, 0x0000000085d00000, 0x0000000085e00000|  0%| F|  |TAMS 0x0000000085d00000, 0x0000000085d00000| Untracked 
|  58|0x0000000085e00000, 0x0000000085e00000, 0x0000000085f00000|  0%| F|  |TAMS 0x0000000085e00000, 0x0000000085e00000| Untracked 
|  59|0x0000000085f00000, 0x0000000085f00000, 0x0000000086000000|  0%| F|  |TAMS 0x0000000085f00000, 0x0000000085f00000| Untracked 
|  60|0x0000000086000000, 0x0000000086000000, 0x0000000086100000|  0%| F|  |TAMS 0x0000000086000000, 0x0000000086000000| Untracked 
|  61|0x0000000086100000, 0x0000000086100000, 0x0000000086200000|  0%| F|  |TAMS 0x0000000086100000, 0x0000000086100000| Untracked 
|  62|0x0000000086200000, 0x0000000086200000, 0x0000000086300000|  0%| F|  |TAMS 0x0000000086200000, 0x0000000086200000| Untracked 
|  63|0x0000000086300000, 0x0000000086300000, 0x0000000086400000|  0%| F|  |TAMS 0x0000000086300000, 0x0000000086300000| Untracked 
|  64|0x0000000086400000, 0x0000000086400000, 0x0000000086500000|  0%| F|  |TAMS 0x0000000086400000, 0x0000000086400000| Untracked 
|  65|0x0000000086500000, 0x0000000086500000, 0x0000000086600000|  0%| F|  |TAMS 0x0000000086500000, 0x0000000086500000| Untracked 
|  66|0x0000000086600000, 0x0000000086600000, 0x0000000086700000|  0%| F|  |TAMS 0x0000000086600000, 0x0000000086600000| Untracked 
|  67|0x0000000086700000, 0x0000000086700000, 0x0000000086800000|  0%| F|  |TAMS 0x0000000086700000, 0x0000000086700000| Untracked 
|  68|0x0000000086800000, 0x0000000086800000, 0x0000000086900000|  0%| F|  |TAMS 0x0000000086800000, 0x0000000086800000| Untracked 
|  69|0x0000000086900000, 0x0000000086900000, 0x0000000086a00000|  0%| F|  |TAMS 0x0000000086900000, 0x0000000086900000| Untracked 
|  70|0x0000000086a00000, 0x0000000086a00000, 0x0000000086b00000|  0%| F|  |TAMS 0x0000000086a00000, 0x0000000086a00000| Untracked 
|  71|0x0000000086b00000, 0x0000000086b00000, 0x0000000086c00000|  0%| F|  |TAMS 0x0000000086b00000, 0x0000000086b00000| Untracked 
|  72|0x0000000086c00000, 0x0000000086c00000, 0x0000000086d00000|  0%| F|  |TAMS 0x0000000086c00000, 0x0000000086c00000| Untracked 
|  73|0x0000000086d00000, 0x0000000086d80778, 0x0000000086e00000| 50%| S|CS|TAMS 0x0000000086d00000, 0x0000000086d00000| Complete 
|  74|0x0000000086e00000, 0x0000000086f00000, 0x0000000086f00000|100%| S|CS|TAMS 0x0000000086e00000, 0x0000000086e00000| Complete 
|  75|0x0000000086f00000, 0x0000000087000000, 0x0000000087000000|100%| S|CS|TAMS 0x0000000086f00000, 0x0000000086f00000| Complete 
|  76|0x0000000087000000, 0x0000000087100000, 0x0000000087100000|100%| S|CS|TAMS 0x0000000087000000, 0x0000000087000000| Complete 
|  77|0x0000000087100000, 0x0000000087200000, 0x0000000087200000|100%| S|CS|TAMS 0x0000000087100000, 0x0000000087100000| Complete 
|  78|0x0000000087200000, 0x0000000087300000, 0x0000000087300000|100%| S|CS|TAMS 0x0000000087200000, 0x0000000087200000| Complete 
|  79|0x0000000087300000, 0x0000000087300000, 0x0000000087400000|  0%| F|  |TAMS 0x0000000087300000, 0x0000000087300000| Untracked 
|  80|0x0000000087400000, 0x0000000087400000, 0x0000000087500000|  0%| F|  |TAMS 0x0000000087400000, 0x0000000087400000| Untracked 
|  81|0x0000000087500000, 0x0000000087500000, 0x0000000087600000|  0%| F|  |TAMS 0x0000000087500000, 0x0000000087500000| Untracked 
|  82|0x0000000087600000, 0x0000000087600000, 0x0000000087700000|  0%| F|  |TAMS 0x0000000087600000, 0x0000000087600000| Untracked 
|  83|0x0000000087700000, 0x0000000087700000, 0x0000000087800000|  0%| F|  |TAMS 0x0000000087700000, 0x0000000087700000| Untracked 
|  84|0x0000000087800000, 0x0000000087800000, 0x0000000087900000|  0%| F|  |TAMS 0x0000000087800000, 0x0000000087800000| Untracked 
|  85|0x0000000087900000, 0x0000000087900000, 0x0000000087a00000|  0%| F|  |TAMS 0x0000000087900000, 0x0000000087900000| Untracked 
|  86|0x0000000087a00000, 0x0000000087a00000, 0x0000000087b00000|  0%| F|  |TAMS 0x0000000087a00000, 0x0000000087a00000| Untracked 
|  87|0x0000000087b00000, 0x0000000087b00000, 0x0000000087c00000|  0%| F|  |TAMS 0x0000000087b00000, 0x0000000087b00000| Untracked 
|  88|0x0000000087c00000, 0x0000000087c00000, 0x0000000087d00000|  0%| F|  |TAMS 0x0000000087c00000, 0x0000000087c00000| Untracked 
|  89|0x0000000087d00000, 0x0000000087d00000, 0x0000000087e00000|  0%| F|  |TAMS 0x0000000087d00000, 0x0000000087d00000| Untracked 
|  90|0x0000000087e00000, 0x0000000087e00000, 0x0000000087f00000|  0%| F|  |TAMS 0x0000000087e00000, 0x0000000087e00000| Untracked 
|  91|0x0000000087f00000, 0x0000000087f00000, 0x0000000088000000|  0%| F|  |TAMS 0x0000000087f00000, 0x0000000087f00000| Untracked 
|  92|0x0000000088000000, 0x0000000088000000, 0x0000000088100000|  0%| F|  |TAMS 0x0000000088000000, 0x0000000088000000| Untracked 
|  93|0x0000000088100000, 0x0000000088100000, 0x0000000088200000|  0%| F|  |TAMS 0x0000000088100000, 0x0000000088100000| Untracked 
|  94|0x0000000088200000, 0x0000000088200000, 0x0000000088300000|  0%| F|  |TAMS 0x0000000088200000, 0x0000000088200000| Untracked 
|  95|0x0000000088300000, 0x0000000088300000, 0x0000000088400000|  0%| F|  |TAMS 0x0000000088300000, 0x0000000088300000| Untracked 
|  96|0x0000000088400000, 0x0000000088400000, 0x0000000088500000|  0%| F|  |TAMS 0x0000000088400000, 0x0000000088400000| Untracked 
|  97|0x0000000088500000, 0x0000000088500000, 0x0000000088600000|  0%| F|  |TAMS 0x0000000088500000, 0x0000000088500000| Untracked 
|  98|0x0000000088600000, 0x0000000088600000, 0x0000000088700000|  0%| F|  |TAMS 0x0000000088600000, 0x0000000088600000| Untracked 
|  99|0x0000000088700000, 0x0000000088700000, 0x0000000088800000|  0%| F|  |TAMS 0x0000000088700000, 0x0000000088700000| Untracked 
| 100|0x0000000088800000, 0x0000000088800000, 0x0000000088900000|  0%| F|  |TAMS 0x0000000088800000, 0x0000000088800000| Untracked 
| 101|0x0000000088900000, 0x0000000088900000, 0x0000000088a00000|  0%| F|  |TAMS 0x0000000088900000, 0x0000000088900000| Untracked 
| 102|0x0000000088a00000, 0x0000000088a00000, 0x0000000088b00000|  0%| F|  |TAMS 0x0000000088a00000, 0x0000000088a00000| Untracked 
| 103|0x0000000088b00000, 0x0000000088b00000, 0x0000000088c00000|  0%| F|  |TAMS 0x0000000088b00000, 0x0000000088b00000| Untracked 
| 104|0x0000000088c00000, 0x0000000088c00000, 0x0000000088d00000|  0%| F|  |TAMS 0x0000000088c00000, 0x0000000088c00000| Untracked 
| 105|0x0000000088d00000, 0x0000000088d00000, 0x0000000088e00000|  0%| F|  |TAMS 0x0000000088d00000, 0x0000000088d00000| Untracked 
| 106|0x0000000088e00000, 0x0000000088e00000, 0x0000000088f00000|  0%| F|  |TAMS 0x0000000088e00000, 0x0000000088e00000| Untracked 
| 107|0x0000000088f00000, 0x0000000088f00000, 0x0000000089000000|  0%| F|  |TAMS 0x0000000088f00000, 0x0000000088f00000| Untracked 
| 108|0x0000000089000000, 0x0000000089000000, 0x0000000089100000|  0%| F|  |TAMS 0x0000000089000000, 0x0000000089000000| Untracked 
| 109|0x0000000089100000, 0x0000000089100000, 0x0000000089200000|  0%| F|  |TAMS 0x0000000089100000, 0x0000000089100000| Untracked 
| 110|0x0000000089200000, 0x0000000089200000, 0x0000000089300000|  0%| F|  |TAMS 0x0000000089200000, 0x0000000089200000| Untracked 
| 111|0x0000000089300000, 0x0000000089300000, 0x0000000089400000|  0%| F|  |TAMS 0x0000000089300000, 0x0000000089300000| Untracked 
| 112|0x0000000089400000, 0x0000000089400000, 0x0000000089500000|  0%| F|  |TAMS 0x0000000089400000, 0x0000000089400000| Untracked 
| 113|0x0000000089500000, 0x0000000089500000, 0x0000000089600000|  0%| F|  |TAMS 0x0000000089500000, 0x0000000089500000| Untracked 
| 114|0x0000000089600000, 0x0000000089600000, 0x0000000089700000|  0%| F|  |TAMS 0x0000000089600000, 0x0000000089600000| Untracked 
| 115|0x0000000089700000, 0x0000000089700000, 0x0000000089800000|  0%| F|  |TAMS 0x0000000089700000, 0x0000000089700000| Untracked 
| 116|0x0000000089800000, 0x0000000089800000, 0x0000000089900000|  0%| F|  |TAMS 0x0000000089800000, 0x0000000089800000| Untracked 
| 117|0x0000000089900000, 0x0000000089900000, 0x0000000089a00000|  0%| F|  |TAMS 0x0000000089900000, 0x0000000089900000| Untracked 
| 118|0x0000000089a00000, 0x0000000089a00000, 0x0000000089b00000|  0%| F|  |TAMS 0x0000000089a00000, 0x0000000089a00000| Untracked 
| 119|0x0000000089b00000, 0x0000000089b00000, 0x0000000089c00000|  0%| F|  |TAMS 0x0000000089b00000, 0x0000000089b00000| Untracked 
| 120|0x0000000089c00000, 0x0000000089c00000, 0x0000000089d00000|  0%| F|  |TAMS 0x0000000089c00000, 0x0000000089c00000| Untracked 
| 121|0x0000000089d00000, 0x0000000089d00000, 0x0000000089e00000|  0%| F|  |TAMS 0x0000000089d00000, 0x0000000089d00000| Untracked 
| 122|0x0000000089e00000, 0x0000000089e00000, 0x0000000089f00000|  0%| F|  |TAMS 0x0000000089e00000, 0x0000000089e00000| Untracked 
| 123|0x0000000089f00000, 0x0000000089f00000, 0x000000008a000000|  0%| F|  |TAMS 0x0000000089f00000, 0x0000000089f00000| Untracked 
| 124|0x000000008a000000, 0x000000008a000000, 0x000000008a100000|  0%| F|  |TAMS 0x000000008a000000, 0x000000008a000000| Untracked 
| 125|0x000000008a100000, 0x000000008a100000, 0x000000008a200000|  0%| F|  |TAMS 0x000000008a100000, 0x000000008a100000| Untracked 

Card table byte_map: [0x0000026246c60000,0x0000026247050000] _byte_map_base: 0x000002624684e000

Marking Bits (Prev, Next): (CMBitMap*) 0x0000026233a713f8, (CMBitMap*) 0x0000026233a71430
 Prev Bits: [0x0000026247440000, 0x00000262493b0000)
 Next Bits: [0x00000262493b0000, 0x000002624b320000)

Polling page: 0x0000026233210000

Metaspace:

Usage:
  Non-class:     39.23 MB capacity,    38.91 MB (>99%) used,   269.31 KB ( <1%) free+waste,    66.75 KB ( <1%) overhead. 
      Class:      5.51 MB capacity,     5.31 MB ( 96%) used,   182.23 KB (  3%) free+waste,    29.75 KB ( <1%) overhead. 
       Both:     44.75 MB capacity,    44.21 MB ( 99%) used,   451.55 KB ( <1%) free+waste,    96.50 KB ( <1%) overhead. 

Virtual space:
  Non-class space:       40.00 MB reserved,      39.33 MB ( 98%) committed 
      Class space:        1.00 GB reserved,       5.63 MB ( <1%) committed 
             Both:        1.04 GB reserved,      44.95 MB (  4%) committed 

Chunk freelists:
   Non-Class:  32.00 KB
       Class:  19.00 KB
        Both:  51.00 KB

MaxMetaspaceSize: 17179869184.00 GB
CompressedClassSpaceSize: 1.00 GB
Initial GC threshold: 20.80 MB
Current GC threshold: 58.88 MB
CDS: off

CodeHeap 'non-profiled nmethods': size=120000Kb used=1262Kb max_used=1262Kb free=118738Kb
 bounds [0x000002623f010000, 0x000002623f280000, 0x0000026246540000]
CodeHeap 'profiled nmethods': size=120000Kb used=5628Kb max_used=5628Kb free=114372Kb
 bounds [0x0000026237ae0000, 0x0000026238060000, 0x000002623f010000]
CodeHeap 'non-nmethods': size=5760Kb used=1264Kb max_used=1291Kb free=4495Kb
 bounds [0x0000026237540000, 0x00000262377b0000, 0x0000026237ae0000]
 total_blobs=3513 nmethods=2973 adapters=451
 compilation: enabled
              stopped_count=0, restarted_count=0
 full_count=0

Compilation events (20 events):
Event: 3.103 Thread 0x000002624dd8b800 nmethod 2975 0x0000026238050c90 code [0x0000026238050f00, 0x0000026238051808]
Event: 3.103 Thread 0x000002624dd8b800 2980       3       org.jetbrains.org.objectweb.asm.Type::getArgumentTypes (154 bytes)
Event: 3.106 Thread 0x000002624dd8b800 nmethod 2980 0x0000026238051b90 code [0x0000026238052080, 0x0000026238054908]
Event: 3.106 Thread 0x000002624dd8b800 2984       3       org.jetbrains.kotlin.cli.jvm.index.JvmDependenciesIndexImpl::doTravelPath (191 bytes)
Event: 3.108 Thread 0x000002624dd8b800 nmethod 2984 0x0000026238055810 code [0x0000026238055b40, 0x0000026238056f98]
Event: 3.108 Thread 0x000002624dd8b800 2979       3       java.text.StringCharacterIterator::<init> (87 bytes)
Event: 3.109 Thread 0x000002624dd8b800 nmethod 2979 0x0000026238057610 code [0x0000026238057840, 0x0000026238057ea8]
Event: 3.109 Thread 0x000002624dd8b800 2978       3       org.jetbrains.kotlin.load.java.structure.impl.classFiles.BinaryJavaClass::isEnum (8 bytes)
Event: 3.109 Thread 0x000002624dd8b800 nmethod 2978 0x0000026238058110 code [0x00000262380582e0, 0x00000262380585f8]
Event: 3.109 Thread 0x000002624dd8b800 2985       3       org.jetbrains.kotlin.name.Name::guessByFirstCharacter (28 bytes)
Event: 3.109 Thread 0x000002624dd8b800 nmethod 2985 0x0000026238058710 code [0x0000026238058940, 0x0000026238058e88]
Event: 3.109 Thread 0x000002624dd8b800 2983       3       kotlin.ranges.IntProgressionIterator::<init> (68 bytes)
Event: 3.110 Thread 0x000002624dd8b800 nmethod 2983 0x0000026238059090 code [0x0000026238059260, 0x0000026238059578]
Event: 3.110 Thread 0x000002624dd8b800 2972       3       org.jetbrains.kotlin.load.java.structure.impl.classFiles.BinaryJavaClass::isSet (6 bytes)
Event: 3.110 Thread 0x000002624dd8b800 nmethod 2972 0x0000026238059690 code [0x0000026238059860, 0x0000026238059af8]
Event: 3.110 Thread 0x000002624dd8b800 2973       3       org.jetbrains.kotlin.load.java.structure.impl.classFiles.BinaryJavaModifierListOwner$DefaultImpls::isSet (17 bytes)
Event: 3.110 Thread 0x000002624dd8b800 nmethod 2973 0x0000026238059c10 code [0x0000026238059e60, 0x000002623805a548]
Event: 3.110 Thread 0x000002624dd8b800 2982       3       org.jetbrains.kotlin.load.java.structure.impl.classFiles.BinaryClassSignatureParser::parseTypeWithoutVarianceAndArray (196 bytes)
Event: 3.114 Thread 0x000002624dd8b800 nmethod 2982 0x000002623805a810 code [0x000002623805ade0, 0x000002623805e138]
Event: 3.114 Thread 0x000002624dd8b800 2990       3       org.jetbrains.org.objectweb.asm.ClassReader::readMethod (1061 bytes)

GC Heap History (9 events):
Event: 0.516 GC heap before
{Heap before GC invocations=0 (full 0):
 garbage-first heap   total 129024K, used 27648K [0x0000000082400000, 0x0000000100000000)
  region size 1024K, 24 young (24576K), 0 survivors (0K)
 Metaspace       used 12371K, capacity 12504K, committed 12800K, reserved 1060864K
  class space    used 1168K, capacity 1207K, committed 1280K, reserved 1048576K
}
Event: 0.519 GC heap after
{Heap after GC invocations=1 (full 0):
 garbage-first heap   total 129024K, used 5939K [0x0000000082400000, 0x0000000100000000)
  region size 1024K, 3 young (3072K), 3 survivors (3072K)
 Metaspace       used 12371K, capacity 12504K, committed 12800K, reserved 1060864K
  class space    used 1168K, capacity 1207K, committed 1280K, reserved 1048576K
}
Event: 1.027 GC heap before
{Heap before GC invocations=1 (full 0):
 garbage-first heap   total 129024K, used 41779K [0x0000000082400000, 0x0000000100000000)
  region size 1024K, 39 young (39936K), 3 survivors (3072K)
 Metaspace       used 20877K, capacity 21087K, committed 21296K, reserved 1069056K
  class space    used 2224K, capacity 2312K, committed 2432K, reserved 1048576K
}
Event: 1.037 GC heap after
{Heap after GC invocations=2 (full 0):
 garbage-first heap   total 129024K, used 9100K [0x0000000082400000, 0x0000000100000000)
  region size 1024K, 6 young (6144K), 6 survivors (6144K)
 Metaspace       used 20877K, capacity 21087K, committed 21296K, reserved 1069056K
  class space    used 2224K, capacity 2312K, committed 2432K, reserved 1048576K
}
Event: 1.990 GC heap before
{Heap before GC invocations=3 (full 0):
 garbage-first heap   total 129024K, used 64396K [0x0000000082400000, 0x0000000100000000)
  region size 1024K, 55 young (56320K), 6 survivors (6144K)
 Metaspace       used 32952K, capacity 33364K, committed 33456K, reserved 1079296K
  class space    used 4125K, capacity 4310K, committed 4352K, reserved 1048576K
}
Event: 2.014 GC heap after
{Heap after GC invocations=4 (full 0):
 garbage-first heap   total 129024K, used 20312K [0x0000000082400000, 0x0000000100000000)
  region size 1024K, 7 young (7168K), 7 survivors (7168K)
 Metaspace       used 32952K, capacity 33364K, committed 33456K, reserved 1079296K
  class space    used 4125K, capacity 4310K, committed 4352K, reserved 1048576K
}
Event: 2.315 GC heap before
{Heap before GC invocations=4 (full 0):
 garbage-first heap   total 129024K, used 32600K [0x0000000082400000, 0x0000000100000000)
  region size 1024K, 20 young (20480K), 7 survivors (7168K)
 Metaspace       used 35374K, capacity 35807K, committed 35920K, reserved 1081344K
  class space    used 4386K, capacity 4570K, committed 4608K, reserved 1048576K
}
Event: 2.325 GC heap after
{Heap after GC invocations=5 (full 0):
 garbage-first heap   total 129024K, used 20209K [0x0000000082400000, 0x0000000100000000)
  region size 1024K, 2 young (2048K), 2 survivors (2048K)
 Metaspace       used 35374K, capacity 35807K, committed 35920K, reserved 1081344K
  class space    used 4386K, capacity 4570K, committed 4608K, reserved 1048576K
}
Event: 3.122 GC heap before
{Heap before GC invocations=6 (full 0):
 garbage-first heap   total 129024K, used 66289K [0x0000000082400000, 0x0000000100000000)
  region size 1024K, 47 young (48128K), 2 survivors (2048K)
 Metaspace       used 45272K, capacity 45821K, committed 46032K, reserved 1089536K
  class space    used 5433K, capacity 5645K, committed 5760K, reserved 1048576K
}

Deoptimization events (20 events):
Event: 2.729 Thread 0x0000026233a2e000 Uncommon trap: trap_request=0xffffff4d fr.pc=0x000002623f134f2c relative=0x00000000000006cc
Event: 2.729 Thread 0x0000026233a2e000 Uncommon trap: reason=unstable_if action=reinterpret pc=0x000002623f134f2c method=java.lang.String.lastIndexOf(II)I @ 4 c2
Event: 2.729 Thread 0x0000026233a2e000 DEOPT PACKING pc=0x000002623f134f2c sp=0x000000de761f61c0
Event: 2.729 Thread 0x0000026233a2e000 DEOPT UNPACKING pc=0x000002623758a1af sp=0x000000de761f60b0 mode 2
Event: 2.940 Thread 0x0000026233a2e000 Uncommon trap: trap_request=0xffffffc6 fr.pc=0x000002623f0d1228 relative=0x0000000000001408
Event: 2.940 Thread 0x0000026233a2e000 Uncommon trap: reason=bimorphic_or_optimized_type_check action=maybe_recompile pc=0x000002623f0d1228 method=java.util.zip.ZipFile.getZipEntry(Ljava/lang/String;[BILjava/util/function/Function;)Ljava/util/zip/ZipEntry; @ 108 c2
Event: 2.940 Thread 0x0000026233a2e000 DEOPT PACKING pc=0x000002623f0d1228 sp=0x000000de761fbb60
Event: 2.940 Thread 0x0000026233a2e000 DEOPT UNPACKING pc=0x000002623758a1af sp=0x000000de761fbb18 mode 2
Event: 3.032 Thread 0x0000026233a2e000 Uncommon trap: trap_request=0xffffffc6 fr.pc=0x000002623f0d1228 relative=0x0000000000001408
Event: 3.032 Thread 0x0000026233a2e000 Uncommon trap: reason=bimorphic_or_optimized_type_check action=maybe_recompile pc=0x000002623f0d1228 method=java.util.zip.ZipFile.getZipEntry(Ljava/lang/String;[BILjava/util/function/Function;)Ljava/util/zip/ZipEntry; @ 108 c2
Event: 3.032 Thread 0x0000026233a2e000 DEOPT PACKING pc=0x000002623f0d1228 sp=0x000000de761fc330
Event: 3.032 Thread 0x0000026233a2e000 DEOPT UNPACKING pc=0x000002623758a1af sp=0x000000de761fc2e8 mode 2
Event: 3.041 Thread 0x0000026233a2e000 Uncommon trap: trap_request=0xffffffc6 fr.pc=0x000002623f0d1228 relative=0x0000000000001408
Event: 3.041 Thread 0x0000026233a2e000 Uncommon trap: reason=bimorphic_or_optimized_type_check action=maybe_recompile pc=0x000002623f0d1228 method=java.util.zip.ZipFile.getZipEntry(Ljava/lang/String;[BILjava/util/function/Function;)Ljava/util/zip/ZipEntry; @ 108 c2
Event: 3.041 Thread 0x0000026233a2e000 DEOPT PACKING pc=0x000002623f0d1228 sp=0x000000de761fbdc0
Event: 3.041 Thread 0x0000026233a2e000 DEOPT UNPACKING pc=0x000002623758a1af sp=0x000000de761fbd78 mode 2
Event: 3.080 Thread 0x0000026233a2e000 Uncommon trap: trap_request=0xffffffc6 fr.pc=0x000002623f0d1228 relative=0x0000000000001408
Event: 3.080 Thread 0x0000026233a2e000 Uncommon trap: reason=bimorphic_or_optimized_type_check action=maybe_recompile pc=0x000002623f0d1228 method=java.util.zip.ZipFile.getZipEntry(Ljava/lang/String;[BILjava/util/function/Function;)Ljava/util/zip/ZipEntry; @ 108 c2
Event: 3.080 Thread 0x0000026233a2e000 DEOPT PACKING pc=0x000002623f0d1228 sp=0x000000de761fc330
Event: 3.080 Thread 0x0000026233a2e000 DEOPT UNPACKING pc=0x000002623758a1af sp=0x000000de761fc2e8 mode 2

Classes redefined (0 events):
No events

Internal exceptions (20 events):
Event: 1.231 Thread 0x0000026233a2e000 Exception <a 'java/lang/NoSuchMethodError'{0x00000000896e9948}: 'java.lang.Object java.lang.invoke.DirectMethodHandle$Holder.invokeStatic(java.lang.Object, java.lang.Object, java.lang.Object, java.lang.Object, java.lang.Object, java.lang.Object, java.lang.Object, java.lang.Object, java.lang.Object, java.lang.Object, java.lang.Object, java.lang.Object, java.lang.Object, java.lang.Object, java.lang.Object)'> (0x00000000896e9948) thrown at [./src/hotspot/share/interpreter/linkResolver.cpp, line 773]
Event: 1.232 Thread 0x0000026233a2e000 Exception <a 'java/lang/NoSuchMethodError'{0x00000000896f7950}: 'java.lang.Object java.lang.invoke.DirectMethodHandle$Holder.invokeStatic(java.lang.Object, java.lang.Object, java.lang.Object, java.lang.Object, java.lang.Object, java.lang.Object, java.lang.Object, java.lang.Object, java.lang.Object, java.lang.Object, java.lang.Object, java.lang.Object, java.lang.Object, java.lang.Object, java.lang.Object, java.lang.Object)'> (0x00000000896f7950) thrown at [./src/hotspot/share/interpreter/linkResolver.cpp, l
Event: 1.233 Thread 0x0000026233a2e000 Exception <a 'java/lang/NoSuchMethodError'{0x0000000089505d10}: 'java.lang.Object java.lang.invoke.DirectMethodHandle$Holder.invokeSpecial(java.lang.Object, java.lang.Object, int, int, java.lang.Object, java.lang.Object, java.lang.Object)'> (0x0000000089505d10) thrown at [./src/hotspot/share/interpreter/linkResolver.cpp, line 773]
Event: 1.233 Thread 0x0000026233a2e000 Exception <a 'java/lang/NoSuchMethodError'{0x0000000089509548}: 'java.lang.Object java.lang.invoke.DelegatingMethodHandle$Holder.reinvoke_L(java.lang.Object, int, int, java.lang.Object, java.lang.Object, java.lang.Object)'> (0x0000000089509548) thrown at [./src/hotspot/share/interpreter/linkResolver.cpp, line 773]
Event: 1.233 Thread 0x0000026233a2e000 Exception <a 'java/lang/NoSuchMethodError'{0x000000008950d8d0}: 'java.lang.Object java.lang.invoke.DirectMethodHandle$Holder.invokeStatic(java.lang.Object, java.lang.Object, java.lang.Object, java.lang.Object, int)'> (0x000000008950d8d0) thrown at [./src/hotspot/share/interpreter/linkResolver.cpp, line 773]
Event: 1.266 Thread 0x0000026233a2e000 Exception <a 'sun/nio/fs/WindowsException'{0x000000008944eb20}> (0x000000008944eb20) thrown at [./src/hotspot/share/prims/jni.cpp, line 615]
Event: 1.266 Thread 0x0000026233a2e000 Exception <a 'sun/nio/fs/WindowsException'{0x000000008944f398}> (0x000000008944f398) thrown at [./src/hotspot/share/prims/jni.cpp, line 615]
Event: 1.267 Thread 0x0000026233a2e000 Exception <a 'sun/nio/fs/WindowsException'{0x000000008944fc20}> (0x000000008944fc20) thrown at [./src/hotspot/share/prims/jni.cpp, line 615]
Event: 1.267 Thread 0x0000026233a2e000 Exception <a 'sun/nio/fs/WindowsException'{0x0000000089450618}> (0x0000000089450618) thrown at [./src/hotspot/share/prims/jni.cpp, line 615]
Event: 1.267 Thread 0x0000026233a2e000 Exception <a 'sun/nio/fs/WindowsException'{0x0000000089450f20}> (0x0000000089450f20) thrown at [./src/hotspot/share/prims/jni.cpp, line 615]
Event: 1.267 Thread 0x0000026233a2e000 Exception <a 'sun/nio/fs/WindowsException'{0x0000000089451858}> (0x0000000089451858) thrown at [./src/hotspot/share/prims/jni.cpp, line 615]
Event: 1.269 Thread 0x0000026233a2e000 Exception <a 'java/lang/NoSuchMethodError'{0x0000000089458068}: 'void java.lang.invoke.DirectMethodHandle$Holder.invokeStatic(java.lang.Object, java.lang.Object, java.lang.Object, java.lang.Object)'> (0x0000000089458068) thrown at [./src/hotspot/share/interpreter/linkResolver.cpp, line 773]
Event: 1.318 Thread 0x0000026233a2e000 Exception <a 'java/lang/NoSuchMethodError'{0x0000000089037000}: 'void java.lang.invoke.DirectMethodHandle$Holder.invokeStaticInit(java.lang.Object, java.lang.Object)'> (0x0000000089037000) thrown at [./src/hotspot/share/interpreter/linkResolver.cpp, line 773]
Event: 1.383 Thread 0x0000026233a2e000 Exception <a 'java/lang/NoSuchMethodError'{0x0000000088c55d30}: 'void java.lang.invoke.DirectMethodHandle$Holder.invokeVirtual(java.lang.Object, java.lang.Object)'> (0x0000000088c55d30) thrown at [./src/hotspot/share/interpreter/linkResolver.cpp, line 773]
Event: 1.389 Thread 0x0000026233a2e000 Exception <a 'java/lang/NoSuchMethodError'{0x0000000088cc90e0}: 'int java.lang.invoke.DirectMethodHandle$Holder.invokeVirtual(java.lang.Object, java.lang.Object)'> (0x0000000088cc90e0) thrown at [./src/hotspot/share/interpreter/linkResolver.cpp, line 773]
Event: 2.143 Thread 0x0000026233a2e000 Exception <a 'java/lang/NoSuchMethodError'{0x0000000089b828c0}: 'java.lang.Object java.lang.invoke.DirectMethodHandle$Holder.invokeVirtual(java.lang.Object, java.lang.Object, java.lang.Object)'> (0x0000000089b828c0) thrown at [./src/hotspot/share/interpreter/linkResolver.cpp, line 773]
Event: 2.829 Thread 0x0000026233a2e000 Exception <a 'java/lang/NoSuchMethodError'{0x0000000087c0d0b8}: 'java.lang.Object java.lang.invoke.DirectMethodHandle$Holder.invokeStatic(java.lang.Object, java.lang.Object, java.lang.Object, int)'> (0x0000000087c0d0b8) thrown at [./src/hotspot/share/interpreter/linkResolver.cpp, line 773]
Event: 2.830 Thread 0x0000026233a2e000 Exception <a 'java/lang/NoSuchMethodError'{0x0000000087c10d28}: 'java.lang.Object java.lang.invoke.DirectMethodHandle$Holder.invokeSpecial(java.lang.Object, java.lang.Object, java.lang.Object, java.lang.Object, int)'> (0x0000000087c10d28) thrown at [./src/hotspot/share/interpreter/linkResolver.cpp, line 773]
Event: 2.830 Thread 0x0000026233a2e000 Exception <a 'java/lang/NoSuchMethodError'{0x0000000087c14038}: 'java.lang.Object java.lang.invoke.Invokers$Holder.linkToTargetMethod(java.lang.Object, java.lang.Object, int, java.lang.Object)'> (0x0000000087c14038) thrown at [./src/hotspot/share/interpreter/linkResolver.cpp, line 773]
Event: 3.049 Thread 0x0000026233a2e000 Exception <a 'java/lang/NoSuchMethodError'{0x00000000875f42b8}: 'java.lang.Object java.lang.invoke.Invokers$Holder.linkToTargetMethod(java.lang.Object, int, java.lang.Object)'> (0x00000000875f42b8) thrown at [./src/hotspot/share/interpreter/linkResolver.cpp, line 773]

Events (20 events):
Event: 3.078 loading class org/jetbrains/kotlin/load/java/typeEnhancement/JavaTypeEnhancement$SimpleResult done
Event: 3.078 loading class org/jetbrains/kotlin/load/java/typeEnhancement/JavaTypeEnhancement$Result
Event: 3.078 loading class org/jetbrains/kotlin/load/java/typeEnhancement/JavaTypeEnhancement$Result done
Event: 3.079 loading class org/jetbrains/kotlin/load/java/typeEnhancement/SignatureEnhancement$PartEnhancementResult
Event: 3.079 loading class org/jetbrains/kotlin/load/java/typeEnhancement/SignatureEnhancement$PartEnhancementResult done
Event: 3.079 loading class org/jetbrains/kotlin/descriptors/NotFoundClasses$MockClassDescriptor
Event: 3.079 loading class org/jetbrains/kotlin/descriptors/NotFoundClasses$MockClassDescriptor done
Event: 3.085 loading class org/jetbrains/kotlin/load/java/structure/impl/classFiles/BinaryClassSignatureParser$JavaSignatureVariance
Event: 3.085 loading class org/jetbrains/kotlin/load/java/structure/impl/classFiles/BinaryClassSignatureParser$JavaSignatureVariance done
Event: 3.086 loading class org/jetbrains/kotlin/load/java/structure/impl/classFiles/PlainJavaWildcardType
Event: 3.086 loading class org/jetbrains/kotlin/load/java/structure/impl/classFiles/PlainJavaWildcardType done
Event: 3.086 loading class org/jetbrains/kotlin/load/java/structure/JavaWildcardType
Event: 3.086 loading class org/jetbrains/kotlin/load/java/structure/JavaWildcardType done
Event: 3.090 loading class gnu/trove/THashMap$KeyView
Event: 3.090 loading class gnu/trove/THashMap$KeyView done
Event: 3.090 loading class gnu/trove/THashMap$MapBackedView
Event: 3.090 loading class gnu/trove/THashMap$MapBackedView done
Event: 3.117 loading class javaslang/control/Option$None
Event: 3.117 loading class javaslang/control/Option$None done
Event: 3.122 Executing VM operation: G1CollectForAllocation


Dynamic libraries:
0x00007ff69faa0000 - 0x00007ff69faaa000 	D:\and\jre\bin\java.exe
0x00007ff974030000 - 0x00007ff974228000 	C:\Windows\SYSTEM32\ntdll.dll
0x00007ff947960000 - 0x00007ff947977000 	C:\Program Files\Avast Software\Avast\aswhook.dll
0x00007ff972240000 - 0x00007ff9722fd000 	C:\Windows\System32\KERNEL32.DLL
0x00007ff971bc0000 - 0x00007ff971e8e000 	C:\Windows\System32\KERNELBASE.dll
0x00007ff971e90000 - 0x00007ff971f90000 	C:\Windows\System32\ucrtbase.dll
0x00007ff94b030000 - 0x00007ff94b049000 	D:\and\jre\bin\jli.dll
0x00007ff94ad00000 - 0x00007ff94ad17000 	D:\and\jre\bin\VCRUNTIME140.dll
0x00007ff973700000 - 0x00007ff9738a0000 	C:\Windows\System32\USER32.dll
0x00007ff95ee50000 - 0x00007ff95f0ea000 	C:\Windows\WinSxS\amd64_microsoft.windows.common-controls_6595b64144ccf1df_6.0.19041.1110_none_60b5254171f9507e\COMCTL32.dll
0x00007ff971750000 - 0x00007ff971772000 	C:\Windows\System32\win32u.dll
0x00007ff9738c0000 - 0x00007ff97395e000 	C:\Windows\System32\msvcrt.dll
0x00007ff9724d0000 - 0x00007ff9724fa000 	C:\Windows\System32\GDI32.dll
0x00007ff971a80000 - 0x00007ff971b8b000 	C:\Windows\System32\gdi32full.dll
0x00007ff971930000 - 0x00007ff9719cd000 	C:\Windows\System32\msvcp_win.dll
0x00007ff973dd0000 - 0x00007ff973e00000 	C:\Windows\System32\IMM32.DLL
0x00007ff946f40000 - 0x00007ff946fdd000 	D:\and\jre\bin\msvcp140.dll
0x00007ff9262c0000 - 0x00007ff926da5000 	D:\and\jre\bin\server\jvm.dll
0x00007ff972090000 - 0x00007ff97213e000 	C:\Windows\System32\ADVAPI32.dll
0x00007ff973e70000 - 0x00007ff973f0c000 	C:\Windows\System32\sechost.dll
0x00007ff972a60000 - 0x00007ff972b85000 	C:\Windows\System32\RPCRT4.dll
0x00007ff972230000 - 0x00007ff972238000 	C:\Windows\System32\PSAPI.DLL
0x00007ff95d480000 - 0x00007ff95d489000 	C:\Windows\SYSTEM32\WSOCK32.dll
0x00007ff957fe0000 - 0x00007ff958007000 	C:\Windows\SYSTEM32\WINMM.dll
0x00007ff969d70000 - 0x00007ff969d7a000 	C:\Windows\SYSTEM32\VERSION.dll
0x00007ff973690000 - 0x00007ff9736fb000 	C:\Windows\System32\WS2_32.dll
0x00007ff96ffd0000 - 0x00007ff96ffe2000 	C:\Windows\SYSTEM32\kernel.appcore.dll
0x00007ff95ea00000 - 0x00007ff95ea11000 	D:\and\jre\bin\verify.dll
0x00007ff96f530000 - 0x00007ff96f714000 	C:\Windows\SYSTEM32\DBGHELP.DLL
0x00007ff9667c0000 - 0x00007ff9667ec000 	C:\Windows\SYSTEM32\dbgcore.DLL
0x00007ff972000000 - 0x00007ff972082000 	C:\Windows\System32\bcryptPrimitives.dll
0x00007ff958390000 - 0x00007ff9583b9000 	D:\and\jre\bin\java.dll
0x00007ff96b990000 - 0x00007ff96b99b000 	D:\and\jre\bin\jimage.dll
0x00007ff95d4a0000 - 0x00007ff95d4b8000 	D:\and\jre\bin\zip.dll
0x00007ff972d90000 - 0x00007ff9734d3000 	C:\Windows\System32\SHELL32.dll
0x00007ff96f720000 - 0x00007ff96feb5000 	C:\Windows\SYSTEM32\windows.storage.dll
0x00007ff973960000 - 0x00007ff973cb4000 	C:\Windows\System32\combase.dll
0x00007ff9710e0000 - 0x00007ff971110000 	C:\Windows\SYSTEM32\Wldp.dll
0x00007ff973d20000 - 0x00007ff973dcd000 	C:\Windows\System32\SHCORE.dll
0x00007ff972500000 - 0x00007ff972555000 	C:\Windows\System32\shlwapi.dll
0x00007ff971690000 - 0x00007ff9716af000 	C:\Windows\SYSTEM32\profapi.dll
0x00007ff958c00000 - 0x00007ff958c1a000 	D:\and\jre\bin\net.dll
0x00007ff968900000 - 0x00007ff968a0a000 	C:\Windows\SYSTEM32\WINHTTP.dll
0x00007ff970e40000 - 0x00007ff970eaa000 	C:\Windows\system32\mswsock.dll
0x00007ff958370000 - 0x00007ff958384000 	D:\and\jre\bin\nio.dll

dbghelp: loaded successfully - version: 4.0.5 - missing functions: none
symbol engine: initialized successfully - sym options: 0x614 - pdb path: .;D:\and\jre\bin;C:\Windows\SYSTEM32;C:\Program Files\Avast Software\Avast;C:\Windows\WinSxS\amd64_microsoft.windows.common-controls_6595b64144ccf1df_6.0.19041.1110_none_60b5254171f9507e;D:\and\jre\bin\server

VM Arguments:
java_command: org.jetbrains.kotlin.cli.jvm.K2JVMCompiler @D:\Users\Admin\AndroidStudioProjects\SHIFT\app\build\20221002_4905868665590283783.compiler.options
java_class_path (initial): D:\Users\Admin\.gradle\caches\modules-2\files-2.1\org.jetbrains.kotlin\kotlin-compiler-embeddable\1.6.10\88f2073f4020cdb83132cfe940ceb9a60aba54ea\kotlin-compiler-embeddable-1.6.10.jar;D:\Users\Admin\.gradle\caches\modules-2\files-2.1\org.jetbrains.kotlin\kotlin-reflect\1.6.10\1cbe9c92c12a94eea200d23c2bbaedaf3daf5132\kotlin-reflect-1.6.10.jar;D:\Users\Admin\.gradle\caches\modules-2\files-2.1\org.jetbrains.kotlin\kotlin-stdlib\1.6.10\b8af3fe6f1ca88526914929add63cf5e7c5049af\kotlin-stdlib-1.6.10.jar;D:\Users\Admin\.gradle\caches\modules-2\files-2.1\org.jetbrains.kotlin\kotlin-script-runtime\1.6.10\d0a7ff2e2500ef497ed0214ae40ad3c8387a6164\kotlin-script-runtime-1.6.10.jar;D:\Users\Admin\.gradle\caches\modules-2\files-2.1\org.jetbrains.kotlin\kotlin-daemon-embeddable\1.6.10\a56d79bcbea411fa6058e4ecffc2de73e742bd2a\kotlin-daemon-embeddable-1.6.10.jar;D:\Users\Admin\.gradle\caches\modules-2\files-2.1\org.jetbrains.intellij.deps\trove4j\1.0.20181211\216c2e14b070f334479d800987affe4054cd563f\trove4j-1.0.20181211.jar;D:\Users\Admin\.gradle\caches\modules-2\files-2.1\net.java.dev.jna\jna\5.6.0\330f2244e9030119ab3030fc3fededc86713d9cc\jna-5.6.0.jar;D:\Users\Admin\.gradle\caches\modules-2\files-2.1\org.jetbrains\annotations\13.0\919f0dfe192fb4e063e7dacadee7f8bb9a2672a9\annotations-13.0.jar;D:\Users\Admin\.gradle\caches\modules-2\files-2.1\org.jetbrains.kotlin\kotlin-stdlib-common\1.6.10\c118700e3a33c8a0d9adc920e9dec0831171925\kotlin-stdlib-common-1.6.10.jar
Launcher Type: SUN_STANDARD

[Global flags]
     intx CICompilerCount                          = 4                                         {product} {ergonomic}
     uint ConcGCThreads                            = 2                                         {product} {ergonomic}
     uint G1ConcRefinementThreads                  = 8                                         {product} {ergonomic}
   size_t G1HeapRegionSize                         = 1048576                                   {product} {ergonomic}
    uintx GCDrainStackTargetSize                   = 64                                        {product} {ergonomic}
   size_t InitialHeapSize                          = 132120576                                 {product} {ergonomic}
   size_t MarkStackSize                            = 4194304                                   {product} {ergonomic}
   size_t MaxHeapSize                              = 2109734912                                {product} {ergonomic}
   size_t MaxNewSize                               = 1265631232                                {product} {ergonomic}
   size_t MinHeapDeltaBytes                        = 1048576                                   {product} {ergonomic}
    uintx NonNMethodCodeHeapSize                   = 5836300                                {pd product} {ergonomic}
    uintx NonProfiledCodeHeapSize                  = 122910970                              {pd product} {ergonomic}
    uintx ProfiledCodeHeapSize                     = 122910970                              {pd product} {ergonomic}
    uintx ReservedCodeCacheSize                    = 251658240                              {pd product} {ergonomic}
     bool SegmentedCodeCache                       = true                                      {product} {ergonomic}
     bool UseCompressedClassPointers               = true                                 {lp64_product} {ergonomic}
     bool UseCompressedOops                        = true                                 {lp64_product} {ergonomic}
     bool UseG1GC                                  = true                                      {product} {ergonomic}
     bool UseLargePagesIndividualAllocation        = false                                  {pd product} {ergonomic}

Logging:
Log output configuration:
 #0: stdout all=warning uptime,level,tags
 #1: stderr all=off uptime,level,tags

Environment Variables:
PATH=C:\Program Files\Common Files\Oracle\Java\javapath;C:\Program Files (x86)\Common Files\Intel\Shared Libraries\redist\intel64\compiler;C:\Windows\system32;C:\Windows;C:\Windows\System32\Wbem;C:\Windows\System32\WindowsPowerShell\v1.0\;C:\Windows\System32\OpenSSH\;C:\Program Files\dotnet\;D:\Users\Admin\AppData\Local\Microsoft\WindowsApps;;C:\Program Files\JetBrains\PyCharm Community Edition 2020.2.3\bin;;D:\Users\Admin\.dotnet\tools;D:\Users\Admin\AppData\Local\Programs\Microsoft VS Code\bin
USERNAME=Admin
OS=Windows_NT
PROCESSOR_IDENTIFIER=Intel64 Family 6 Model 142 Stepping 12, GenuineIntel



---------------  S Y S T E M  ---------------

OS: Windows 10 , 64 bit Build 19041 (10.0.19041.1889)
OS uptime: 0 days 9:08 hours

CPU:total 8 (initial active 8) (4 cores per cpu, 2 threads per core) family 6 model 142 stepping 12 microcode 0xf0, cmov, cx8, fxsr, mmx, sse, sse2, sse3, ssse3, sse4.1, sse4.2, popcnt, avx, avx2, aes, clmul, erms, 3dnowpref, lzcnt, ht, tsc, tscinvbit, bmi1, bmi2, adx, fma

Memory: 4k page, system-wide physical 8040M (584M free)
TotalPageFile size 8040M (AvailPageFile size 5M)
current process WorkingSet (physical memory assigned to process): 237M, peak: 237M
current process commit charge ("private bytes"): 318M, peak: 343M

vm_info: OpenJDK 64-Bit Server VM (11.0.12+7-b1504.28-7817840) for windows-amd64 JRE (11.0.12+7-b1504.28-7817840), built on Oct 13 2021 22:12:33 by "builder" with MS VC++ 14.0 (VS2015)

END.
