#
# There is insufficient memory for the Java Runtime Environment to continue.
# Native memory allocation (malloc) failed to allocate 715216 bytes for Chunk::new
# Possible reasons:
#   The system is out of physical RAM or swap space
#   The process is running with CompressedOops enabled, and the Java Heap may be blocking the growth of the native heap
# Possible solutions:
#   Reduce memory load on the system
#   Increase physical memory or swap space
#   Check if swap backing store is full
#   Decrease Java heap size (-Xmx/-Xms)
#   Decrease number of Java threads
#   Decrease Java thread stack sizes (-Xss)
#   Set larger code cache with -XX:ReservedCodeCacheSize=
#   JVM is running with Unscaled Compressed Oops mode in which the Java heap is
#     placed in the first 4GB address space. The Java Heap base address is the
#     maximum limit for the native heap growth. Please use -XX:HeapBaseMinAddress
#     to set the Java Heap base and to place the Java Heap above 4GB virtual address.
# This output file may be truncated or incomplete.
#
#  Out of Memory Error (./src/hotspot/share/memory/arena.cpp:197), pid=12940, tid=2944
#
# JRE version: OpenJDK Runtime Environment (11.0.12+7) (build 11.0.12+7-b1504.28-7817840)
# Java VM: OpenJDK 64-Bit Server VM (11.0.12+7-b1504.28-7817840, mixed mode, tiered, compressed oops, g1 gc, windows-amd64)
# No core dump will be written. Minidumps are not enabled by default on client versions of Windows
#

---------------  S U M M A R Y ------------

Command Line: org.jetbrains.kotlin.cli.jvm.K2JVMCompiler @D:\Users\Admin\AndroidStudioProjects\SHIFT\app\build\20221002_18188507301541466485.compiler.options

Host: Intel(R) Core(TM) i5-10210U CPU @ 1.60GHz, 8 cores, 7G,  Windows 10 , 64 bit Build 19041 (10.0.19041.1889)
Time: Sun Oct  2 05:12:44 2022 Новосибирское стандартное время elapsed time: 8.407118 seconds (0d 0h 0m 8s)

---------------  T H R E A D  ---------------

Current thread (0x000002b836f18000):  JavaThread "C2 CompilerThread0" daemon [_thread_in_native, id=2944, stack(0x000000bff9100000,0x000000bff9200000)]


Current CompileTask:
C2:   8407 7673       4       org.jetbrains.kotlin.load.kotlin.TypeSignatureMappingKt::mapBuiltInType (336 bytes)

Stack: [0x000000bff9100000,0x000000bff9200000]
Native frames: (J=compiled Java code, j=interpreted, Vv=VM code, C=native code)
V  [jvm.dll+0x5fbcea]
V  [jvm.dll+0x731905]
V  [jvm.dll+0x732f1d]
V  [jvm.dll+0x7335d3]
V  [jvm.dll+0x247bf8]
V  [jvm.dll+0xc018c]
V  [jvm.dll+0xc06cc]
V  [jvm.dll+0x2bcc04]
V  [jvm.dll+0x5113a8]
V  [jvm.dll+0x201c5a]
V  [jvm.dll+0x1ff71f]
V  [jvm.dll+0x18868c]
V  [jvm.dll+0x20e0d7]
V  [jvm.dll+0x20c901]
V  [jvm.dll+0x6f9b7f]
V  [jvm.dll+0x6f26a5]
V  [jvm.dll+0x5fabf6]
C  [ucrtbase.dll+0x21bb2]
C  [KERNEL32.DLL+0x17034]
C  [ntdll.dll+0x526a1]


---------------  P R O C E S S  ---------------

Threads class SMR info:
_java_thread_list=0x000002b83ce2c620, length=12, elements={
0x000002b81cbb0800, 0x000002b836f02000, 0x000002b836f0b800, 0x000002b837899000,
0x000002b83789b000, 0x000002b83789c000, 0x000002b836f18000, 0x000002b836f1f800,
0x000002b836f21800, 0x000002b837a10000, 0x000002b83c09a000, 0x000002b83c096800
}

Java Threads: ( => current thread )
  0x000002b81cbb0800 JavaThread "main" [_thread_in_Java, id=9864, stack(0x000000bff8500000,0x000000bff8600000)]
  0x000002b836f02000 JavaThread "Reference Handler" daemon [_thread_blocked, id=11452, stack(0x000000bff8c00000,0x000000bff8d00000)]
  0x000002b836f0b800 JavaThread "Finalizer" daemon [_thread_blocked, id=11256, stack(0x000000bff8d00000,0x000000bff8e00000)]
  0x000002b837899000 JavaThread "Signal Dispatcher" daemon [_thread_blocked, id=1200, stack(0x000000bff8e00000,0x000000bff8f00000)]
  0x000002b83789b000 JavaThread "Attach Listener" daemon [_thread_blocked, id=14540, stack(0x000000bff8f00000,0x000000bff9000000)]
  0x000002b83789c000 JavaThread "Service Thread" daemon [_thread_blocked, id=12952, stack(0x000000bff9000000,0x000000bff9100000)]
=>0x000002b836f18000 JavaThread "C2 CompilerThread0" daemon [_thread_in_native, id=2944, stack(0x000000bff9100000,0x000000bff9200000)]
  0x000002b836f1f800 JavaThread "C1 CompilerThread0" daemon [_thread_in_vm, id=2896, stack(0x000000bff9200000,0x000000bff9300000)]
  0x000002b836f21800 JavaThread "Sweeper thread" daemon [_thread_blocked, id=1408, stack(0x000000bff9300000,0x000000bff9400000)]
  0x000002b837a10000 JavaThread "Common-Cleaner" daemon [_thread_blocked, id=11608, stack(0x000000bff9500000,0x000000bff9600000)]
  0x000002b83c09a000 JavaThread "C2 CompilerThread1" daemon [_thread_in_native, id=12964, stack(0x000000bff9700000,0x000000bff9800000)]
  0x000002b83c096800 JavaThread "C2 CompilerThread2" daemon [_thread_in_native, id=3200, stack(0x000000bff9a00000,0x000000bff9b00000)]

Other Threads:
  0x000002b836edd800 VMThread "VM Thread" [stack: 0x000000bff8b00000,0x000000bff8c00000] [id=9576]
  0x000002b837a15000 WatcherThread [stack: 0x000000bff9400000,0x000000bff9500000] [id=4964]
  0x000002b81cbc9800 GCTaskThread "GC Thread#0" [stack: 0x000000bff8600000,0x000000bff8700000] [id=15364]
  0x000002b83807c800 GCTaskThread "GC Thread#1" [stack: 0x000000bff9800000,0x000000bff9900000] [id=13672]
  0x000002b83809c000 GCTaskThread "GC Thread#2" [stack: 0x000000bff9900000,0x000000bff9a00000] [id=808]
  0x000002b81cbfd000 ConcurrentGCThread "G1 Main Marker" [stack: 0x000000bff8700000,0x000000bff8800000] [id=14888]
  0x000002b81cbfe000 ConcurrentGCThread "G1 Conc#0" [stack: 0x000000bff8800000,0x000000bff8900000] [id=4796]
  0x000002b838143000 ConcurrentGCThread "G1 Conc#1" [stack: 0x000000bff9600000,0x000000bff9700000] [id=4216]
  0x000002b836d40800 ConcurrentGCThread "G1 Refine#0" [stack: 0x000000bff8900000,0x000000bff8a00000] [id=16140]
  0x000002b837a0b000 ConcurrentGCThread "G1 Refine#1" [stack: 0x000000bff9b00000,0x000000bff9c00000] [id=8740]
  0x000002b836d41000 ConcurrentGCThread "G1 Young RemSet Sampling" [stack: 0x000000bff8a00000,0x000000bff8b00000] [id=1788]

Threads with active compile tasks:
C2 CompilerThread0   8426 7673       4       org.jetbrains.kotlin.load.kotlin.TypeSignatureMappingKt::mapBuiltInType (336 bytes)
C1 CompilerThread0   8426 7783       3       org.jetbrains.kotlin.ir.util.ConstantValueGenerator::generateConstantOrAnnotationValueAsExpression (1188 bytes)
C2 CompilerThread1   8426 7750       4       org.jetbrains.kotlin.ir.util.TypeTranslator::translateTypeAnnotations (239 bytes)
C2 CompilerThread2   8426 7749       4       org.jetbrains.kotlin.ir.util.TypeTranslator::translateType (580 bytes)

VM state:not at safepoint (normal execution)

VM Mutex/Monitor currently owned by a thread: None

Heap address: 0x0000000082400000, size: 2012 MB, Compressed Oops mode: 32-bit
Narrow klass base: 0x0000000000000000, Narrow klass shift: 3
Compressed class space size: 1073741824 Address: 0x0000000100000000

Heap:
 garbage-first heap   total 187392K, used 100713K [0x0000000082400000, 0x0000000100000000)
  region size 1024K, 59 young (60416K), 8 survivors (8192K)
 Metaspace       used 71305K, capacity 71893K, committed 72148K, reserved 1114112K
  class space    used 7907K, capacity 8152K, committed 8192K, reserved 1048576K
Heap Regions: E=young(eden), S=young(survivor), O=old, HS=humongous(starts), HC=humongous(continues), CS=collection set, F=free, A=archive, TAMS=top-at-mark-start (previous, next)
|   0|0x0000000082400000, 0x0000000082500000, 0x0000000082500000|100%|HS|  |TAMS 0x0000000082500000, 0x0000000082400000| Complete 
|   1|0x0000000082500000, 0x0000000082600000, 0x0000000082600000|100%|HC|  |TAMS 0x0000000082600000, 0x0000000082500000| Complete 
|   2|0x0000000082600000, 0x0000000082700000, 0x0000000082700000|100%|HC|  |TAMS 0x0000000082700000, 0x0000000082600000| Complete 
|   3|0x0000000082700000, 0x0000000082800000, 0x0000000082800000|100%|HS|  |TAMS 0x0000000082800000, 0x0000000082700000| Complete 
|   4|0x0000000082800000, 0x0000000082900000, 0x0000000082900000|100%|HC|  |TAMS 0x0000000082900000, 0x0000000082800000| Complete 
|   5|0x0000000082900000, 0x0000000082a00000, 0x0000000082a00000|100%|HC|  |TAMS 0x0000000082a00000, 0x0000000082900000| Complete 
|   6|0x0000000082a00000, 0x0000000082b00000, 0x0000000082b00000|100%|HS|  |TAMS 0x0000000082b00000, 0x0000000082a00000| Complete 
|   7|0x0000000082b00000, 0x0000000082c00000, 0x0000000082c00000|100%|HC|  |TAMS 0x0000000082c00000, 0x0000000082b00000| Complete 
|   8|0x0000000082c00000, 0x0000000082d00000, 0x0000000082d00000|100%| O|  |TAMS 0x0000000082d00000, 0x0000000082c00000| Untracked 
|   9|0x0000000082d00000, 0x0000000082e00000, 0x0000000082e00000|100%| O|  |TAMS 0x0000000082e00000, 0x0000000082d00000| Untracked 
|  10|0x0000000082e00000, 0x0000000082f00000, 0x0000000082f00000|100%| O|  |TAMS 0x0000000082f00000, 0x0000000082e00000| Untracked 
|  11|0x0000000082f00000, 0x0000000083000000, 0x0000000083000000|100%| O|  |TAMS 0x0000000083000000, 0x0000000082f00000| Untracked 
|  12|0x0000000083000000, 0x0000000083100000, 0x0000000083100000|100%| O|  |TAMS 0x0000000083100000, 0x0000000083000000| Untracked 
|  13|0x0000000083100000, 0x0000000083200000, 0x0000000083200000|100%| O|  |TAMS 0x0000000083200000, 0x0000000083100000| Untracked 
|  14|0x0000000083200000, 0x0000000083300000, 0x0000000083300000|100%| O|  |TAMS 0x0000000083300000, 0x0000000083200000| Untracked 
|  15|0x0000000083300000, 0x0000000083400000, 0x0000000083400000|100%| O|  |TAMS 0x0000000083400000, 0x0000000083300000| Untracked 
|  16|0x0000000083400000, 0x0000000083500000, 0x0000000083500000|100%| O|  |TAMS 0x0000000083500000, 0x0000000083400000| Untracked 
|  17|0x0000000083500000, 0x0000000083600000, 0x0000000083600000|100%| O|  |TAMS 0x0000000083600000, 0x0000000083500000| Untracked 
|  18|0x0000000083600000, 0x0000000083700000, 0x0000000083700000|100%| O|  |TAMS 0x0000000083700000, 0x0000000083600000| Untracked 
|  19|0x0000000083700000, 0x0000000083800000, 0x0000000083800000|100%| O|  |TAMS 0x0000000083800000, 0x0000000083700000| Untracked 
|  20|0x0000000083800000, 0x0000000083900000, 0x0000000083900000|100%| O|  |TAMS 0x0000000083900000, 0x0000000083800000| Untracked 
|  21|0x0000000083900000, 0x0000000083a00000, 0x0000000083a00000|100%| O|  |TAMS 0x0000000083a00000, 0x0000000083900000| Untracked 
|  22|0x0000000083a00000, 0x0000000083b00000, 0x0000000083b00000|100%| O|  |TAMS 0x0000000083b00000, 0x0000000083a00000| Untracked 
|  23|0x0000000083b00000, 0x0000000083c00000, 0x0000000083c00000|100%| O|  |TAMS 0x0000000083c00000, 0x0000000083b00000| Untracked 
|  24|0x0000000083c00000, 0x0000000083d00000, 0x0000000083d00000|100%| O|  |TAMS 0x0000000083d00000, 0x0000000083c00000| Untracked 
|  25|0x0000000083d00000, 0x0000000083e00000, 0x0000000083e00000|100%| O|  |TAMS 0x0000000083e00000, 0x0000000083d00000| Untracked 
|  26|0x0000000083e00000, 0x0000000083f00000, 0x0000000083f00000|100%| O|  |TAMS 0x0000000083f00000, 0x0000000083e00000| Untracked 
|  27|0x0000000083f00000, 0x0000000084000000, 0x0000000084000000|100%| O|  |TAMS 0x0000000084000000, 0x0000000083f00000| Untracked 
|  28|0x0000000084000000, 0x0000000084100000, 0x0000000084100000|100%| O|  |TAMS 0x0000000084100000, 0x0000000084000000| Untracked 
|  29|0x0000000084100000, 0x0000000084200000, 0x0000000084200000|100%| O|  |TAMS 0x0000000084200000, 0x0000000084100000| Untracked 
|  30|0x0000000084200000, 0x0000000084300000, 0x0000000084300000|100%| O|  |TAMS 0x0000000084300000, 0x0000000084200000| Untracked 
|  31|0x0000000084300000, 0x0000000084400000, 0x0000000084400000|100%| O|  |TAMS 0x0000000084400000, 0x0000000084300000| Untracked 
|  32|0x0000000084400000, 0x0000000084500000, 0x0000000084500000|100%| O|  |TAMS 0x0000000084500000, 0x0000000084400000| Untracked 
|  33|0x0000000084500000, 0x0000000084600000, 0x0000000084600000|100%| O|  |TAMS 0x0000000084600000, 0x0000000084500000| Untracked 
|  34|0x0000000084600000, 0x0000000084700000, 0x0000000084700000|100%| O|  |TAMS 0x0000000084700000, 0x0000000084600000| Untracked 
|  35|0x0000000084700000, 0x0000000084800000, 0x0000000084800000|100%| O|  |TAMS 0x0000000084800000, 0x0000000084700000| Untracked 
|  36|0x0000000084800000, 0x0000000084900000, 0x0000000084900000|100%| O|  |TAMS 0x0000000084900000, 0x0000000084800000| Untracked 
|  37|0x0000000084900000, 0x0000000084a00000, 0x0000000084a00000|100%| O|  |TAMS 0x0000000084a00000, 0x0000000084900000| Untracked 
|  38|0x0000000084a00000, 0x0000000084b00000, 0x0000000084b00000|100%| O|  |TAMS 0x0000000084b00000, 0x0000000084a00000| Untracked 
|  39|0x0000000084b00000, 0x0000000084c00000, 0x0000000084c00000|100%| O|  |TAMS 0x0000000084c00000, 0x0000000084b00000| Untracked 
|  40|0x0000000084c00000, 0x0000000084d00000, 0x0000000084d00000|100%| O|  |TAMS 0x0000000084d00000, 0x0000000084c00000| Untracked 
|  41|0x0000000084d00000, 0x0000000084d00000, 0x0000000084e00000|  0%| F|  |TAMS 0x0000000084d00000, 0x0000000084d00000| Untracked 
|  42|0x0000000084e00000, 0x0000000084e00000, 0x0000000084f00000|  0%| F|  |TAMS 0x0000000084e00000, 0x0000000084e00000| Untracked 
|  43|0x0000000084f00000, 0x0000000084f00000, 0x0000000085000000|  0%| F|  |TAMS 0x0000000084f00000, 0x0000000084f00000| Untracked 
|  44|0x0000000085000000, 0x0000000085000000, 0x0000000085100000|  0%| F|  |TAMS 0x0000000085000000, 0x0000000085000000| Untracked 
|  45|0x0000000085100000, 0x0000000085100000, 0x0000000085200000|  0%| F|  |TAMS 0x0000000085100000, 0x0000000085100000| Untracked 
|  46|0x0000000085200000, 0x0000000085200000, 0x0000000085300000|  0%| F|  |TAMS 0x0000000085200000, 0x0000000085200000| Untracked 
|  47|0x0000000085300000, 0x0000000085300000, 0x0000000085400000|  0%| F|  |TAMS 0x0000000085300000, 0x0000000085300000| Untracked 
|  48|0x0000000085400000, 0x0000000085400000, 0x0000000085500000|  0%| F|  |TAMS 0x0000000085400000, 0x0000000085400000| Untracked 
|  49|0x0000000085500000, 0x0000000085500000, 0x0000000085600000|  0%| F|  |TAMS 0x0000000085500000, 0x0000000085500000| Untracked 
|  50|0x0000000085600000, 0x0000000085600000, 0x0000000085700000|  0%| F|  |TAMS 0x0000000085600000, 0x0000000085600000| Untracked 
|  51|0x0000000085700000, 0x0000000085700000, 0x0000000085800000|  0%| F|  |TAMS 0x0000000085700000, 0x0000000085700000| Untracked 
|  52|0x0000000085800000, 0x0000000085800000, 0x0000000085900000|  0%| F|  |TAMS 0x0000000085800000, 0x0000000085800000| Untracked 
|  53|0x0000000085900000, 0x0000000085900000, 0x0000000085a00000|  0%| F|  |TAMS 0x0000000085900000, 0x0000000085900000| Untracked 
|  54|0x0000000085a00000, 0x0000000085a00000, 0x0000000085b00000|  0%| F|  |TAMS 0x0000000085a00000, 0x0000000085a00000| Untracked 
|  55|0x0000000085b00000, 0x0000000085b00000, 0x0000000085c00000|  0%| F|  |TAMS 0x0000000085b00000, 0x0000000085b00000| Untracked 
|  56|0x0000000085c00000, 0x0000000085c00000, 0x0000000085d00000|  0%| F|  |TAMS 0x0000000085c00000, 0x0000000085c00000| Untracked 
|  57|0x0000000085d00000, 0x0000000085d00000, 0x0000000085e00000|  0%| F|  |TAMS 0x0000000085d00000, 0x0000000085d00000| Untracked 
|  58|0x0000000085e00000, 0x0000000085e00000, 0x0000000085f00000|  0%| F|  |TAMS 0x0000000085e00000, 0x0000000085e00000| Untracked 
|  59|0x0000000085f00000, 0x0000000085f00000, 0x0000000086000000|  0%| F|  |TAMS 0x0000000085f00000, 0x0000000085f00000| Untracked 
|  60|0x0000000086000000, 0x0000000086000000, 0x0000000086100000|  0%| F|  |TAMS 0x0000000086000000, 0x0000000086000000| Untracked 
|  61|0x0000000086100000, 0x0000000086100000, 0x0000000086200000|  0%| F|  |TAMS 0x0000000086100000, 0x0000000086100000| Untracked 
|  62|0x0000000086200000, 0x0000000086200000, 0x0000000086300000|  0%| F|  |TAMS 0x0000000086200000, 0x0000000086200000| Untracked 
|  63|0x0000000086300000, 0x0000000086300000, 0x0000000086400000|  0%| F|  |TAMS 0x0000000086300000, 0x0000000086300000| Untracked 
|  64|0x0000000086400000, 0x0000000086400000, 0x0000000086500000|  0%| F|  |TAMS 0x0000000086400000, 0x0000000086400000| Untracked 
|  65|0x0000000086500000, 0x0000000086500000, 0x0000000086600000|  0%| F|  |TAMS 0x0000000086500000, 0x0000000086500000| Untracked 
|  66|0x0000000086600000, 0x0000000086600000, 0x0000000086700000|  0%| F|  |TAMS 0x0000000086600000, 0x0000000086600000| Untracked 
|  67|0x0000000086700000, 0x0000000086700000, 0x0000000086800000|  0%| F|  |TAMS 0x0000000086700000, 0x0000000086700000| Untracked 
|  68|0x0000000086800000, 0x0000000086800000, 0x0000000086900000|  0%| F|  |TAMS 0x0000000086800000, 0x0000000086800000| Untracked 
|  69|0x0000000086900000, 0x0000000086900000, 0x0000000086a00000|  0%| F|  |TAMS 0x0000000086900000, 0x0000000086900000| Untracked 
|  70|0x0000000086a00000, 0x0000000086a00000, 0x0000000086b00000|  0%| F|  |TAMS 0x0000000086a00000, 0x0000000086a00000| Untracked 
|  71|0x0000000086b00000, 0x0000000086b00000, 0x0000000086c00000|  0%| F|  |TAMS 0x0000000086b00000, 0x0000000086b00000| Untracked 
|  72|0x0000000086c00000, 0x0000000086c00000, 0x0000000086d00000|  0%| F|  |TAMS 0x0000000086c00000, 0x0000000086c00000| Untracked 
|  73|0x0000000086d00000, 0x0000000086d00000, 0x0000000086e00000|  0%| F|  |TAMS 0x0000000086d00000, 0x0000000086d00000| Untracked 
|  74|0x0000000086e00000, 0x0000000086e00000, 0x0000000086f00000|  0%| F|  |TAMS 0x0000000086e00000, 0x0000000086e00000| Untracked 
|  75|0x0000000086f00000, 0x0000000086f00000, 0x0000000087000000|  0%| F|  |TAMS 0x0000000086f00000, 0x0000000086f00000| Untracked 
|  76|0x0000000087000000, 0x0000000087000000, 0x0000000087100000|  0%| F|  |TAMS 0x0000000087000000, 0x0000000087000000| Untracked 
|  77|0x0000000087100000, 0x0000000087100000, 0x0000000087200000|  0%| F|  |TAMS 0x0000000087100000, 0x0000000087100000| Untracked 
|  78|0x0000000087200000, 0x0000000087200000, 0x0000000087300000|  0%| F|  |TAMS 0x0000000087200000, 0x0000000087200000| Untracked 
|  79|0x0000000087300000, 0x000000008735a700, 0x0000000087400000| 35%| S|CS|TAMS 0x0000000087300000, 0x0000000087300000| Complete 
|  80|0x0000000087400000, 0x0000000087500000, 0x0000000087500000|100%| S|CS|TAMS 0x0000000087400000, 0x0000000087400000| Complete 
|  81|0x0000000087500000, 0x0000000087600000, 0x0000000087600000|100%| S|CS|TAMS 0x0000000087500000, 0x0000000087500000| Complete 
|  82|0x0000000087600000, 0x0000000087700000, 0x0000000087700000|100%| S|CS|TAMS 0x0000000087600000, 0x0000000087600000| Complete 
|  83|0x0000000087700000, 0x0000000087800000, 0x0000000087800000|100%| S|CS|TAMS 0x0000000087700000, 0x0000000087700000| Complete 
|  84|0x0000000087800000, 0x0000000087900000, 0x0000000087900000|100%| S|CS|TAMS 0x0000000087800000, 0x0000000087800000| Complete 
|  85|0x0000000087900000, 0x0000000087a00000, 0x0000000087a00000|100%| S|CS|TAMS 0x0000000087900000, 0x0000000087900000| Complete 
|  86|0x0000000087a00000, 0x0000000087b00000, 0x0000000087b00000|100%| S|CS|TAMS 0x0000000087a00000, 0x0000000087a00000| Complete 
|  87|0x0000000087b00000, 0x0000000087b00000, 0x0000000087c00000|  0%| F|  |TAMS 0x0000000087b00000, 0x0000000087b00000| Untracked 
|  88|0x0000000087c00000, 0x0000000087c00000, 0x0000000087d00000|  0%| F|  |TAMS 0x0000000087c00000, 0x0000000087c00000| Untracked 
|  89|0x0000000087d00000, 0x0000000087d00000, 0x0000000087e00000|  0%| F|  |TAMS 0x0000000087d00000, 0x0000000087d00000| Untracked 
|  90|0x0000000087e00000, 0x0000000087e00000, 0x0000000087f00000|  0%| F|  |TAMS 0x0000000087e00000, 0x0000000087e00000| Untracked 
|  91|0x0000000087f00000, 0x0000000087f00000, 0x0000000088000000|  0%| F|  |TAMS 0x0000000087f00000, 0x0000000087f00000| Untracked 
|  92|0x0000000088000000, 0x0000000088000000, 0x0000000088100000|  0%| F|  |TAMS 0x0000000088000000, 0x0000000088000000| Untracked 
|  93|0x0000000088100000, 0x0000000088100000, 0x0000000088200000|  0%| F|  |TAMS 0x0000000088100000, 0x0000000088100000| Untracked 
|  94|0x0000000088200000, 0x0000000088200000, 0x0000000088300000|  0%| F|  |TAMS 0x0000000088200000, 0x0000000088200000| Untracked 
|  95|0x0000000088300000, 0x0000000088300000, 0x0000000088400000|  0%| F|  |TAMS 0x0000000088300000, 0x0000000088300000| Untracked 
|  96|0x0000000088400000, 0x0000000088400000, 0x0000000088500000|  0%| F|  |TAMS 0x0000000088400000, 0x0000000088400000| Untracked 
|  97|0x0000000088500000, 0x0000000088500000, 0x0000000088600000|  0%| F|  |TAMS 0x0000000088500000, 0x0000000088500000| Untracked 
|  98|0x0000000088600000, 0x0000000088600000, 0x0000000088700000|  0%| F|  |TAMS 0x0000000088600000, 0x0000000088600000| Untracked 
|  99|0x0000000088700000, 0x0000000088700000, 0x0000000088800000|  0%| F|  |TAMS 0x0000000088700000, 0x0000000088700000| Untracked 
| 100|0x0000000088800000, 0x0000000088800000, 0x0000000088900000|  0%| F|  |TAMS 0x0000000088800000, 0x0000000088800000| Untracked 
| 101|0x0000000088900000, 0x0000000088900000, 0x0000000088a00000|  0%| F|  |TAMS 0x0000000088900000, 0x0000000088900000| Untracked 
| 102|0x0000000088a00000, 0x0000000088a00000, 0x0000000088b00000|  0%| F|  |TAMS 0x0000000088a00000, 0x0000000088a00000| Untracked 
| 103|0x0000000088b00000, 0x0000000088b00000, 0x0000000088c00000|  0%| F|  |TAMS 0x0000000088b00000, 0x0000000088b00000| Untracked 
| 104|0x0000000088c00000, 0x0000000088c00000, 0x0000000088d00000|  0%| F|  |TAMS 0x0000000088c00000, 0x0000000088c00000| Untracked 
| 105|0x0000000088d00000, 0x0000000088d00000, 0x0000000088e00000|  0%| F|  |TAMS 0x0000000088d00000, 0x0000000088d00000| Untracked 
| 106|0x0000000088e00000, 0x0000000088e00000, 0x0000000088f00000|  0%| F|  |TAMS 0x0000000088e00000, 0x0000000088e00000| Untracked 
| 107|0x0000000088f00000, 0x0000000088f00000, 0x0000000089000000|  0%| F|  |TAMS 0x0000000088f00000, 0x0000000088f00000| Untracked 
| 108|0x0000000089000000, 0x0000000089000000, 0x0000000089100000|  0%| F|  |TAMS 0x0000000089000000, 0x0000000089000000| Untracked 
| 109|0x0000000089100000, 0x0000000089100000, 0x0000000089200000|  0%| F|  |TAMS 0x0000000089100000, 0x0000000089100000| Untracked 
| 110|0x0000000089200000, 0x0000000089200000, 0x0000000089300000|  0%| F|  |TAMS 0x0000000089200000, 0x0000000089200000| Untracked 
| 111|0x0000000089300000, 0x0000000089300000, 0x0000000089400000|  0%| F|  |TAMS 0x0000000089300000, 0x0000000089300000| Untracked 
| 112|0x0000000089400000, 0x0000000089400000, 0x0000000089500000|  0%| F|  |TAMS 0x0000000089400000, 0x0000000089400000| Untracked 
| 113|0x0000000089500000, 0x0000000089500000, 0x0000000089600000|  0%| F|  |TAMS 0x0000000089500000, 0x0000000089500000| Untracked 
| 114|0x0000000089600000, 0x0000000089600000, 0x0000000089700000|  0%| F|  |TAMS 0x0000000089600000, 0x0000000089600000| Untracked 
| 115|0x0000000089700000, 0x0000000089700000, 0x0000000089800000|  0%| F|  |TAMS 0x0000000089700000, 0x0000000089700000| Untracked 
| 116|0x0000000089800000, 0x0000000089800000, 0x0000000089900000|  0%| F|  |TAMS 0x0000000089800000, 0x0000000089800000| Untracked 
| 117|0x0000000089900000, 0x0000000089900000, 0x0000000089a00000|  0%| F|  |TAMS 0x0000000089900000, 0x0000000089900000| Untracked 
| 118|0x0000000089a00000, 0x0000000089a00000, 0x0000000089b00000|  0%| F|  |TAMS 0x0000000089a00000, 0x0000000089a00000| Untracked 
| 119|0x0000000089b00000, 0x0000000089b00000, 0x0000000089c00000|  0%| F|  |TAMS 0x0000000089b00000, 0x0000000089b00000| Untracked 
| 120|0x0000000089c00000, 0x0000000089c00000, 0x0000000089d00000|  0%| F|  |TAMS 0x0000000089c00000, 0x0000000089c00000| Untracked 
| 121|0x0000000089d00000, 0x0000000089d00000, 0x0000000089e00000|  0%| F|  |TAMS 0x0000000089d00000, 0x0000000089d00000| Untracked 
| 122|0x0000000089e00000, 0x0000000089e00000, 0x0000000089f00000|  0%| F|  |TAMS 0x0000000089e00000, 0x0000000089e00000| Untracked 
| 123|0x0000000089f00000, 0x0000000089f00000, 0x000000008a000000|  0%| F|  |TAMS 0x0000000089f00000, 0x0000000089f00000| Untracked 
| 124|0x000000008a000000, 0x000000008a000000, 0x000000008a100000|  0%| F|  |TAMS 0x000000008a000000, 0x000000008a000000| Untracked 
| 125|0x000000008a100000, 0x000000008a100000, 0x000000008a200000|  0%| F|  |TAMS 0x000000008a100000, 0x000000008a100000| Untracked 
| 126|0x000000008a200000, 0x000000008a200000, 0x000000008a300000|  0%| F|  |TAMS 0x000000008a200000, 0x000000008a200000| Untracked 
| 127|0x000000008a300000, 0x000000008a300000, 0x000000008a400000|  0%| F|  |TAMS 0x000000008a300000, 0x000000008a300000| Untracked 
| 128|0x000000008a400000, 0x000000008a400000, 0x000000008a500000|  0%| F|  |TAMS 0x000000008a400000, 0x000000008a400000| Untracked 
| 129|0x000000008a500000, 0x000000008a500000, 0x000000008a600000|  0%| F|  |TAMS 0x000000008a500000, 0x000000008a500000| Untracked 
| 130|0x000000008a600000, 0x000000008a600000, 0x000000008a700000|  0%| F|  |TAMS 0x000000008a600000, 0x000000008a600000| Untracked 
| 131|0x000000008a700000, 0x000000008a780800, 0x000000008a800000| 50%| E|  |TAMS 0x000000008a700000, 0x000000008a700000| Complete 
| 132|0x000000008a800000, 0x000000008a900000, 0x000000008a900000|100%| E|CS|TAMS 0x000000008a800000, 0x000000008a800000| Complete 
| 133|0x000000008a900000, 0x000000008aa00000, 0x000000008aa00000|100%| E|CS|TAMS 0x000000008a900000, 0x000000008a900000| Complete 
| 134|0x000000008aa00000, 0x000000008ab00000, 0x000000008ab00000|100%| E|CS|TAMS 0x000000008aa00000, 0x000000008aa00000| Complete 
| 135|0x000000008ab00000, 0x000000008ac00000, 0x000000008ac00000|100%| E|CS|TAMS 0x000000008ab00000, 0x000000008ab00000| Complete 
| 136|0x000000008ac00000, 0x000000008ad00000, 0x000000008ad00000|100%| E|CS|TAMS 0x000000008ac00000, 0x000000008ac00000| Complete 
| 137|0x000000008ad00000, 0x000000008ae00000, 0x000000008ae00000|100%| E|CS|TAMS 0x000000008ad00000, 0x000000008ad00000| Complete 
| 138|0x000000008ae00000, 0x000000008af00000, 0x000000008af00000|100%| E|CS|TAMS 0x000000008ae00000, 0x000000008ae00000| Complete 
| 139|0x000000008af00000, 0x000000008b000000, 0x000000008b000000|100%| E|CS|TAMS 0x000000008af00000, 0x000000008af00000| Complete 
| 140|0x000000008b000000, 0x000000008b100000, 0x000000008b100000|100%| E|CS|TAMS 0x000000008b000000, 0x000000008b000000| Complete 
| 141|0x000000008b100000, 0x000000008b200000, 0x000000008b200000|100%| E|CS|TAMS 0x000000008b100000, 0x000000008b100000| Complete 
| 142|0x000000008b200000, 0x000000008b300000, 0x000000008b300000|100%| E|CS|TAMS 0x000000008b200000, 0x000000008b200000| Complete 
| 143|0x000000008b300000, 0x000000008b400000, 0x000000008b400000|100%| E|CS|TAMS 0x000000008b300000, 0x000000008b300000| Complete 
| 144|0x000000008b400000, 0x000000008b500000, 0x000000008b500000|100%| E|CS|TAMS 0x000000008b400000, 0x000000008b400000| Complete 
| 145|0x000000008b500000, 0x000000008b600000, 0x000000008b600000|100%| E|CS|TAMS 0x000000008b500000, 0x000000008b500000| Complete 
| 146|0x000000008b600000, 0x000000008b700000, 0x000000008b700000|100%| E|CS|TAMS 0x000000008b600000, 0x000000008b600000| Complete 
| 147|0x000000008b700000, 0x000000008b800000, 0x000000008b800000|100%| E|CS|TAMS 0x000000008b700000, 0x000000008b700000| Complete 
| 148|0x000000008b800000, 0x000000008b900000, 0x000000008b900000|100%| E|CS|TAMS 0x000000008b800000, 0x000000008b800000| Complete 
| 149|0x000000008b900000, 0x000000008ba00000, 0x000000008ba00000|100%| E|CS|TAMS 0x000000008b900000, 0x000000008b900000| Complete 
| 150|0x000000008ba00000, 0x000000008bb00000, 0x000000008bb00000|100%| E|CS|TAMS 0x000000008ba00000, 0x000000008ba00000| Complete 
| 151|0x000000008bb00000, 0x000000008bc00000, 0x000000008bc00000|100%| E|CS|TAMS 0x000000008bb00000, 0x000000008bb00000| Complete 
| 152|0x000000008bc00000, 0x000000008bd00000, 0x000000008bd00000|100%| E|CS|TAMS 0x000000008bc00000, 0x000000008bc00000| Complete 
| 153|0x000000008bd00000, 0x000000008be00000, 0x000000008be00000|100%| E|CS|TAMS 0x000000008bd00000, 0x000000008bd00000| Complete 
| 154|0x000000008be00000, 0x000000008bf00000, 0x000000008bf00000|100%| E|CS|TAMS 0x000000008be00000, 0x000000008be00000| Complete 
| 155|0x000000008bf00000, 0x000000008c000000, 0x000000008c000000|100%| E|CS|TAMS 0x000000008bf00000, 0x000000008bf00000| Complete 
| 156|0x000000008c000000, 0x000000008c100000, 0x000000008c100000|100%| E|CS|TAMS 0x000000008c000000, 0x000000008c000000| Complete 
| 157|0x000000008c100000, 0x000000008c200000, 0x000000008c200000|100%| E|CS|TAMS 0x000000008c100000, 0x000000008c100000| Complete 
| 158|0x000000008c200000, 0x000000008c300000, 0x000000008c300000|100%| E|CS|TAMS 0x000000008c200000, 0x000000008c200000| Complete 
| 159|0x000000008c300000, 0x000000008c400000, 0x000000008c400000|100%| E|CS|TAMS 0x000000008c300000, 0x000000008c300000| Complete 
| 160|0x000000008c400000, 0x000000008c500000, 0x000000008c500000|100%| E|CS|TAMS 0x000000008c400000, 0x000000008c400000| Complete 
| 161|0x000000008c500000, 0x000000008c600000, 0x000000008c600000|100%| E|CS|TAMS 0x000000008c500000, 0x000000008c500000| Complete 
| 162|0x000000008c600000, 0x000000008c700000, 0x000000008c700000|100%| E|CS|TAMS 0x000000008c600000, 0x000000008c600000| Complete 
| 163|0x000000008c700000, 0x000000008c800000, 0x000000008c800000|100%| E|CS|TAMS 0x000000008c700000, 0x000000008c700000| Complete 
| 164|0x000000008c800000, 0x000000008c900000, 0x000000008c900000|100%| E|CS|TAMS 0x000000008c800000, 0x000000008c800000| Complete 
| 165|0x000000008c900000, 0x000000008ca00000, 0x000000008ca00000|100%| E|CS|TAMS 0x000000008c900000, 0x000000008c900000| Complete 
| 166|0x000000008ca00000, 0x000000008cb00000, 0x000000008cb00000|100%| E|CS|TAMS 0x000000008ca00000, 0x000000008ca00000| Complete 
| 167|0x000000008cb00000, 0x000000008cc00000, 0x000000008cc00000|100%| E|CS|TAMS 0x000000008cb00000, 0x000000008cb00000| Complete 
| 168|0x000000008cc00000, 0x000000008cd00000, 0x000000008cd00000|100%| E|CS|TAMS 0x000000008cc00000, 0x000000008cc00000| Complete 
| 169|0x000000008cd00000, 0x000000008ce00000, 0x000000008ce00000|100%| E|CS|TAMS 0x000000008cd00000, 0x000000008cd00000| Complete 
| 170|0x000000008ce00000, 0x000000008cf00000, 0x000000008cf00000|100%| E|CS|TAMS 0x000000008ce00000, 0x000000008ce00000| Complete 
| 171|0x000000008cf00000, 0x000000008d000000, 0x000000008d000000|100%| E|CS|TAMS 0x000000008cf00000, 0x000000008cf00000| Complete 
| 172|0x000000008d000000, 0x000000008d100000, 0x000000008d100000|100%| E|CS|TAMS 0x000000008d000000, 0x000000008d000000| Complete 
| 173|0x000000008d100000, 0x000000008d200000, 0x000000008d200000|100%| E|CS|TAMS 0x000000008d100000, 0x000000008d100000| Complete 
| 174|0x000000008d200000, 0x000000008d300000, 0x000000008d300000|100%| E|CS|TAMS 0x000000008d200000, 0x000000008d200000| Complete 
| 175|0x000000008d300000, 0x000000008d400000, 0x000000008d400000|100%| E|CS|TAMS 0x000000008d300000, 0x000000008d300000| Complete 
| 176|0x000000008d400000, 0x000000008d500000, 0x000000008d500000|100%| E|CS|TAMS 0x000000008d400000, 0x000000008d400000| Complete 
| 177|0x000000008d500000, 0x000000008d600000, 0x000000008d600000|100%| E|CS|TAMS 0x000000008d500000, 0x000000008d500000| Complete 
| 178|0x000000008d600000, 0x000000008d700000, 0x000000008d700000|100%| E|CS|TAMS 0x000000008d600000, 0x000000008d600000| Complete 
| 179|0x000000008d700000, 0x000000008d800000, 0x000000008d800000|100%| E|CS|TAMS 0x000000008d700000, 0x000000008d700000| Complete 
| 180|0x000000008d800000, 0x000000008d900000, 0x000000008d900000|100%| E|CS|TAMS 0x000000008d800000, 0x000000008d800000| Complete 
| 181|0x000000008d900000, 0x000000008da00000, 0x000000008da00000|100%| E|CS|TAMS 0x000000008d900000, 0x000000008d900000| Complete 
| 182|0x000000008da00000, 0x000000008db00000, 0x000000008db00000|100%| E|CS|TAMS 0x000000008da00000, 0x000000008da00000| Complete 

Card table byte_map: [0x000002b82fdf0000,0x000002b8301e0000] _byte_map_base: 0x000002b82f9de000

Marking Bits (Prev, Next): (CMBitMap*) 0x000002b81cbf4160, (CMBitMap*) 0x000002b81cbf4128
 Prev Bits: [0x000002b832540000, 0x000002b8344b0000)
 Next Bits: [0x000002b8305d0000, 0x000002b832540000)

Polling page: 0x000002b81c390000

Metaspace:

Usage:
  Non-class:     62.25 MB capacity,    61.92 MB (>99%) used,   237.65 KB ( <1%) free+waste,    97.56 KB ( <1%) overhead. 
      Class:      7.96 MB capacity,     7.72 MB ( 97%) used,   204.85 KB (  3%) free+waste,    39.19 KB ( <1%) overhead. 
       Both:     70.21 MB capacity,    69.64 MB (>99%) used,   442.50 KB ( <1%) free+waste,   136.75 KB ( <1%) overhead. 

Virtual space:
  Non-class space:       64.00 MB reserved,      62.46 MB ( 98%) committed 
      Class space:        1.00 GB reserved,       8.00 MB ( <1%) committed 
             Both:        1.06 GB reserved,      70.46 MB (  6%) committed 

Chunk freelists:
   Non-Class:  23.00 KB
       Class:  8.00 KB
        Both:  31.00 KB

MaxMetaspaceSize: 17179869184.00 GB
CompressedClassSpaceSize: 1.00 GB
Initial GC threshold: 20.80 MB
Current GC threshold: 98.68 MB
CDS: off

CodeHeap 'non-profiled nmethods': size=120000Kb used=4332Kb max_used=4332Kb free=115667Kb
 bounds [0x000002b828190000, 0x000002b8285d0000, 0x000002b82f6c0000]
CodeHeap 'profiled nmethods': size=120000Kb used=20879Kb max_used=20879Kb free=99120Kb
 bounds [0x000002b820c60000, 0x000002b8220d0000, 0x000002b828190000]
CodeHeap 'non-nmethods': size=5760Kb used=1359Kb max_used=1396Kb free=4400Kb
 bounds [0x000002b8206c0000, 0x000002b820930000, 0x000002b820c60000]
 total_blobs=8387 nmethods=7730 adapters=567
 compilation: enabled
              stopped_count=0, restarted_count=0
 full_count=0

Compilation events (20 events):
Event: 8.401 Thread 0x000002b836f1f800 nmethod 7727 0x000002b8220a6010 code [0x000002b8220a61e0, 0x000002b8220a64e8]
Event: 8.401 Thread 0x000002b836f1f800 7680       1       org.jetbrains.kotlin.com.google.common.collect.ImmutableMapEntry::getNextInKeyBucket (2 bytes)
Event: 8.402 Thread 0x000002b836f1f800 nmethod 7680 0x000002b8285c5890 code [0x000002b8285c5a40, 0x000002b8285c5af8]
Event: 8.403 Thread 0x000002b83c09a000 nmethod 7730 0x000002b8285c5b90 code [0x000002b8285c5d40, 0x000002b8285c5e78]
Event: 8.403 Thread 0x000002b83c09a000 7693       4       org.jetbrains.kotlin.codegen.signature.JvmSignatureWriter::writeReturnType (1 bytes)
Event: 8.403 Thread 0x000002b83c09a000 nmethod 7693 0x000002b8285c6090 code [0x000002b8285c6220, 0x000002b8285c6278]
Event: 8.403 Thread 0x000002b83c09a000 7684       4       org.jetbrains.kotlin.name.FqNameUnsafe::toSafe (46 bytes)
Event: 8.403 Thread 0x000002b836f1f800 7731       3       java.util.Collections::singletonMap (10 bytes)
Event: 8.403 Thread 0x000002b836f1f800 nmethod 7731 0x000002b8220a6610 code [0x000002b8220a67e0, 0x000002b8220a6af8]
Event: 8.403 Thread 0x000002b836f1f800 7732       3       java.util.Collections$SingletonMap::<init> (15 bytes)
Event: 8.403 Thread 0x000002b836f1f800 nmethod 7732 0x000002b8220a6c10 code [0x000002b8220a6de0, 0x000002b8220a7058]
Event: 8.403 Thread 0x000002b836f1f800 7733       3       kotlin.collections.MapsKt__MapsJVMKt::mapOf (26 bytes)
Event: 8.404 Thread 0x000002b836f1f800 nmethod 7733 0x000002b8220a7110 code [0x000002b8220a7380, 0x000002b8220a7be8]
Event: 8.405 Thread 0x000002b83c09a000 nmethod 7684 0x000002b8285c6390 code [0x000002b8285c6540, 0x000002b8285c6778]
Event: 8.405 Thread 0x000002b83c09a000 7735       4       org.jetbrains.kotlin.ir.declarations.lazy.IrLazyFunction::tryLoadIr (67 bytes)
Event: 8.405 Thread 0x000002b836f1f800 7736       3       org.jetbrains.kotlin.builtins.KotlinBuiltIns::isArrayOrPrimitiveArray (29 bytes)
Event: 8.406 Thread 0x000002b83c09a000 nmethod 7735 0x000002b8285c6890 code [0x000002b8285c6a20, 0x000002b8285c6ad8]
Event: 8.406 Thread 0x000002b83c09a000 7734       4       java.util.ArrayList::toArray (57 bytes)
Event: 8.406 Thread 0x000002b836f1f800 nmethod 7736 0x000002b8220a7f10 code [0x000002b8220a8140, 0x000002b8220a85f8]
Event: 8.406 Thread 0x000002b836f1f800 7737       3       org.jetbrains.kotlin.codegen.signature.AsmTypeFactory::createObjectType (6 bytes)

GC Heap History (20 events):
Event: 0.607 GC heap before
{Heap before GC invocations=0 (full 0):
 garbage-first heap   total 129024K, used 27648K [0x0000000082400000, 0x0000000100000000)
  region size 1024K, 24 young (24576K), 0 survivors (0K)
 Metaspace       used 12373K, capacity 12504K, committed 12800K, reserved 1060864K
  class space    used 1168K, capacity 1207K, committed 1280K, reserved 1048576K
}
Event: 0.610 GC heap after
{Heap after GC invocations=1 (full 0):
 garbage-first heap   total 129024K, used 5914K [0x0000000082400000, 0x0000000100000000)
  region size 1024K, 3 young (3072K), 3 survivors (3072K)
 Metaspace       used 12373K, capacity 12504K, committed 12800K, reserved 1060864K
  class space    used 1168K, capacity 1207K, committed 1280K, reserved 1048576K
}
Event: 1.294 GC heap before
{Heap before GC invocations=1 (full 0):
 garbage-first heap   total 129024K, used 40730K [0x0000000082400000, 0x0000000100000000)
  region size 1024K, 38 young (38912K), 3 survivors (3072K)
 Metaspace       used 20898K, capacity 21087K, committed 21296K, reserved 1069056K
  class space    used 2224K, capacity 2312K, committed 2432K, reserved 1048576K
}
Event: 1.304 GC heap after
{Heap after GC invocations=2 (full 0):
 garbage-first heap   total 129024K, used 9114K [0x0000000082400000, 0x0000000100000000)
  region size 1024K, 6 young (6144K), 6 survivors (6144K)
 Metaspace       used 20898K, capacity 21087K, committed 21296K, reserved 1069056K
  class space    used 2224K, capacity 2312K, committed 2432K, reserved 1048576K
}
Event: 2.442 GC heap before
{Heap before GC invocations=3 (full 0):
 garbage-first heap   total 129024K, used 63386K [0x0000000082400000, 0x0000000100000000)
  region size 1024K, 54 young (55296K), 6 survivors (6144K)
 Metaspace       used 32690K, capacity 33140K, committed 33456K, reserved 1079296K
  class space    used 4093K, capacity 4278K, committed 4352K, reserved 1048576K
}
Event: 2.460 GC heap after
{Heap after GC invocations=4 (full 0):
 garbage-first heap   total 129024K, used 20170K [0x0000000082400000, 0x0000000100000000)
  region size 1024K, 7 young (7168K), 7 survivors (7168K)
 Metaspace       used 32690K, capacity 33140K, committed 33456K, reserved 1079296K
  class space    used 4093K, capacity 4278K, committed 4352K, reserved 1048576K
}
Event: 2.571 GC heap before
{Heap before GC invocations=4 (full 0):
 garbage-first heap   total 129024K, used 26314K [0x0000000082400000, 0x0000000100000000)
  region size 1024K, 13 young (13312K), 7 survivors (7168K)
 Metaspace       used 33979K, capacity 34420K, committed 34608K, reserved 1079296K
  class space    used 4230K, capacity 4406K, committed 4480K, reserved 1048576K
}
Event: 2.583 GC heap after
{Heap after GC invocations=5 (full 0):
 garbage-first heap   total 129024K, used 21750K [0x0000000082400000, 0x0000000100000000)
  region size 1024K, 2 young (2048K), 2 survivors (2048K)
 Metaspace       used 33979K, capacity 34420K, committed 34608K, reserved 1079296K
  class space    used 4230K, capacity 4406K, committed 4480K, reserved 1048576K
}
Event: 2.728 GC heap before
{Heap before GC invocations=5 (full 0):
 garbage-first heap   total 129024K, used 28918K [0x0000000082400000, 0x0000000100000000)
  region size 1024K, 10 young (10240K), 2 survivors (2048K)
 Metaspace       used 35382K, capacity 35807K, committed 35920K, reserved 1081344K
  class space    used 4385K, capacity 4570K, committed 4608K, reserved 1048576K
}
Event: 2.731 GC heap after
{Heap after GC invocations=6 (full 0):
 garbage-first heap   total 155648K, used 19833K [0x0000000082400000, 0x0000000100000000)
  region size 1024K, 2 young (2048K), 2 survivors (2048K)
 Metaspace       used 35382K, capacity 35807K, committed 35920K, reserved 1081344K
  class space    used 4385K, capacity 4570K, committed 4608K, reserved 1048576K
}
Event: 3.805 GC heap before
{Heap before GC invocations=7 (full 0):
 garbage-first heap   total 155648K, used 78201K [0x0000000082400000, 0x0000000100000000)
  region size 1024K, 57 young (58368K), 2 survivors (2048K)
 Metaspace       used 45918K, capacity 46364K, committed 46544K, reserved 1089536K
  class space    used 5483K, capacity 5677K, committed 5760K, reserved 1048576K
}
Event: 3.818 GC heap after
{Heap after GC invocations=8 (full 0):
 garbage-first heap   total 155648K, used 27986K [0x0000000082400000, 0x0000000100000000)
  region size 1024K, 8 young (8192K), 8 survivors (8192K)
 Metaspace       used 45918K, capacity 46364K, committed 46544K, reserved 1089536K
  class space    used 5483K, capacity 5677K, committed 5760K, reserved 1048576K
}
Event: 5.035 GC heap before
{Heap before GC invocations=8 (full 0):
 garbage-first heap   total 155648K, used 89426K [0x0000000082400000, 0x0000000100000000)
  region size 1024K, 67 young (68608K), 8 survivors (8192K)
 Metaspace       used 49617K, capacity 50154K, committed 50384K, reserved 1093632K
  class space    used 5726K, capacity 5911K, committed 6016K, reserved 1048576K
}
Event: 5.051 GC heap after
{Heap after GC invocations=9 (full 0):
 garbage-first heap   total 155648K, used 35744K [0x0000000082400000, 0x0000000100000000)
  region size 1024K, 8 young (8192K), 8 survivors (8192K)
 Metaspace       used 49617K, capacity 50154K, committed 50384K, reserved 1093632K
  class space    used 5726K, capacity 5911K, committed 6016K, reserved 1048576K
}
Event: 6.112 GC heap before
{Heap before GC invocations=9 (full 0):
 garbage-first heap   total 155648K, used 96160K [0x0000000082400000, 0x0000000100000000)
  region size 1024K, 67 young (68608K), 8 survivors (8192K)
 Metaspace       used 56044K, capacity 56599K, committed 56784K, reserved 1099776K
  class space    used 6449K, capacity 6702K, committed 6784K, reserved 1048576K
}
Event: 6.129 GC heap after
{Heap after GC invocations=10 (full 0):
 garbage-first heap   total 155648K, used 42120K [0x0000000082400000, 0x0000000100000000)
  region size 1024K, 7 young (7168K), 7 survivors (7168K)
 Metaspace       used 56044K, capacity 56599K, committed 56784K, reserved 1099776K
  class space    used 6449K, capacity 6702K, committed 6784K, reserved 1048576K
}
Event: 6.616 GC heap before
{Heap before GC invocations=10 (full 0):
 garbage-first heap   total 155648K, used 59528K [0x0000000082400000, 0x0000000100000000)
  region size 1024K, 25 young (25600K), 7 survivors (7168K)
 Metaspace       used 59558K, capacity 60098K, committed 60240K, reserved 1101824K
  class space    used 6812K, capacity 7058K, committed 7168K, reserved 1048576K
}
Event: 6.627 GC heap after
{Heap after GC invocations=11 (full 0):
 garbage-first heap   total 155648K, used 44440K [0x0000000082400000, 0x0000000100000000)
  region size 1024K, 3 young (3072K), 3 survivors (3072K)
 Metaspace       used 59558K, capacity 60098K, committed 60240K, reserved 1101824K
  class space    used 6812K, capacity 7058K, committed 7168K, reserved 1048576K
}
Event: 7.528 GC heap before
{Heap before GC invocations=12 (full 0):
 garbage-first heap   total 155648K, used 107928K [0x0000000082400000, 0x0000000100000000)
  region size 1024K, 65 young (66560K), 3 survivors (3072K)
 Metaspace       used 65747K, capacity 66338K, committed 66516K, reserved 1107968K
  class space    used 7430K, capacity 7666K, committed 7680K, reserved 1048576K
}
Event: 7.542 GC heap after
{Heap after GC invocations=13 (full 0):
 garbage-first heap   total 187392K, used 49513K [0x0000000082400000, 0x0000000100000000)
  region size 1024K, 8 young (8192K), 8 survivors (8192K)
 Metaspace       used 65747K, capacity 66338K, committed 66516K, reserved 1107968K
  class space    used 7430K, capacity 7666K, committed 7680K, reserved 1048576K
}

Deoptimization events (20 events):
Event: 8.216 Thread 0x000002b81cbb0800 Uncommon trap: trap_request=0xffffffde fr.pc=0x000002b8284c0428 relative=0x0000000000000708
Event: 8.216 Thread 0x000002b81cbb0800 Uncommon trap: reason=class_check action=maybe_recompile pc=0x000002b8284c0428 method=kotlin.text.StringsKt__AppendableKt.appendElement(Ljava/lang/Appendable;Ljava/lang/Object;Lkotlin/jvm/functions/Function1;)V @ 14 c2
Event: 8.216 Thread 0x000002b81cbb0800 DEOPT PACKING pc=0x000002b8284c0428 sp=0x000000bff85fc860
Event: 8.216 Thread 0x000002b81cbb0800 DEOPT UNPACKING pc=0x000002b82070a1af sp=0x000000bff85fc838 mode 2
Event: 8.216 Thread 0x000002b81cbb0800 Uncommon trap: trap_request=0xffffffde fr.pc=0x000002b8284c0428 relative=0x0000000000000708
Event: 8.216 Thread 0x000002b81cbb0800 Uncommon trap: reason=class_check action=maybe_recompile pc=0x000002b8284c0428 method=kotlin.text.StringsKt__AppendableKt.appendElement(Ljava/lang/Appendable;Ljava/lang/Object;Lkotlin/jvm/functions/Function1;)V @ 14 c2
Event: 8.216 Thread 0x000002b81cbb0800 DEOPT PACKING pc=0x000002b8284c0428 sp=0x000000bff85fc7f0
Event: 8.216 Thread 0x000002b81cbb0800 DEOPT UNPACKING pc=0x000002b82070a1af sp=0x000000bff85fc7c8 mode 2
Event: 8.217 Thread 0x000002b81cbb0800 Uncommon trap: trap_request=0xffffff4d fr.pc=0x000002b8283c64ac relative=0x00000000000004ec
Event: 8.217 Thread 0x000002b81cbb0800 Uncommon trap: reason=unstable_if action=reinterpret pc=0x000002b8283c64ac method=java.lang.String.valueOf(Ljava/lang/Object;)Ljava/lang/String; @ 1 c2
Event: 8.217 Thread 0x000002b81cbb0800 DEOPT PACKING pc=0x000002b8283c64ac sp=0x000000bff85fce40
Event: 8.217 Thread 0x000002b81cbb0800 DEOPT UNPACKING pc=0x000002b82070a1af sp=0x000000bff85fcdd8 mode 2
Event: 8.270 Thread 0x000002b81cbb0800 Uncommon trap: trap_request=0xffffff4d fr.pc=0x000002b8284829b0 relative=0x0000000000000090
Event: 8.270 Thread 0x000002b81cbb0800 Uncommon trap: reason=unstable_if action=reinterpret pc=0x000002b8284829b0 method=java.lang.StringLatin1.lastIndexOf([BI[BII)I @ 32 c2
Event: 8.270 Thread 0x000002b81cbb0800 DEOPT PACKING pc=0x000002b8284829b0 sp=0x000000bff85fc530
Event: 8.270 Thread 0x000002b81cbb0800 DEOPT UNPACKING pc=0x000002b82070a1af sp=0x000000bff85fc488 mode 2
Event: 8.297 Thread 0x000002b81cbb0800 Uncommon trap: trap_request=0xffffff4d fr.pc=0x000002b8284a7118 relative=0x0000000000000b38
Event: 8.297 Thread 0x000002b81cbb0800 Uncommon trap: reason=unstable_if action=reinterpret pc=0x000002b8284a7118 method=org.jetbrains.kotlin.utils.SmartSet.add(Ljava/lang/Object;)Z @ 32 c2
Event: 8.297 Thread 0x000002b81cbb0800 DEOPT PACKING pc=0x000002b8284a7118 sp=0x000000bff85fdd10
Event: 8.297 Thread 0x000002b81cbb0800 DEOPT UNPACKING pc=0x000002b82070a1af sp=0x000000bff85fdcf0 mode 2

Classes redefined (0 events):
No events

Internal exceptions (20 events):
Event: 1.667 Thread 0x000002b81cbb0800 Exception <a 'java/lang/NoSuchMethodError'{0x00000000890377f0}: 'void java.lang.invoke.DirectMethodHandle$Holder.invokeStaticInit(java.lang.Object, java.lang.Object)'> (0x00000000890377f0) thrown at [./src/hotspot/share/interpreter/linkResolver.cpp, line 773]
Event: 1.789 Thread 0x000002b81cbb0800 Exception <a 'java/lang/NoSuchMethodError'{0x0000000088c55d30}: 'void java.lang.invoke.DirectMethodHandle$Holder.invokeVirtual(java.lang.Object, java.lang.Object)'> (0x0000000088c55d30) thrown at [./src/hotspot/share/interpreter/linkResolver.cpp, line 773]
Event: 1.801 Thread 0x000002b81cbb0800 Exception <a 'java/lang/NoSuchMethodError'{0x0000000088cc90e0}: 'int java.lang.invoke.DirectMethodHandle$Holder.invokeVirtual(java.lang.Object, java.lang.Object)'> (0x0000000088cc90e0) thrown at [./src/hotspot/share/interpreter/linkResolver.cpp, line 773]
Event: 2.657 Thread 0x000002b81cbb0800 Exception <a 'java/lang/NoSuchMethodError'{0x000000008a086ef8}: 'java.lang.Object java.lang.invoke.DirectMethodHandle$Holder.invokeVirtual(java.lang.Object, java.lang.Object, java.lang.Object)'> (0x000000008a086ef8) thrown at [./src/hotspot/share/interpreter/linkResolver.cpp, line 773]
Event: 3.376 Thread 0x000002b81cbb0800 Exception <a 'java/lang/NoSuchMethodError'{0x000000008980d0b8}: 'java.lang.Object java.lang.invoke.DirectMethodHandle$Holder.invokeStatic(java.lang.Object, java.lang.Object, java.lang.Object, int)'> (0x000000008980d0b8) thrown at [./src/hotspot/share/interpreter/linkResolver.cpp, line 773]
Event: 3.377 Thread 0x000002b81cbb0800 Exception <a 'java/lang/NoSuchMethodError'{0x0000000089810d28}: 'java.lang.Object java.lang.invoke.DirectMethodHandle$Holder.invokeSpecial(java.lang.Object, java.lang.Object, java.lang.Object, java.lang.Object, int)'> (0x0000000089810d28) thrown at [./src/hotspot/share/interpreter/linkResolver.cpp, line 773]
Event: 3.377 Thread 0x000002b81cbb0800 Exception <a 'java/lang/NoSuchMethodError'{0x0000000089814038}: 'java.lang.Object java.lang.invoke.Invokers$Holder.linkToTargetMethod(java.lang.Object, java.lang.Object, int, java.lang.Object)'> (0x0000000089814038) thrown at [./src/hotspot/share/interpreter/linkResolver.cpp, line 773]
Event: 3.503 Thread 0x000002b81cbb0800 Exception <a 'java/lang/NoSuchMethodError'{0x0000000088ff42b8}: 'java.lang.Object java.lang.invoke.Invokers$Holder.linkToTargetMethod(java.lang.Object, int, java.lang.Object)'> (0x0000000088ff42b8) thrown at [./src/hotspot/share/interpreter/linkResolver.cpp, line 773]
Event: 4.353 Thread 0x000002b81cbb0800 Exception <a 'java/lang/NoSuchMethodError'{0x0000000089884628}: 'java.lang.Object java.lang.invoke.DirectMethodHandle$Holder.invokeStaticInit(java.lang.Object, java.lang.Object, java.lang.Object)'> (0x0000000089884628) thrown at [./src/hotspot/share/interpreter/linkResolver.cpp, line 773]
Event: 5.417 Thread 0x000002b81cbb0800 Implicit null exception at 0x000002b8281ecf5e to 0x000002b8281ed6ca
Event: 5.417 Thread 0x000002b81cbb0800 Implicit null exception at 0x000002b8281d2baf to 0x000002b8281d2c1d
Event: 5.437 Thread 0x000002b81cbb0800 Exception <a 'java/lang/NoSuchMethodError'{0x0000000089f90e38}: 'java.lang.Object java.lang.invoke.Invokers$Holder.linkToTargetMethod(java.lang.Object, java.lang.Object, java.lang.Object, java.lang.Object, java.lang.Object, java.lang.Object)'> (0x0000000089f90e38) thrown at [./src/hotspot/share/interpreter/linkResolver.cpp, line 773]
Event: 5.591 Thread 0x000002b81cbb0800 Implicit null exception at 0x000002b8283ebc4c to 0x000002b8283ebd28
Event: 5.619 Thread 0x000002b81cbb0800 Implicit null exception at 0x000002b8283bf0fc to 0x000002b8283bfa4c
Event: 5.846 Thread 0x000002b81cbb0800 Exception <a 'java/lang/NoSuchMethodError'{0x00000000889b6080}: 'java.lang.Object java.lang.invoke.Invokers$Holder.linkToTargetMethod(java.lang.Object, java.lang.Object, java.lang.Object, int, int, java.lang.Object)'> (0x00000000889b6080) thrown at [./src/hotspot/share/interpreter/linkResolver.cpp, line 773]
Event: 5.918 Thread 0x000002b81cbb0800 Implicit null exception at 0x000002b8281e79f5 to 0x000002b8281e7bbc
Event: 6.018 Thread 0x000002b81cbb0800 Exception <a 'java/lang/NoSuchMethodError'{0x00000000882d6470}: 'java.lang.Object java.lang.invoke.DirectMethodHandle$Holder.invokeStaticInit(java.lang.Object, java.lang.Object, java.lang.Object, java.lang.Object)'> (0x00000000882d6470) thrown at [./src/hotspot/share/interpreter/linkResolver.cpp, line 773]
Event: 6.556 Thread 0x000002b81cbb0800 Exception <a 'java/lang/NoSuchMethodError'{0x000000008ad36f88}: 'int java.lang.invoke.DirectMethodHandle$Holder.invokeStaticInit(java.lang.Object, java.lang.Object, java.lang.Object, java.lang.Object)'> (0x000000008ad36f88) thrown at [./src/hotspot/share/interpreter/linkResolver.cpp, line 773]
Event: 7.414 Thread 0x000002b81cbb0800 Implicit null exception at 0x000002b8285334f2 to 0x000002b82853359d
Event: 7.426 Thread 0x000002b81cbb0800 Implicit null exception at 0x000002b828536e6f to 0x000002b8285371e8

Events (20 events):
Event: 8.290 loading class org/jetbrains/kotlin/codegen/optimization/fixStack/FixStackMethodTransformer$transformAfterInlineCallMarker$3
Event: 8.290 loading class org/jetbrains/kotlin/codegen/optimization/fixStack/FixStackMethodTransformer$transformAfterInlineCallMarker$3 done
Event: 8.290 loading class org/jetbrains/kotlin/codegen/optimization/common/CustomFramesMethodAnalyzer
Event: 8.290 loading class org/jetbrains/kotlin/codegen/optimization/common/CustomFramesMethodAnalyzer done
Event: 8.290 loading class org/jetbrains/kotlin/codegen/coroutines/UninitializedStoresProcessor$run$frames$1
Event: 8.290 loading class org/jetbrains/kotlin/codegen/coroutines/UninitializedStoresProcessor$run$frames$1 done
Event: 8.291 loading class org/jetbrains/kotlin/codegen/coroutines/UninitializedStoresProcessor$UninitializedNewValueFrame
Event: 8.291 loading class org/jetbrains/kotlin/codegen/coroutines/UninitializedStoresProcessor$UninitializedNewValueFrame done
Event: 8.291 loading class org/jetbrains/kotlin/codegen/optimization/common/StrictBasicValue$Companion
Event: 8.291 loading class org/jetbrains/kotlin/codegen/optimization/common/StrictBasicValue$Companion done
Event: 8.292 loading class org/jetbrains/kotlin/codegen/coroutines/UninitializedStoresProcessor$UninitializedNewValue
Event: 8.292 loading class org/jetbrains/kotlin/codegen/coroutines/UninitializedStoresProcessor$UninitializedNewValue done
Event: 8.293 loading class org/jetbrains/kotlin/codegen/optimization/temporaryVals/TemporaryValsAnalyzer$StoreData
Event: 8.293 loading class org/jetbrains/kotlin/codegen/optimization/temporaryVals/TemporaryValsAnalyzer$StoreData done
Event: 8.294 loading class org/jetbrains/kotlin/codegen/optimization/temporaryVals/TemporaryVal
Event: 8.294 loading class org/jetbrains/kotlin/codegen/optimization/temporaryVals/TemporaryVal done
Event: 8.294 loading class org/jetbrains/kotlin/codegen/optimization/boxing/StackPeepholeOptimizationsTransformer$transformOnce$8
Event: 8.294 loading class org/jetbrains/kotlin/codegen/optimization/boxing/StackPeepholeOptimizationsTransformer$transformOnce$8 done
Event: 8.362 Thread 0x000002b83c09a000 Thread added: 0x000002b83c09a000
Event: 8.362 Thread 0x000002b83c096800 Thread added: 0x000002b83c096800


Dynamic libraries:
0x00007ff69faa0000 - 0x00007ff69faaa000 	D:\and\jre\bin\java.exe
0x00007ff974030000 - 0x00007ff974228000 	C:\Windows\SYSTEM32\ntdll.dll
0x00007ff947960000 - 0x00007ff947977000 	C:\Program Files\Avast Software\Avast\aswhook.dll
0x00007ff972240000 - 0x00007ff9722fd000 	C:\Windows\System32\KERNEL32.DLL
0x00007ff971bc0000 - 0x00007ff971e8e000 	C:\Windows\System32\KERNELBASE.dll
0x00007ff971e90000 - 0x00007ff971f90000 	C:\Windows\System32\ucrtbase.dll
0x00007ff94b030000 - 0x00007ff94b049000 	D:\and\jre\bin\jli.dll
0x00007ff94ad00000 - 0x00007ff94ad17000 	D:\and\jre\bin\VCRUNTIME140.dll
0x00007ff973700000 - 0x00007ff9738a0000 	C:\Windows\System32\USER32.dll
0x00007ff971750000 - 0x00007ff971772000 	C:\Windows\System32\win32u.dll
0x00007ff95ee50000 - 0x00007ff95f0ea000 	C:\Windows\WinSxS\amd64_microsoft.windows.common-controls_6595b64144ccf1df_6.0.19041.1110_none_60b5254171f9507e\COMCTL32.dll
0x00007ff9724d0000 - 0x00007ff9724fa000 	C:\Windows\System32\GDI32.dll
0x00007ff9738c0000 - 0x00007ff97395e000 	C:\Windows\System32\msvcrt.dll
0x00007ff971a80000 - 0x00007ff971b8b000 	C:\Windows\System32\gdi32full.dll
0x00007ff971930000 - 0x00007ff9719cd000 	C:\Windows\System32\msvcp_win.dll
0x00007ff973dd0000 - 0x00007ff973e00000 	C:\Windows\System32\IMM32.DLL
0x00007ff946f40000 - 0x00007ff946fdd000 	D:\and\jre\bin\msvcp140.dll
0x00007ff9262c0000 - 0x00007ff926da5000 	D:\and\jre\bin\server\jvm.dll
0x00007ff972090000 - 0x00007ff97213e000 	C:\Windows\System32\ADVAPI32.dll
0x00007ff973e70000 - 0x00007ff973f0c000 	C:\Windows\System32\sechost.dll
0x00007ff972a60000 - 0x00007ff972b85000 	C:\Windows\System32\RPCRT4.dll
0x00007ff972230000 - 0x00007ff972238000 	C:\Windows\System32\PSAPI.DLL
0x00007ff95d480000 - 0x00007ff95d489000 	C:\Windows\SYSTEM32\WSOCK32.dll
0x00007ff957fe0000 - 0x00007ff958007000 	C:\Windows\SYSTEM32\WINMM.dll
0x00007ff969d70000 - 0x00007ff969d7a000 	C:\Windows\SYSTEM32\VERSION.dll
0x00007ff973690000 - 0x00007ff9736fb000 	C:\Windows\System32\WS2_32.dll
0x00007ff96ffd0000 - 0x00007ff96ffe2000 	C:\Windows\SYSTEM32\kernel.appcore.dll
0x00007ff95ea00000 - 0x00007ff95ea11000 	D:\and\jre\bin\verify.dll
0x00007ff96f530000 - 0x00007ff96f714000 	C:\Windows\SYSTEM32\DBGHELP.DLL
0x00007ff9667c0000 - 0x00007ff9667ec000 	C:\Windows\SYSTEM32\dbgcore.DLL
0x00007ff972000000 - 0x00007ff972082000 	C:\Windows\System32\bcryptPrimitives.dll
0x00007ff958390000 - 0x00007ff9583b9000 	D:\and\jre\bin\java.dll
0x00007ff96b990000 - 0x00007ff96b99b000 	D:\and\jre\bin\jimage.dll
0x00007ff95d4a0000 - 0x00007ff95d4b8000 	D:\and\jre\bin\zip.dll
0x00007ff972d90000 - 0x00007ff9734d3000 	C:\Windows\System32\SHELL32.dll
0x00007ff96f720000 - 0x00007ff96feb5000 	C:\Windows\SYSTEM32\windows.storage.dll
0x00007ff973960000 - 0x00007ff973cb4000 	C:\Windows\System32\combase.dll
0x00007ff9710e0000 - 0x00007ff971110000 	C:\Windows\SYSTEM32\Wldp.dll
0x00007ff973d20000 - 0x00007ff973dcd000 	C:\Windows\System32\SHCORE.dll
0x00007ff972500000 - 0x00007ff972555000 	C:\Windows\System32\shlwapi.dll
0x00007ff971690000 - 0x00007ff9716af000 	C:\Windows\SYSTEM32\profapi.dll
0x00007ff958c00000 - 0x00007ff958c1a000 	D:\and\jre\bin\net.dll
0x00007ff968900000 - 0x00007ff968a0a000 	C:\Windows\SYSTEM32\WINHTTP.dll
0x00007ff970e40000 - 0x00007ff970eaa000 	C:\Windows\system32\mswsock.dll
0x00007ff958370000 - 0x00007ff958384000 	D:\and\jre\bin\nio.dll

dbghelp: loaded successfully - version: 4.0.5 - missing functions: none
symbol engine: initialized successfully - sym options: 0x614 - pdb path: .;D:\and\jre\bin;C:\Windows\SYSTEM32;C:\Program Files\Avast Software\Avast;C:\Windows\WinSxS\amd64_microsoft.windows.common-controls_6595b64144ccf1df_6.0.19041.1110_none_60b5254171f9507e;D:\and\jre\bin\server

VM Arguments:
java_command: org.jetbrains.kotlin.cli.jvm.K2JVMCompiler @D:\Users\Admin\AndroidStudioProjects\SHIFT\app\build\20221002_18188507301541466485.compiler.options
java_class_path (initial): D:\Users\Admin\.gradle\caches\modules-2\files-2.1\org.jetbrains.kotlin\kotlin-compiler-embeddable\1.6.10\88f2073f4020cdb83132cfe940ceb9a60aba54ea\kotlin-compiler-embeddable-1.6.10.jar;D:\Users\Admin\.gradle\caches\modules-2\files-2.1\org.jetbrains.kotlin\kotlin-reflect\1.6.10\1cbe9c92c12a94eea200d23c2bbaedaf3daf5132\kotlin-reflect-1.6.10.jar;D:\Users\Admin\.gradle\caches\modules-2\files-2.1\org.jetbrains.kotlin\kotlin-stdlib\1.6.10\b8af3fe6f1ca88526914929add63cf5e7c5049af\kotlin-stdlib-1.6.10.jar;D:\Users\Admin\.gradle\caches\modules-2\files-2.1\org.jetbrains.kotlin\kotlin-script-runtime\1.6.10\d0a7ff2e2500ef497ed0214ae40ad3c8387a6164\kotlin-script-runtime-1.6.10.jar;D:\Users\Admin\.gradle\caches\modules-2\files-2.1\org.jetbrains.kotlin\kotlin-daemon-embeddable\1.6.10\a56d79bcbea411fa6058e4ecffc2de73e742bd2a\kotlin-daemon-embeddable-1.6.10.jar;D:\Users\Admin\.gradle\caches\modules-2\files-2.1\org.jetbrains.intellij.deps\trove4j\1.0.20181211\216c2e14b070f334479d800987affe4054cd563f\trove4j-1.0.20181211.jar;D:\Users\Admin\.gradle\caches\modules-2\files-2.1\net.java.dev.jna\jna\5.6.0\330f2244e9030119ab3030fc3fededc86713d9cc\jna-5.6.0.jar;D:\Users\Admin\.gradle\caches\modules-2\files-2.1\org.jetbrains\annotations\13.0\919f0dfe192fb4e063e7dacadee7f8bb9a2672a9\annotations-13.0.jar;D:\Users\Admin\.gradle\caches\modules-2\files-2.1\org.jetbrains.kotlin\kotlin-stdlib-common\1.6.10\c118700e3a33c8a0d9adc920e9dec0831171925\kotlin-stdlib-common-1.6.10.jar
Launcher Type: SUN_STANDARD

[Global flags]
     intx CICompilerCount                          = 4                                         {product} {ergonomic}
     uint ConcGCThreads                            = 2                                         {product} {ergonomic}
     uint G1ConcRefinementThreads                  = 8                                         {product} {ergonomic}
   size_t G1HeapRegionSize                         = 1048576                                   {product} {ergonomic}
    uintx GCDrainStackTargetSize                   = 64                                        {product} {ergonomic}
   size_t InitialHeapSize                          = 132120576                                 {product} {ergonomic}
   size_t MarkStackSize                            = 4194304                                   {product} {ergonomic}
   size_t MaxHeapSize                              = 2109734912                                {product} {ergonomic}
   size_t MaxNewSize                               = 1265631232                                {product} {ergonomic}
   size_t MinHeapDeltaBytes                        = 1048576                                   {product} {ergonomic}
    uintx NonNMethodCodeHeapSize                   = 5836300                                {pd product} {ergonomic}
    uintx NonProfiledCodeHeapSize                  = 122910970                              {pd product} {ergonomic}
    uintx ProfiledCodeHeapSize                     = 122910970                              {pd product} {ergonomic}
    uintx ReservedCodeCacheSize                    = 251658240                              {pd product} {ergonomic}
     bool SegmentedCodeCache                       = true                                      {product} {ergonomic}
     bool UseCompressedClassPointers               = true                                 {lp64_product} {ergonomic}
     bool UseCompressedOops                        = true                                 {lp64_product} {ergonomic}
     bool UseG1GC                                  = true                                      {product} {ergonomic}
     bool UseLargePagesIndividualAllocation        = false                                  {pd product} {ergonomic}

Logging:
Log output configuration:
 #0: stdout all=warning uptime,level,tags
 #1: stderr all=off uptime,level,tags

Environment Variables:
PATH=C:\Program Files\Common Files\Oracle\Java\javapath;C:\Program Files (x86)\Common Files\Intel\Shared Libraries\redist\intel64\compiler;C:\Windows\system32;C:\Windows;C:\Windows\System32\Wbem;C:\Windows\System32\WindowsPowerShell\v1.0\;C:\Windows\System32\OpenSSH\;C:\Program Files\dotnet\;D:\Users\Admin\AppData\Local\Microsoft\WindowsApps;;C:\Program Files\JetBrains\PyCharm Community Edition 2020.2.3\bin;;D:\Users\Admin\.dotnet\tools;D:\Users\Admin\AppData\Local\Programs\Microsoft VS Code\bin
USERNAME=Admin
OS=Windows_NT
PROCESSOR_IDENTIFIER=Intel64 Family 6 Model 142 Stepping 12, GenuineIntel



---------------  S Y S T E M  ---------------

OS: Windows 10 , 64 bit Build 19041 (10.0.19041.1889)
OS uptime: 0 days 9:00 hours

CPU:total 8 (initial active 8) (4 cores per cpu, 2 threads per core) family 6 model 142 stepping 12 microcode 0xf0, cmov, cx8, fxsr, mmx, sse, sse2, sse3, ssse3, sse4.1, sse4.2, popcnt, avx, avx2, aes, clmul, erms, 3dnowpref, lzcnt, ht, tsc, tscinvbit, bmi1, bmi2, adx, fma

Memory: 4k page, system-wide physical 8040M (602M free)
TotalPageFile size 8040M (AvailPageFile size 5M)
current process WorkingSet (physical memory assigned to process): 380M, peak: 380M
current process commit charge ("private bytes"): 441M, peak: 441M

vm_info: OpenJDK 64-Bit Server VM (11.0.12+7-b1504.28-7817840) for windows-amd64 JRE (11.0.12+7-b1504.28-7817840), built on Oct 13 2021 22:12:33 by "builder" with MS VC++ 14.0 (VS2015)

END.
