#
# There is insufficient memory for the Java Runtime Environment to continue.
# Native memory allocation (malloc) failed to allocate 1958896 bytes for Chunk::new
# Possible reasons:
#   The system is out of physical RAM or swap space
#   The process is running with CompressedOops enabled, and the Java Heap may be blocking the growth of the native heap
# Possible solutions:
#   Reduce memory load on the system
#   Increase physical memory or swap space
#   Check if swap backing store is full
#   Decrease Java heap size (-Xmx/-Xms)
#   Decrease number of Java threads
#   Decrease Java thread stack sizes (-Xss)
#   Set larger code cache with -XX:ReservedCodeCacheSize=
#   JVM is running with Unscaled Compressed Oops mode in which the Java heap is
#     placed in the first 4GB address space. The Java Heap base address is the
#     maximum limit for the native heap growth. Please use -XX:HeapBaseMinAddress
#     to set the Java Heap base and to place the Java Heap above 4GB virtual address.
# This output file may be truncated or incomplete.
#
#  Out of Memory Error (./src/hotspot/share/memory/arena.cpp:197), pid=9220, tid=1552
#
# JRE version: OpenJDK Runtime Environment (11.0.12+7) (build 11.0.12+7-b1504.28-7817840)
# Java VM: OpenJDK 64-Bit Server VM (11.0.12+7-b1504.28-7817840, mixed mode, tiered, compressed oops, g1 gc, windows-amd64)
# No core dump will be written. Minidumps are not enabled by default on client versions of Windows
#

---------------  S U M M A R Y ------------

Command Line: org.jetbrains.kotlin.cli.jvm.K2JVMCompiler @D:\Users\Admin\AndroidStudioProjects\SHIFT\app\build\20221002_365749973561764918.compiler.options

Host: Intel(R) Core(TM) i5-10210U CPU @ 1.60GHz, 8 cores, 7G,  Windows 10 , 64 bit Build 19041 (10.0.19041.1889)
Time: Sun Oct  2 05:19:29 2022 Новосибирское стандартное время elapsed time: 2.659818 seconds (0d 0h 0m 2s)

---------------  T H R E A D  ---------------

Current thread (0x000001ef6ea3f800):  JavaThread "C2 CompilerThread0" daemon [_thread_in_native, id=1552, stack(0x0000000bf2b00000,0x0000000bf2c00000)]


Current CompileTask:
C2:   2659 2861       4       jdk.internal.loader.ClassLoaders$AppClassLoader::loadClass (40 bytes)

Stack: [0x0000000bf2b00000,0x0000000bf2c00000]
Native frames: (J=compiled Java code, j=interpreted, Vv=VM code, C=native code)
V  [jvm.dll+0x5fbcea]
V  [jvm.dll+0x731905]
V  [jvm.dll+0x732f1d]
V  [jvm.dll+0x7335d3]
V  [jvm.dll+0x247bf8]
V  [jvm.dll+0xc018c]
V  [jvm.dll+0xc06cc]
V  [jvm.dll+0x35b31d]
V  [jvm.dll+0x328803]
V  [jvm.dll+0x327cfa]
V  [jvm.dll+0x200602]
V  [jvm.dll+0x1ff794]
V  [jvm.dll+0x18868c]
V  [jvm.dll+0x20e0d7]
V  [jvm.dll+0x20c901]
V  [jvm.dll+0x6f9b7f]
V  [jvm.dll+0x6f26a5]
V  [jvm.dll+0x5fabf6]
C  [ucrtbase.dll+0x21bb2]
C  [KERNEL32.DLL+0x17034]
C  [ntdll.dll+0x526a1]


---------------  P R O C E S S  ---------------

Threads class SMR info:
_java_thread_list=0x000001ef6ebd0630, length=12, elements={
0x000001ef53d4e000, 0x000001ef6e0b2000, 0x000001ef6e0ba800, 0x000001ef6ea39000,
0x000001ef6ea3b000, 0x000001ef6ea3c000, 0x000001ef6ea3f800, 0x000001ef6e0cf000,
0x000001ef6ea64000, 0x000001ef6ebd3000, 0x000001ef6ebc8000, 0x000001ef6ec15000
}

Java Threads: ( => current thread )
  0x000001ef53d4e000 JavaThread "main" [_thread_in_vm, id=16040, stack(0x0000000bf1f00000,0x0000000bf2000000)]
  0x000001ef6e0b2000 JavaThread "Reference Handler" daemon [_thread_blocked, id=10504, stack(0x0000000bf2600000,0x0000000bf2700000)]
  0x000001ef6e0ba800 JavaThread "Finalizer" daemon [_thread_blocked, id=3748, stack(0x0000000bf2700000,0x0000000bf2800000)]
  0x000001ef6ea39000 JavaThread "Signal Dispatcher" daemon [_thread_blocked, id=13168, stack(0x0000000bf2800000,0x0000000bf2900000)]
  0x000001ef6ea3b000 JavaThread "Attach Listener" daemon [_thread_blocked, id=9784, stack(0x0000000bf2900000,0x0000000bf2a00000)]
  0x000001ef6ea3c000 JavaThread "Service Thread" daemon [_thread_blocked, id=2824, stack(0x0000000bf2a00000,0x0000000bf2b00000)]
=>0x000001ef6ea3f800 JavaThread "C2 CompilerThread0" daemon [_thread_in_native, id=1552, stack(0x0000000bf2b00000,0x0000000bf2c00000)]
  0x000001ef6e0cf000 JavaThread "C1 CompilerThread0" daemon [_thread_in_native, id=11896, stack(0x0000000bf2c00000,0x0000000bf2d00000)]
  0x000001ef6ea64000 JavaThread "Sweeper thread" daemon [_thread_blocked, id=1272, stack(0x0000000bf2d00000,0x0000000bf2e00000)]
  0x000001ef6ebd3000 JavaThread "Common-Cleaner" daemon [_thread_blocked, id=16024, stack(0x0000000bf2f00000,0x0000000bf3000000)]
  0x000001ef6ebc8000 JavaThread "C2 CompilerThread1" daemon [_thread_in_native, id=2932, stack(0x0000000bf3000000,0x0000000bf3100000)]
  0x000001ef6ec15000 JavaThread "C2 CompilerThread2" daemon [_thread_in_native, id=1840, stack(0x0000000bf3100000,0x0000000bf3200000)]

Other Threads:
  0x000001ef6e0b0000 VMThread "VM Thread" [stack: 0x0000000bf2500000,0x0000000bf2600000] [id=12608]
  0x000001ef6ebd2800 WatcherThread [stack: 0x0000000bf2e00000,0x0000000bf2f00000] [id=14304]
  0x000001ef53d67000 GCTaskThread "GC Thread#0" [stack: 0x0000000bf2000000,0x0000000bf2100000] [id=5448]
  0x000001ef6f26c000 GCTaskThread "GC Thread#1" [stack: 0x0000000bf3200000,0x0000000bf3300000] [id=16324]
  0x000001ef6f216800 GCTaskThread "GC Thread#2" [stack: 0x0000000bf3300000,0x0000000bf3400000] [id=2484]
  0x000001ef53d9d000 ConcurrentGCThread "G1 Main Marker" [stack: 0x0000000bf2100000,0x0000000bf2200000] [id=2728]
  0x000001ef53d9e800 ConcurrentGCThread "G1 Conc#0" [stack: 0x0000000bf2200000,0x0000000bf2300000] [id=14000]
  0x000001ef6f301800 ConcurrentGCThread "G1 Conc#1" [stack: 0x0000000bf3400000,0x0000000bf3500000] [id=15856]
  0x000001ef53e2e800 ConcurrentGCThread "G1 Refine#0" [stack: 0x0000000bf2300000,0x0000000bf2400000] [id=3736]
  0x000001ef7335e800 ConcurrentGCThread "G1 Refine#1" [stack: 0x0000000bf3500000,0x0000000bf3600000] [id=11708]
  0x000001ef6def4800 ConcurrentGCThread "G1 Young RemSet Sampling" [stack: 0x0000000bf2400000,0x0000000bf2500000] [id=11524]

Threads with active compile tasks:
C2 CompilerThread0   2675 2861       4       jdk.internal.loader.ClassLoaders$AppClassLoader::loadClass (40 bytes)
C1 CompilerThread0   2675 3109   !   3       org.jetbrains.kotlin.metadata.ProtoBuf$Class::<init> (2097 bytes)
C2 CompilerThread1   2675 2897       4       jdk.internal.loader.BuiltinClassLoader::defineClass (121 bytes)
C2 CompilerThread2   2675 2850       4       java.lang.ClassLoader::loadClass (7 bytes)

VM state:not at safepoint (normal execution)

VM Mutex/Monitor currently owned by a thread: None

Heap address: 0x0000000082400000, size: 2012 MB, Compressed Oops mode: 32-bit
Narrow klass base: 0x0000000000000000, Narrow klass shift: 3
Compressed class space size: 1073741824 Address: 0x0000000100000000

Heap:
 garbage-first heap   total 165888K, used 33877K [0x0000000082400000, 0x0000000100000000)
  region size 1024K, 15 young (15360K), 6 survivors (6144K)
 Metaspace       used 45684K, capacity 46236K, committed 46544K, reserved 1089536K
  class space    used 5470K, capacity 5677K, committed 5760K, reserved 1048576K
Heap Regions: E=young(eden), S=young(survivor), O=old, HS=humongous(starts), HC=humongous(continues), CS=collection set, F=free, A=archive, TAMS=top-at-mark-start (previous, next)
|   0|0x0000000082400000, 0x0000000082500000, 0x0000000082500000|100%|HS|  |TAMS 0x0000000082500000, 0x0000000082400000| Complete 
|   1|0x0000000082500000, 0x0000000082600000, 0x0000000082600000|100%|HC|  |TAMS 0x0000000082600000, 0x0000000082500000| Complete 
|   2|0x0000000082600000, 0x0000000082700000, 0x0000000082700000|100%|HC|  |TAMS 0x0000000082700000, 0x0000000082600000| Complete 
|   3|0x0000000082700000, 0x0000000082800000, 0x0000000082800000|100%|HS|  |TAMS 0x0000000082800000, 0x0000000082700000| Complete 
|   4|0x0000000082800000, 0x0000000082900000, 0x0000000082900000|100%|HC|  |TAMS 0x0000000082900000, 0x0000000082800000| Complete 
|   5|0x0000000082900000, 0x0000000082a00000, 0x0000000082a00000|100%|HC|  |TAMS 0x0000000082a00000, 0x0000000082900000| Complete 
|   6|0x0000000082a00000, 0x0000000082b00000, 0x0000000082b00000|100%|HS|  |TAMS 0x0000000082a00000, 0x0000000082a00000| Complete 
|   7|0x0000000082b00000, 0x0000000082c00000, 0x0000000082c00000|100%|HC|  |TAMS 0x0000000082b00000, 0x0000000082b00000| Complete 
|   8|0x0000000082c00000, 0x0000000082d00000, 0x0000000082d00000|100%| O|  |TAMS 0x0000000082d00000, 0x0000000082c00000| Untracked 
|   9|0x0000000082d00000, 0x0000000082e00000, 0x0000000082e00000|100%| O|  |TAMS 0x0000000082e00000, 0x0000000082d00000| Untracked 
|  10|0x0000000082e00000, 0x0000000082f00000, 0x0000000082f00000|100%| O|  |TAMS 0x0000000082f00000, 0x0000000082e00000| Untracked 
|  11|0x0000000082f00000, 0x0000000083000000, 0x0000000083000000|100%| O|  |TAMS 0x0000000083000000, 0x0000000082f00000| Untracked 
|  12|0x0000000083000000, 0x0000000083100000, 0x0000000083100000|100%| O|  |TAMS 0x0000000083100000, 0x0000000083000000| Untracked 
|  13|0x0000000083100000, 0x0000000083200000, 0x0000000083200000|100%| O|  |TAMS 0x0000000083200000, 0x0000000083100000| Untracked 
|  14|0x0000000083200000, 0x0000000083300000, 0x0000000083300000|100%| O|  |TAMS 0x0000000083300000, 0x0000000083200000| Untracked 
|  15|0x0000000083300000, 0x0000000083400000, 0x0000000083400000|100%| O|  |TAMS 0x0000000083400000, 0x0000000083300000| Untracked 
|  16|0x0000000083400000, 0x0000000083500000, 0x0000000083500000|100%| O|  |TAMS 0x0000000083500000, 0x0000000083400000| Untracked 
|  17|0x0000000083500000, 0x0000000083600000, 0x0000000083600000|100%| O|  |TAMS 0x0000000083600000, 0x0000000083500000| Untracked 
|  18|0x0000000083600000, 0x0000000083700000, 0x0000000083700000|100%| O|  |TAMS 0x0000000083700000, 0x0000000083600000| Untracked 
|  19|0x0000000083700000, 0x00000000837b4200, 0x0000000083800000| 70%| O|  |TAMS 0x00000000837b4200, 0x0000000083700000| Untracked 
|  20|0x0000000083800000, 0x0000000083800000, 0x0000000083900000|  0%| F|  |TAMS 0x0000000083800000, 0x0000000083800000| Untracked 
|  21|0x0000000083900000, 0x0000000083900000, 0x0000000083a00000|  0%| F|  |TAMS 0x0000000083900000, 0x0000000083900000| Untracked 
|  22|0x0000000083a00000, 0x0000000083a00000, 0x0000000083b00000|  0%| F|  |TAMS 0x0000000083a00000, 0x0000000083a00000| Untracked 
|  23|0x0000000083b00000, 0x0000000083b00000, 0x0000000083c00000|  0%| F|  |TAMS 0x0000000083b00000, 0x0000000083b00000| Untracked 
|  24|0x0000000083c00000, 0x0000000083c00000, 0x0000000083d00000|  0%| F|  |TAMS 0x0000000083c00000, 0x0000000083c00000| Untracked 
|  25|0x0000000083d00000, 0x0000000083d00000, 0x0000000083e00000|  0%| F|  |TAMS 0x0000000083d00000, 0x0000000083d00000| Untracked 
|  26|0x0000000083e00000, 0x0000000083e00000, 0x0000000083f00000|  0%| F|  |TAMS 0x0000000083e00000, 0x0000000083e00000| Untracked 
|  27|0x0000000083f00000, 0x0000000083f00000, 0x0000000084000000|  0%| F|  |TAMS 0x0000000083f00000, 0x0000000083f00000| Untracked 
|  28|0x0000000084000000, 0x0000000084000000, 0x0000000084100000|  0%| F|  |TAMS 0x0000000084000000, 0x0000000084000000| Untracked 
|  29|0x0000000084100000, 0x0000000084100000, 0x0000000084200000|  0%| F|  |TAMS 0x0000000084100000, 0x0000000084100000| Untracked 
|  30|0x0000000084200000, 0x0000000084200000, 0x0000000084300000|  0%| F|  |TAMS 0x0000000084200000, 0x0000000084200000| Untracked 
|  31|0x0000000084300000, 0x0000000084300000, 0x0000000084400000|  0%| F|  |TAMS 0x0000000084300000, 0x0000000084300000| Untracked 
|  32|0x0000000084400000, 0x0000000084400000, 0x0000000084500000|  0%| F|  |TAMS 0x0000000084400000, 0x0000000084400000| Untracked 
|  33|0x0000000084500000, 0x0000000084500000, 0x0000000084600000|  0%| F|  |TAMS 0x0000000084500000, 0x0000000084500000| Untracked 
|  34|0x0000000084600000, 0x0000000084600000, 0x0000000084700000|  0%| F|  |TAMS 0x0000000084600000, 0x0000000084600000| Untracked 
|  35|0x0000000084700000, 0x0000000084700000, 0x0000000084800000|  0%| F|  |TAMS 0x0000000084700000, 0x0000000084700000| Untracked 
|  36|0x0000000084800000, 0x0000000084800000, 0x0000000084900000|  0%| F|  |TAMS 0x0000000084800000, 0x0000000084800000| Untracked 
|  37|0x0000000084900000, 0x0000000084900000, 0x0000000084a00000|  0%| F|  |TAMS 0x0000000084900000, 0x0000000084900000| Untracked 
|  38|0x0000000084a00000, 0x0000000084a00000, 0x0000000084b00000|  0%| F|  |TAMS 0x0000000084a00000, 0x0000000084a00000| Untracked 
|  39|0x0000000084b00000, 0x0000000084b00000, 0x0000000084c00000|  0%| F|  |TAMS 0x0000000084b00000, 0x0000000084b00000| Untracked 
|  40|0x0000000084c00000, 0x0000000084c00000, 0x0000000084d00000|  0%| F|  |TAMS 0x0000000084c00000, 0x0000000084c00000| Untracked 
|  41|0x0000000084d00000, 0x0000000084d00000, 0x0000000084e00000|  0%| F|  |TAMS 0x0000000084d00000, 0x0000000084d00000| Untracked 
|  42|0x0000000084e00000, 0x0000000084e00000, 0x0000000084f00000|  0%| F|  |TAMS 0x0000000084e00000, 0x0000000084e00000| Untracked 
|  43|0x0000000084f00000, 0x0000000084f00000, 0x0000000085000000|  0%| F|  |TAMS 0x0000000084f00000, 0x0000000084f00000| Untracked 
|  44|0x0000000085000000, 0x0000000085000000, 0x0000000085100000|  0%| F|  |TAMS 0x0000000085000000, 0x0000000085000000| Untracked 
|  45|0x0000000085100000, 0x0000000085100000, 0x0000000085200000|  0%| F|  |TAMS 0x0000000085100000, 0x0000000085100000| Untracked 
|  46|0x0000000085200000, 0x0000000085200000, 0x0000000085300000|  0%| F|  |TAMS 0x0000000085200000, 0x0000000085200000| Untracked 
|  47|0x0000000085300000, 0x0000000085300000, 0x0000000085400000|  0%| F|  |TAMS 0x0000000085300000, 0x0000000085300000| Untracked 
|  48|0x0000000085400000, 0x0000000085400000, 0x0000000085500000|  0%| F|  |TAMS 0x0000000085400000, 0x0000000085400000| Untracked 
|  49|0x0000000085500000, 0x0000000085500000, 0x0000000085600000|  0%| F|  |TAMS 0x0000000085500000, 0x0000000085500000| Untracked 
|  50|0x0000000085600000, 0x0000000085600000, 0x0000000085700000|  0%| F|  |TAMS 0x0000000085600000, 0x0000000085600000| Untracked 
|  51|0x0000000085700000, 0x0000000085700000, 0x0000000085800000|  0%| F|  |TAMS 0x0000000085700000, 0x0000000085700000| Untracked 
|  52|0x0000000085800000, 0x0000000085800000, 0x0000000085900000|  0%| F|  |TAMS 0x0000000085800000, 0x0000000085800000| Untracked 
|  53|0x0000000085900000, 0x0000000085900000, 0x0000000085a00000|  0%| F|  |TAMS 0x0000000085900000, 0x0000000085900000| Untracked 
|  54|0x0000000085a00000, 0x0000000085a00000, 0x0000000085b00000|  0%| F|  |TAMS 0x0000000085a00000, 0x0000000085a00000| Untracked 
|  55|0x0000000085b00000, 0x0000000085b00000, 0x0000000085c00000|  0%| F|  |TAMS 0x0000000085b00000, 0x0000000085b00000| Untracked 
|  56|0x0000000085c00000, 0x0000000085c00000, 0x0000000085d00000|  0%| F|  |TAMS 0x0000000085c00000, 0x0000000085c00000| Untracked 
|  57|0x0000000085d00000, 0x0000000085d00000, 0x0000000085e00000|  0%| F|  |TAMS 0x0000000085d00000, 0x0000000085d00000| Untracked 
|  58|0x0000000085e00000, 0x0000000085e00000, 0x0000000085f00000|  0%| F|  |TAMS 0x0000000085e00000, 0x0000000085e00000| Untracked 
|  59|0x0000000085f00000, 0x0000000085f00000, 0x0000000086000000|  0%| F|  |TAMS 0x0000000085f00000, 0x0000000085f00000| Untracked 
|  60|0x0000000086000000, 0x0000000086000000, 0x0000000086100000|  0%| F|  |TAMS 0x0000000086000000, 0x0000000086000000| Untracked 
|  61|0x0000000086100000, 0x0000000086100000, 0x0000000086200000|  0%| F|  |TAMS 0x0000000086100000, 0x0000000086100000| Untracked 
|  62|0x0000000086200000, 0x0000000086200000, 0x0000000086300000|  0%| F|  |TAMS 0x0000000086200000, 0x0000000086200000| Untracked 
|  63|0x0000000086300000, 0x0000000086300000, 0x0000000086400000|  0%| F|  |TAMS 0x0000000086300000, 0x0000000086300000| Untracked 
|  64|0x0000000086400000, 0x0000000086400000, 0x0000000086500000|  0%| F|  |TAMS 0x0000000086400000, 0x0000000086400000| Untracked 
|  65|0x0000000086500000, 0x0000000086500000, 0x0000000086600000|  0%| F|  |TAMS 0x0000000086500000, 0x0000000086500000| Untracked 
|  66|0x0000000086600000, 0x0000000086600000, 0x0000000086700000|  0%| F|  |TAMS 0x0000000086600000, 0x0000000086600000| Untracked 
|  67|0x0000000086700000, 0x0000000086700000, 0x0000000086800000|  0%| F|  |TAMS 0x0000000086700000, 0x0000000086700000| Untracked 
|  68|0x0000000086800000, 0x0000000086800000, 0x0000000086900000|  0%| F|  |TAMS 0x0000000086800000, 0x0000000086800000| Untracked 
|  69|0x0000000086900000, 0x0000000086900000, 0x0000000086a00000|  0%| F|  |TAMS 0x0000000086900000, 0x0000000086900000| Untracked 
|  70|0x0000000086a00000, 0x0000000086a00000, 0x0000000086b00000|  0%| F|  |TAMS 0x0000000086a00000, 0x0000000086a00000| Untracked 
|  71|0x0000000086b00000, 0x0000000086b00000, 0x0000000086c00000|  0%| F|  |TAMS 0x0000000086b00000, 0x0000000086b00000| Untracked 
|  72|0x0000000086c00000, 0x0000000086c00000, 0x0000000086d00000|  0%| F|  |TAMS 0x0000000086c00000, 0x0000000086c00000| Untracked 
|  73|0x0000000086d00000, 0x0000000086d612c0, 0x0000000086e00000| 37%| S|CS|TAMS 0x0000000086d00000, 0x0000000086d00000| Complete 
|  74|0x0000000086e00000, 0x0000000086f00000, 0x0000000086f00000|100%| S|CS|TAMS 0x0000000086e00000, 0x0000000086e00000| Complete 
|  75|0x0000000086f00000, 0x0000000087000000, 0x0000000087000000|100%| S|CS|TAMS 0x0000000086f00000, 0x0000000086f00000| Complete 
|  76|0x0000000087000000, 0x0000000087100000, 0x0000000087100000|100%| S|CS|TAMS 0x0000000087000000, 0x0000000087000000| Complete 
|  77|0x0000000087100000, 0x0000000087200000, 0x0000000087200000|100%| S|CS|TAMS 0x0000000087100000, 0x0000000087100000| Complete 
|  78|0x0000000087200000, 0x0000000087300000, 0x0000000087300000|100%| S|CS|TAMS 0x0000000087200000, 0x0000000087200000| Complete 
|  79|0x0000000087300000, 0x0000000087300000, 0x0000000087400000|  0%| F|  |TAMS 0x0000000087300000, 0x0000000087300000| Untracked 
|  80|0x0000000087400000, 0x0000000087400000, 0x0000000087500000|  0%| F|  |TAMS 0x0000000087400000, 0x0000000087400000| Untracked 
|  81|0x0000000087500000, 0x0000000087500000, 0x0000000087600000|  0%| F|  |TAMS 0x0000000087500000, 0x0000000087500000| Untracked 
|  82|0x0000000087600000, 0x0000000087600000, 0x0000000087700000|  0%| F|  |TAMS 0x0000000087600000, 0x0000000087600000| Untracked 
|  83|0x0000000087700000, 0x0000000087700000, 0x0000000087800000|  0%| F|  |TAMS 0x0000000087700000, 0x0000000087700000| Untracked 
|  84|0x0000000087800000, 0x0000000087800000, 0x0000000087900000|  0%| F|  |TAMS 0x0000000087800000, 0x0000000087800000| Untracked 
|  85|0x0000000087900000, 0x0000000087900000, 0x0000000087a00000|  0%| F|  |TAMS 0x0000000087900000, 0x0000000087900000| Untracked 
|  86|0x0000000087a00000, 0x0000000087a00000, 0x0000000087b00000|  0%| F|  |TAMS 0x0000000087a00000, 0x0000000087a00000| Untracked 
|  87|0x0000000087b00000, 0x0000000087b00000, 0x0000000087c00000|  0%| F|  |TAMS 0x0000000087b00000, 0x0000000087b00000| Untracked 
|  88|0x0000000087c00000, 0x0000000087c00000, 0x0000000087d00000|  0%| F|  |TAMS 0x0000000087c00000, 0x0000000087c00000| Untracked 
|  89|0x0000000087d00000, 0x0000000087d00000, 0x0000000087e00000|  0%| F|  |TAMS 0x0000000087d00000, 0x0000000087d00000| Untracked 
|  90|0x0000000087e00000, 0x0000000087e00000, 0x0000000087f00000|  0%| F|  |TAMS 0x0000000087e00000, 0x0000000087e00000| Untracked 
|  91|0x0000000087f00000, 0x0000000087f00000, 0x0000000088000000|  0%| F|  |TAMS 0x0000000087f00000, 0x0000000087f00000| Untracked 
|  92|0x0000000088000000, 0x0000000088000000, 0x0000000088100000|  0%| F|  |TAMS 0x0000000088000000, 0x0000000088000000| Untracked 
|  93|0x0000000088100000, 0x0000000088100000, 0x0000000088200000|  0%| F|  |TAMS 0x0000000088100000, 0x0000000088100000| Untracked 
|  94|0x0000000088200000, 0x0000000088200000, 0x0000000088300000|  0%| F|  |TAMS 0x0000000088200000, 0x0000000088200000| Untracked 
|  95|0x0000000088300000, 0x0000000088300000, 0x0000000088400000|  0%| F|  |TAMS 0x0000000088300000, 0x0000000088300000| Untracked 
|  96|0x0000000088400000, 0x0000000088400000, 0x0000000088500000|  0%| F|  |TAMS 0x0000000088400000, 0x0000000088400000| Untracked 
|  97|0x0000000088500000, 0x0000000088500000, 0x0000000088600000|  0%| F|  |TAMS 0x0000000088500000, 0x0000000088500000| Untracked 
|  98|0x0000000088600000, 0x0000000088600000, 0x0000000088700000|  0%| F|  |TAMS 0x0000000088600000, 0x0000000088600000| Untracked 
|  99|0x0000000088700000, 0x0000000088700000, 0x0000000088800000|  0%| F|  |TAMS 0x0000000088700000, 0x0000000088700000| Untracked 
| 100|0x0000000088800000, 0x0000000088800000, 0x0000000088900000|  0%| F|  |TAMS 0x0000000088800000, 0x0000000088800000| Untracked 
| 101|0x0000000088900000, 0x0000000088900000, 0x0000000088a00000|  0%| F|  |TAMS 0x0000000088900000, 0x0000000088900000| Untracked 
| 102|0x0000000088a00000, 0x0000000088a00000, 0x0000000088b00000|  0%| F|  |TAMS 0x0000000088a00000, 0x0000000088a00000| Untracked 
| 103|0x0000000088b00000, 0x0000000088b00000, 0x0000000088c00000|  0%| F|  |TAMS 0x0000000088b00000, 0x0000000088b00000| Untracked 
| 104|0x0000000088c00000, 0x0000000088c00000, 0x0000000088d00000|  0%| F|  |TAMS 0x0000000088c00000, 0x0000000088c00000| Untracked 
| 105|0x0000000088d00000, 0x0000000088d00000, 0x0000000088e00000|  0%| F|  |TAMS 0x0000000088d00000, 0x0000000088d00000| Untracked 
| 106|0x0000000088e00000, 0x0000000088e00000, 0x0000000088f00000|  0%| F|  |TAMS 0x0000000088e00000, 0x0000000088e00000| Untracked 
| 107|0x0000000088f00000, 0x0000000088f00000, 0x0000000089000000|  0%| F|  |TAMS 0x0000000088f00000, 0x0000000088f00000| Untracked 
| 108|0x0000000089000000, 0x0000000089000000, 0x0000000089100000|  0%| F|  |TAMS 0x0000000089000000, 0x0000000089000000| Untracked 
| 109|0x0000000089100000, 0x0000000089100000, 0x0000000089200000|  0%| F|  |TAMS 0x0000000089100000, 0x0000000089100000| Untracked 
| 110|0x0000000089200000, 0x0000000089200000, 0x0000000089300000|  0%| F|  |TAMS 0x0000000089200000, 0x0000000089200000| Untracked 
| 111|0x0000000089300000, 0x0000000089300000, 0x0000000089400000|  0%| F|  |TAMS 0x0000000089300000, 0x0000000089300000| Untracked 
| 112|0x0000000089400000, 0x0000000089400000, 0x0000000089500000|  0%| F|  |TAMS 0x0000000089400000, 0x0000000089400000| Untracked 
| 113|0x0000000089500000, 0x0000000089500000, 0x0000000089600000|  0%| F|  |TAMS 0x0000000089500000, 0x0000000089500000| Untracked 
| 114|0x0000000089600000, 0x0000000089600000, 0x0000000089700000|  0%| F|  |TAMS 0x0000000089600000, 0x0000000089600000| Untracked 
| 115|0x0000000089700000, 0x0000000089700000, 0x0000000089800000|  0%| F|  |TAMS 0x0000000089700000, 0x0000000089700000| Untracked 
| 116|0x0000000089800000, 0x0000000089800000, 0x0000000089900000|  0%| F|  |TAMS 0x0000000089800000, 0x0000000089800000| Untracked 
| 117|0x0000000089900000, 0x0000000089900000, 0x0000000089a00000|  0%| F|  |TAMS 0x0000000089900000, 0x0000000089900000| Untracked 
| 118|0x0000000089a00000, 0x0000000089a00000, 0x0000000089b00000|  0%| F|  |TAMS 0x0000000089a00000, 0x0000000089a00000| Untracked 
| 119|0x0000000089b00000, 0x0000000089b00000, 0x0000000089c00000|  0%| F|  |TAMS 0x0000000089b00000, 0x0000000089b00000| Untracked 
| 120|0x0000000089c00000, 0x0000000089c00000, 0x0000000089d00000|  0%| F|  |TAMS 0x0000000089c00000, 0x0000000089c00000| Untracked 
| 121|0x0000000089d00000, 0x0000000089d00000, 0x0000000089e00000|  0%| F|  |TAMS 0x0000000089d00000, 0x0000000089d00000| Untracked 
| 122|0x0000000089e00000, 0x0000000089e00000, 0x0000000089f00000|  0%| F|  |TAMS 0x0000000089e00000, 0x0000000089e00000| Untracked 
| 123|0x0000000089f00000, 0x0000000089f00000, 0x000000008a000000|  0%| F|  |TAMS 0x0000000089f00000, 0x0000000089f00000| Untracked 
| 124|0x000000008a000000, 0x000000008a000000, 0x000000008a100000|  0%| F|  |TAMS 0x000000008a000000, 0x000000008a000000| Untracked 
| 125|0x000000008a100000, 0x000000008a100000, 0x000000008a200000|  0%| F|  |TAMS 0x000000008a100000, 0x000000008a100000| Untracked 
| 126|0x000000008a200000, 0x000000008a200000, 0x000000008a300000|  0%| F|  |TAMS 0x000000008a200000, 0x000000008a200000| Untracked 
| 127|0x000000008a300000, 0x000000008a300000, 0x000000008a400000|  0%| F|  |TAMS 0x000000008a300000, 0x000000008a300000| Untracked 
| 128|0x000000008a400000, 0x000000008a400000, 0x000000008a500000|  0%| F|  |TAMS 0x000000008a400000, 0x000000008a400000| Untracked 
| 129|0x000000008a500000, 0x000000008a500000, 0x000000008a600000|  0%| F|  |TAMS 0x000000008a500000, 0x000000008a500000| Untracked 
| 130|0x000000008a600000, 0x000000008a600000, 0x000000008a700000|  0%| F|  |TAMS 0x000000008a600000, 0x000000008a600000| Untracked 
| 131|0x000000008a700000, 0x000000008a700000, 0x000000008a800000|  0%| F|  |TAMS 0x000000008a700000, 0x000000008a700000| Untracked 
| 132|0x000000008a800000, 0x000000008a800000, 0x000000008a900000|  0%| F|  |TAMS 0x000000008a800000, 0x000000008a800000| Untracked 
| 133|0x000000008a900000, 0x000000008a900000, 0x000000008aa00000|  0%| F|  |TAMS 0x000000008a900000, 0x000000008a900000| Untracked 
| 134|0x000000008aa00000, 0x000000008aa00000, 0x000000008ab00000|  0%| F|  |TAMS 0x000000008aa00000, 0x000000008aa00000| Untracked 
| 135|0x000000008ab00000, 0x000000008ab00000, 0x000000008ac00000|  0%| F|  |TAMS 0x000000008ab00000, 0x000000008ab00000| Untracked 
| 136|0x000000008ac00000, 0x000000008ac00000, 0x000000008ad00000|  0%| F|  |TAMS 0x000000008ac00000, 0x000000008ac00000| Untracked 
| 137|0x000000008ad00000, 0x000000008ad00000, 0x000000008ae00000|  0%| F|  |TAMS 0x000000008ad00000, 0x000000008ad00000| Untracked 
| 138|0x000000008ae00000, 0x000000008ae00000, 0x000000008af00000|  0%| F|  |TAMS 0x000000008ae00000, 0x000000008ae00000| Untracked 
| 139|0x000000008af00000, 0x000000008af00000, 0x000000008b000000|  0%| F|  |TAMS 0x000000008af00000, 0x000000008af00000| Untracked 
| 140|0x000000008b000000, 0x000000008b000000, 0x000000008b100000|  0%| F|  |TAMS 0x000000008b000000, 0x000000008b000000| Untracked 
| 141|0x000000008b100000, 0x000000008b100000, 0x000000008b200000|  0%| F|  |TAMS 0x000000008b100000, 0x000000008b100000| Untracked 
| 142|0x000000008b200000, 0x000000008b200000, 0x000000008b300000|  0%| F|  |TAMS 0x000000008b200000, 0x000000008b200000| Untracked 
| 143|0x000000008b300000, 0x000000008b300000, 0x000000008b400000|  0%| F|  |TAMS 0x000000008b300000, 0x000000008b300000| Untracked 
| 144|0x000000008b400000, 0x000000008b400000, 0x000000008b500000|  0%| F|  |TAMS 0x000000008b400000, 0x000000008b400000| Untracked 
| 145|0x000000008b500000, 0x000000008b500000, 0x000000008b600000|  0%| F|  |TAMS 0x000000008b500000, 0x000000008b500000| Untracked 
| 146|0x000000008b600000, 0x000000008b600000, 0x000000008b700000|  0%| F|  |TAMS 0x000000008b600000, 0x000000008b600000| Untracked 
| 147|0x000000008b700000, 0x000000008b700000, 0x000000008b800000|  0%| F|  |TAMS 0x000000008b700000, 0x000000008b700000| Untracked 
| 148|0x000000008b800000, 0x000000008b800000, 0x000000008b900000|  0%| F|  |TAMS 0x000000008b800000, 0x000000008b800000| Untracked 
| 149|0x000000008b900000, 0x000000008b900000, 0x000000008ba00000|  0%| F|  |TAMS 0x000000008b900000, 0x000000008b900000| Untracked 
| 150|0x000000008ba00000, 0x000000008ba00000, 0x000000008bb00000|  0%| F|  |TAMS 0x000000008ba00000, 0x000000008ba00000| Untracked 
| 151|0x000000008bb00000, 0x000000008bb00000, 0x000000008bc00000|  0%| F|  |TAMS 0x000000008bb00000, 0x000000008bb00000| Untracked 
| 152|0x000000008bc00000, 0x000000008bc00000, 0x000000008bd00000|  0%| F|  |TAMS 0x000000008bc00000, 0x000000008bc00000| Untracked 
| 153|0x000000008bd00000, 0x000000008bd80800, 0x000000008be00000| 50%| E|  |TAMS 0x000000008bd00000, 0x000000008bd00000| Complete 
| 154|0x000000008be00000, 0x000000008bf00000, 0x000000008bf00000|100%| E|CS|TAMS 0x000000008be00000, 0x000000008be00000| Complete 
| 155|0x000000008bf00000, 0x000000008c000000, 0x000000008c000000|100%| E|CS|TAMS 0x000000008bf00000, 0x000000008bf00000| Complete 
| 156|0x000000008c000000, 0x000000008c100000, 0x000000008c100000|100%| E|CS|TAMS 0x000000008c000000, 0x000000008c000000| Complete 
| 157|0x000000008c100000, 0x000000008c200000, 0x000000008c200000|100%| E|CS|TAMS 0x000000008c100000, 0x000000008c100000| Complete 
| 158|0x000000008c200000, 0x000000008c300000, 0x000000008c300000|100%| E|CS|TAMS 0x000000008c200000, 0x000000008c200000| Complete 
| 159|0x000000008c300000, 0x000000008c400000, 0x000000008c400000|100%| E|CS|TAMS 0x000000008c300000, 0x000000008c300000| Complete 
| 160|0x000000008c400000, 0x000000008c500000, 0x000000008c500000|100%| E|CS|TAMS 0x000000008c400000, 0x000000008c400000| Complete 
| 161|0x000000008c500000, 0x000000008c600000, 0x000000008c600000|100%| E|CS|TAMS 0x000000008c500000, 0x000000008c500000| Complete 

Card table byte_map: [0x000001ef66f80000,0x000001ef67370000] _byte_map_base: 0x000001ef66b6e000

Marking Bits (Prev, Next): (CMBitMap*) 0x000001ef53d94548, (CMBitMap*) 0x000001ef53d94580
 Prev Bits: [0x000001ef67760000, 0x000001ef696d0000)
 Next Bits: [0x000001ef696d0000, 0x000001ef6b640000)

Polling page: 0x000001ef51cc0000

Metaspace:

Usage:
  Non-class:     39.61 MB capacity,    39.27 MB (>99%) used,   277.45 KB ( <1%) free+waste,    67.06 KB ( <1%) overhead. 
      Class:      5.54 MB capacity,     5.34 MB ( 96%) used,   177.15 KB (  3%) free+waste,    29.81 KB ( <1%) overhead. 
       Both:     45.15 MB capacity,    44.61 MB ( 99%) used,   454.60 KB ( <1%) free+waste,    96.88 KB ( <1%) overhead. 

Virtual space:
  Non-class space:       40.00 MB reserved,      39.83 MB (>99%) committed 
      Class space:        1.00 GB reserved,       5.63 MB ( <1%) committed 
             Both:        1.04 GB reserved,      45.45 MB (  4%) committed 

Chunk freelists:
   Non-Class:  33.00 KB
       Class:  19.00 KB
        Both:  52.00 KB

MaxMetaspaceSize: 17179869184.00 GB
CompressedClassSpaceSize: 1.00 GB
Initial GC threshold: 20.80 MB
Current GC threshold: 58.88 MB
CDS: off

CodeHeap 'non-profiled nmethods': size=120000Kb used=1301Kb max_used=1301Kb free=118698Kb
 bounds [0x000001ef5f330000, 0x000001ef5f5a0000, 0x000001ef66860000]
CodeHeap 'profiled nmethods': size=120000Kb used=6078Kb max_used=6078Kb free=113921Kb
 bounds [0x000001ef57e00000, 0x000001ef583f0000, 0x000001ef5f330000]
CodeHeap 'non-nmethods': size=5760Kb used=1260Kb max_used=1306Kb free=4499Kb
 bounds [0x000001ef57860000, 0x000001ef57ad0000, 0x000001ef57e00000]
 total_blobs=3627 nmethods=3087 adapters=451
 compilation: enabled
              stopped_count=0, restarted_count=0
 full_count=0

Compilation events (20 events):
Event: 2.604 Thread 0x000001ef6e0cf000 nmethod 3059 0x000001ef5f474610 code [0x000001ef5f4747c0, 0x000001ef5f474878]
Event: 2.604 Thread 0x000001ef6e0cf000 3071       1       org.jetbrains.kotlin.load.java.structure.impl.classFiles.ClassifierResolutionContext$Result::getClassifier (5 bytes)
Event: 2.604 Thread 0x000001ef6e0cf000 nmethod 3071 0x000001ef5f474910 code [0x000001ef5f474ac0, 0x000001ef5f474b78]
Event: 2.605 Thread 0x000001ef6e0cf000 3075       3       org.jetbrains.kotlin.load.java.structure.impl.classFiles.BinaryJavaAnnotation::<init> (43 bytes)
Event: 2.605 Thread 0x000001ef6e0cf000 nmethod 3075 0x000001ef583dd390 code [0x000001ef583dd580, 0x000001ef583dda88]
Event: 2.605 Thread 0x000001ef6e0cf000 3076       3       org.jetbrains.kotlin.load.java.structure.impl.classFiles.BinaryJavaAnnotation$classifierResolutionResult$2::<init> (16 bytes)
Event: 2.605 Thread 0x000001ef6e0cf000 nmethod 3076 0x000001ef583ddc10 code [0x000001ef583ddde0, 0x000001ef583de058]
Event: 2.605 Thread 0x000001ef6e0cf000 3038       1       org.jetbrains.kotlin.load.java.structure.impl.classFiles.PlainJavaClassifierType::getTypeArguments (5 bytes)
Event: 2.605 Thread 0x000001ef6e0cf000 nmethod 3038 0x000001ef5f474c10 code [0x000001ef5f474dc0, 0x000001ef5f474e78]
Event: 2.605 Thread 0x000001ef6e0cf000 3058       1       org.jetbrains.kotlin.load.java.structure.impl.classFiles.BinaryJavaClass::getOuterClass (5 bytes)
Event: 2.605 Thread 0x000001ef6e0cf000 nmethod 3058 0x000001ef5f474f10 code [0x000001ef5f4750c0, 0x000001ef5f475178]
Event: 2.605 Thread 0x000001ef6e0cf000 3078       3       org.jetbrains.kotlin.com.intellij.openapi.application.ApplicationManager::getApplication (4 bytes)
Event: 2.605 Thread 0x000001ef6e0cf000 nmethod 3078 0x000001ef583de190 code [0x000001ef583de340, 0x000001ef583de438]
Event: 2.605 Thread 0x000001ef6e0cf000 3079       3       jdk.internal.misc.Unsafe::putChar (8 bytes)
Event: 2.605 Thread 0x000001ef6e0cf000 nmethod 3079 0x000001ef583de510 code [0x000001ef583de6c0, 0x000001ef583de7d8]
Event: 2.606 Thread 0x000001ef6e0cf000 3081       3       org.jetbrains.kotlin.com.intellij.openapi.vfs.VirtualFile::findFileByRelativePath (145 bytes)
Event: 2.607 Thread 0x000001ef6e0cf000 nmethod 3081 0x000001ef583de890 code [0x000001ef583deba0, 0x000001ef583dfa98]
Event: 2.608 Thread 0x000001ef6e0cf000 3082       3       javaslang.collection.HashArrayMappedTrieModule$AbstractNode::<init> (5 bytes)
Event: 2.608 Thread 0x000001ef6e0cf000 nmethod 3082 0x000001ef583e0110 code [0x000001ef583e02c0, 0x000001ef583e0418]
Event: 2.608 Thread 0x000001ef6e0cf000 3083       3       org.jetbrains.kotlin.load.java.structure.impl.classFiles.BinaryJavaClass::visitField (146 bytes)

GC Heap History (10 events):
Event: 0.477 GC heap before
{Heap before GC invocations=0 (full 0):
 garbage-first heap   total 129024K, used 27648K [0x0000000082400000, 0x0000000100000000)
  region size 1024K, 24 young (24576K), 0 survivors (0K)
 Metaspace       used 12371K, capacity 12504K, committed 12800K, reserved 1060864K
  class space    used 1168K, capacity 1207K, committed 1280K, reserved 1048576K
}
Event: 0.481 GC heap after
{Heap after GC invocations=1 (full 0):
 garbage-first heap   total 129024K, used 5895K [0x0000000082400000, 0x0000000100000000)
  region size 1024K, 3 young (3072K), 3 survivors (3072K)
 Metaspace       used 12371K, capacity 12504K, committed 12800K, reserved 1060864K
  class space    used 1168K, capacity 1207K, committed 1280K, reserved 1048576K
}
Event: 0.990 GC heap before
{Heap before GC invocations=1 (full 0):
 garbage-first heap   total 129024K, used 40711K [0x0000000082400000, 0x0000000100000000)
  region size 1024K, 38 young (38912K), 3 survivors (3072K)
 Metaspace       used 20890K, capacity 21087K, committed 21296K, reserved 1069056K
  class space    used 2224K, capacity 2312K, committed 2432K, reserved 1048576K
}
Event: 1.000 GC heap after
{Heap after GC invocations=2 (full 0):
 garbage-first heap   total 129024K, used 9122K [0x0000000082400000, 0x0000000100000000)
  region size 1024K, 6 young (6144K), 6 survivors (6144K)
 Metaspace       used 20890K, capacity 21087K, committed 21296K, reserved 1069056K
  class space    used 2224K, capacity 2312K, committed 2432K, reserved 1048576K
}
Event: 1.705 GC heap before
{Heap before GC invocations=3 (full 0):
 garbage-first heap   total 129024K, used 63394K [0x0000000082400000, 0x0000000100000000)
  region size 1024K, 54 young (55296K), 6 survivors (6144K)
 Metaspace       used 32784K, capacity 33236K, committed 33456K, reserved 1079296K
  class space    used 4107K, capacity 4310K, committed 4352K, reserved 1048576K
}
Event: 1.721 GC heap after
{Heap after GC invocations=4 (full 0):
 garbage-first heap   total 129024K, used 20274K [0x0000000082400000, 0x0000000100000000)
  region size 1024K, 7 young (7168K), 7 survivors (7168K)
 Metaspace       used 32784K, capacity 33236K, committed 33456K, reserved 1079296K
  class space    used 4107K, capacity 4310K, committed 4352K, reserved 1048576K
}
Event: 1.880 GC heap before
{Heap before GC invocations=4 (full 0):
 garbage-first heap   total 129024K, used 32562K [0x0000000082400000, 0x0000000100000000)
  region size 1024K, 20 young (20480K), 7 survivors (7168K)
 Metaspace       used 35369K, capacity 35807K, committed 35920K, reserved 1081344K
  class space    used 4381K, capacity 4570K, committed 4608K, reserved 1048576K
}
Event: 1.896 GC heap after
{Heap after GC invocations=5 (full 0):
 garbage-first heap   total 129024K, used 19996K [0x0000000082400000, 0x0000000100000000)
  region size 1024K, 2 young (2048K), 2 survivors (2048K)
 Metaspace       used 35369K, capacity 35807K, committed 35920K, reserved 1081344K
  class space    used 4381K, capacity 4570K, committed 4608K, reserved 1048576K
}
Event: 2.512 GC heap before
{Heap before GC invocations=6 (full 0):
 garbage-first heap   total 129024K, used 66076K [0x0000000082400000, 0x0000000100000000)
  region size 1024K, 47 young (48128K), 2 survivors (2048K)
 Metaspace       used 45237K, capacity 45756K, committed 46032K, reserved 1089536K
  class space    used 5433K, capacity 5645K, committed 5760K, reserved 1048576K
}
Event: 2.520 GC heap after
{Heap after GC invocations=7 (full 0):
 garbage-first heap   total 165888K, used 23637K [0x0000000082400000, 0x0000000100000000)
  region size 1024K, 6 young (6144K), 6 survivors (6144K)
 Metaspace       used 45237K, capacity 45756K, committed 46032K, reserved 1089536K
  class space    used 5433K, capacity 5645K, committed 5760K, reserved 1048576K
}

Deoptimization events (20 events):
Event: 2.534 Thread 0x000001ef53d4e000 Uncommon trap: trap_request=0xffffffc6 fr.pc=0x000001ef5f42be98 relative=0x0000000000000598
Event: 2.534 Thread 0x000001ef53d4e000 Uncommon trap: reason=bimorphic_or_optimized_type_check action=maybe_recompile pc=0x000001ef5f42be98 method=org.jetbrains.kotlin.protobuf.CodedInputStream.tryRefillBuffer(I)Z @ 177 c2
Event: 2.534 Thread 0x000001ef53d4e000 DEOPT PACKING pc=0x000001ef5f42be98 sp=0x0000000bf1ffa870
Event: 2.534 Thread 0x000001ef53d4e000 DEOPT UNPACKING pc=0x000001ef578aa1af sp=0x0000000bf1ffa758 mode 2
Event: 2.536 Thread 0x000001ef53d4e000 Uncommon trap: trap_request=0xffffffc6 fr.pc=0x000001ef5f42be98 relative=0x0000000000000598
Event: 2.536 Thread 0x000001ef53d4e000 Uncommon trap: reason=bimorphic_or_optimized_type_check action=maybe_recompile pc=0x000001ef5f42be98 method=org.jetbrains.kotlin.protobuf.CodedInputStream.tryRefillBuffer(I)Z @ 177 c2
Event: 2.536 Thread 0x000001ef53d4e000 DEOPT PACKING pc=0x000001ef5f42be98 sp=0x0000000bf1ffa870
Event: 2.536 Thread 0x000001ef53d4e000 DEOPT UNPACKING pc=0x000001ef578aa1af sp=0x0000000bf1ffa758 mode 2
Event: 2.536 Thread 0x000001ef53d4e000 Uncommon trap: trap_request=0xffffffc6 fr.pc=0x000001ef5f42be98 relative=0x0000000000000598
Event: 2.536 Thread 0x000001ef53d4e000 Uncommon trap: reason=bimorphic_or_optimized_type_check action=maybe_recompile pc=0x000001ef5f42be98 method=org.jetbrains.kotlin.protobuf.CodedInputStream.tryRefillBuffer(I)Z @ 177 c2
Event: 2.536 Thread 0x000001ef53d4e000 DEOPT PACKING pc=0x000001ef5f42be98 sp=0x0000000bf1ffa970
Event: 2.536 Thread 0x000001ef53d4e000 DEOPT UNPACKING pc=0x000001ef578aa1af sp=0x0000000bf1ffa858 mode 2
Event: 2.537 Thread 0x000001ef53d4e000 Uncommon trap: trap_request=0xffffffc6 fr.pc=0x000001ef5f42be98 relative=0x0000000000000598
Event: 2.537 Thread 0x000001ef53d4e000 Uncommon trap: reason=bimorphic_or_optimized_type_check action=maybe_recompile pc=0x000001ef5f42be98 method=org.jetbrains.kotlin.protobuf.CodedInputStream.tryRefillBuffer(I)Z @ 177 c2
Event: 2.537 Thread 0x000001ef53d4e000 DEOPT PACKING pc=0x000001ef5f42be98 sp=0x0000000bf1ffa970
Event: 2.537 Thread 0x000001ef53d4e000 DEOPT UNPACKING pc=0x000001ef578aa1af sp=0x0000000bf1ffa858 mode 2
Event: 2.544 Thread 0x000001ef53d4e000 DEOPT PACKING pc=0x000001ef5811d65b sp=0x0000000bf1ffa9d0
Event: 2.544 Thread 0x000001ef53d4e000 DEOPT UNPACKING pc=0x000001ef578aa95e sp=0x0000000bf1ff9e48 mode 0
Event: 2.547 Thread 0x000001ef53d4e000 DEOPT PACKING pc=0x000001ef582e72ff sp=0x0000000bf1ffa9f0
Event: 2.547 Thread 0x000001ef53d4e000 DEOPT UNPACKING pc=0x000001ef578aa95e sp=0x0000000bf1ff9e40 mode 0

Classes redefined (0 events):
No events

Internal exceptions (20 events):
Event: 1.195 Thread 0x000001ef53d4e000 Exception <a 'java/lang/NoSuchMethodError'{0x00000000896e9540}: 'java.lang.Object java.lang.invoke.DirectMethodHandle$Holder.invokeStatic(java.lang.Object, java.lang.Object, java.lang.Object, java.lang.Object, java.lang.Object, java.lang.Object, java.lang.Object, java.lang.Object, java.lang.Object, java.lang.Object, java.lang.Object, java.lang.Object, java.lang.Object, java.lang.Object, java.lang.Object)'> (0x00000000896e9540) thrown at [./src/hotspot/share/interpreter/linkResolver.cpp, line 773]
Event: 1.195 Thread 0x000001ef53d4e000 Exception <a 'java/lang/NoSuchMethodError'{0x00000000896f7548}: 'java.lang.Object java.lang.invoke.DirectMethodHandle$Holder.invokeStatic(java.lang.Object, java.lang.Object, java.lang.Object, java.lang.Object, java.lang.Object, java.lang.Object, java.lang.Object, java.lang.Object, java.lang.Object, java.lang.Object, java.lang.Object, java.lang.Object, java.lang.Object, java.lang.Object, java.lang.Object, java.lang.Object)'> (0x00000000896f7548) thrown at [./src/hotspot/share/interpreter/linkResolver.cpp, l
Event: 1.197 Thread 0x000001ef53d4e000 Exception <a 'java/lang/NoSuchMethodError'{0x00000000895059b0}: 'java.lang.Object java.lang.invoke.DirectMethodHandle$Holder.invokeSpecial(java.lang.Object, java.lang.Object, int, int, java.lang.Object, java.lang.Object, java.lang.Object)'> (0x00000000895059b0) thrown at [./src/hotspot/share/interpreter/linkResolver.cpp, line 773]
Event: 1.197 Thread 0x000001ef53d4e000 Exception <a 'java/lang/NoSuchMethodError'{0x00000000895091e8}: 'java.lang.Object java.lang.invoke.DelegatingMethodHandle$Holder.reinvoke_L(java.lang.Object, int, int, java.lang.Object, java.lang.Object, java.lang.Object)'> (0x00000000895091e8) thrown at [./src/hotspot/share/interpreter/linkResolver.cpp, line 773]
Event: 1.198 Thread 0x000001ef53d4e000 Exception <a 'java/lang/NoSuchMethodError'{0x000000008950d570}: 'java.lang.Object java.lang.invoke.DirectMethodHandle$Holder.invokeStatic(java.lang.Object, java.lang.Object, java.lang.Object, java.lang.Object, int)'> (0x000000008950d570) thrown at [./src/hotspot/share/interpreter/linkResolver.cpp, line 773]
Event: 1.233 Thread 0x000001ef53d4e000 Exception <a 'sun/nio/fs/WindowsException'{0x000000008944eb20}> (0x000000008944eb20) thrown at [./src/hotspot/share/prims/jni.cpp, line 615]
Event: 1.233 Thread 0x000001ef53d4e000 Exception <a 'sun/nio/fs/WindowsException'{0x000000008944f398}> (0x000000008944f398) thrown at [./src/hotspot/share/prims/jni.cpp, line 615]
Event: 1.233 Thread 0x000001ef53d4e000 Exception <a 'sun/nio/fs/WindowsException'{0x000000008944fc20}> (0x000000008944fc20) thrown at [./src/hotspot/share/prims/jni.cpp, line 615]
Event: 1.233 Thread 0x000001ef53d4e000 Exception <a 'sun/nio/fs/WindowsException'{0x0000000089450618}> (0x0000000089450618) thrown at [./src/hotspot/share/prims/jni.cpp, line 615]
Event: 1.234 Thread 0x000001ef53d4e000 Exception <a 'sun/nio/fs/WindowsException'{0x0000000089450f20}> (0x0000000089450f20) thrown at [./src/hotspot/share/prims/jni.cpp, line 615]
Event: 1.234 Thread 0x000001ef53d4e000 Exception <a 'sun/nio/fs/WindowsException'{0x0000000089451858}> (0x0000000089451858) thrown at [./src/hotspot/share/prims/jni.cpp, line 615]
Event: 1.235 Thread 0x000001ef53d4e000 Exception <a 'java/lang/NoSuchMethodError'{0x0000000089458068}: 'void java.lang.invoke.DirectMethodHandle$Holder.invokeStatic(java.lang.Object, java.lang.Object, java.lang.Object, java.lang.Object)'> (0x0000000089458068) thrown at [./src/hotspot/share/interpreter/linkResolver.cpp, line 773]
Event: 1.280 Thread 0x000001ef53d4e000 Exception <a 'java/lang/NoSuchMethodError'{0x0000000089036ff0}: 'void java.lang.invoke.DirectMethodHandle$Holder.invokeStaticInit(java.lang.Object, java.lang.Object)'> (0x0000000089036ff0) thrown at [./src/hotspot/share/interpreter/linkResolver.cpp, line 773]
Event: 1.334 Thread 0x000001ef53d4e000 Exception <a 'java/lang/NoSuchMethodError'{0x0000000088c55d30}: 'void java.lang.invoke.DirectMethodHandle$Holder.invokeVirtual(java.lang.Object, java.lang.Object)'> (0x0000000088c55d30) thrown at [./src/hotspot/share/interpreter/linkResolver.cpp, line 773]
Event: 1.340 Thread 0x000001ef53d4e000 Exception <a 'java/lang/NoSuchMethodError'{0x0000000088cc90e0}: 'int java.lang.invoke.DirectMethodHandle$Holder.invokeVirtual(java.lang.Object, java.lang.Object)'> (0x0000000088cc90e0) thrown at [./src/hotspot/share/interpreter/linkResolver.cpp, line 773]
Event: 1.809 Thread 0x000001ef53d4e000 Exception <a 'java/lang/NoSuchMethodError'{0x0000000089bace00}: 'java.lang.Object java.lang.invoke.DirectMethodHandle$Holder.invokeVirtual(java.lang.Object, java.lang.Object, java.lang.Object)'> (0x0000000089bace00) thrown at [./src/hotspot/share/interpreter/linkResolver.cpp, line 773]
Event: 2.333 Thread 0x000001ef53d4e000 Exception <a 'java/lang/NoSuchMethodError'{0x0000000087c19418}: 'java.lang.Object java.lang.invoke.DirectMethodHandle$Holder.invokeStatic(java.lang.Object, java.lang.Object, java.lang.Object, int)'> (0x0000000087c19418) thrown at [./src/hotspot/share/interpreter/linkResolver.cpp, line 773]
Event: 2.333 Thread 0x000001ef53d4e000 Exception <a 'java/lang/NoSuchMethodError'{0x0000000087c1d088}: 'java.lang.Object java.lang.invoke.DirectMethodHandle$Holder.invokeSpecial(java.lang.Object, java.lang.Object, java.lang.Object, java.lang.Object, int)'> (0x0000000087c1d088) thrown at [./src/hotspot/share/interpreter/linkResolver.cpp, line 773]
Event: 2.333 Thread 0x000001ef53d4e000 Exception <a 'java/lang/NoSuchMethodError'{0x0000000087c20398}: 'java.lang.Object java.lang.invoke.Invokers$Holder.linkToTargetMethod(java.lang.Object, java.lang.Object, int, java.lang.Object)'> (0x0000000087c20398) thrown at [./src/hotspot/share/interpreter/linkResolver.cpp, line 773]
Event: 2.467 Thread 0x000001ef53d4e000 Exception <a 'java/lang/NoSuchMethodError'{0x00000000874090f0}: 'java.lang.Object java.lang.invoke.Invokers$Holder.linkToTargetMethod(java.lang.Object, int, java.lang.Object)'> (0x00000000874090f0) thrown at [./src/hotspot/share/interpreter/linkResolver.cpp, line 773]

Events (20 events):
Event: 2.570 loading class org/jetbrains/kotlin/load/java/lazy/descriptors/LazyJavaAnnotationDescriptor
Event: 2.570 loading class org/jetbrains/kotlin/load/java/lazy/descriptors/LazyJavaAnnotationDescriptor done
Event: 2.570 loading class org/jetbrains/kotlin/load/java/descriptors/PossiblyExternalAnnotationDescriptor
Event: 2.570 loading class org/jetbrains/kotlin/load/java/descriptors/PossiblyExternalAnnotationDescriptor done
Event: 2.571 loading class org/jetbrains/kotlin/load/java/lazy/descriptors/LazyJavaAnnotationDescriptor$fqName$2
Event: 2.571 loading class org/jetbrains/kotlin/load/java/lazy/descriptors/LazyJavaAnnotationDescriptor$fqName$2 done
Event: 2.571 loading class org/jetbrains/kotlin/load/java/lazy/descriptors/LazyJavaAnnotationDescriptor$type$2
Event: 2.571 loading class org/jetbrains/kotlin/load/java/lazy/descriptors/LazyJavaAnnotationDescriptor$type$2 done
Event: 2.571 loading class org/jetbrains/kotlin/load/java/lazy/descriptors/LazyJavaAnnotationDescriptor$allValueArguments$2
Event: 2.571 loading class org/jetbrains/kotlin/load/java/lazy/descriptors/LazyJavaAnnotationDescriptor$allValueArguments$2 done
Event: 2.572 loading class org/jetbrains/kotlin/load/java/structure/JavaAnnotation$DefaultImpls
Event: 2.572 loading class org/jetbrains/kotlin/load/java/structure/JavaAnnotation$DefaultImpls done
Event: 2.572 loading class org/jetbrains/kotlin/load/java/AnnotationQualifiersFqNamesKt
Event: 2.572 loading class org/jetbrains/kotlin/load/java/AnnotationQualifiersFqNamesKt done
Event: 2.572 loading class java/util/Collections$SingletonMap
Event: 2.572 loading class java/util/Collections$SingletonMap done
Event: 2.594 loading class org/jetbrains/kotlin/load/java/structure/impl/classFiles/PlainJavaAnnotationAsAnnotationArgument
Event: 2.594 loading class org/jetbrains/kotlin/load/java/structure/impl/classFiles/PlainJavaAnnotationAsAnnotationArgument done
Event: 2.594 loading class org/jetbrains/kotlin/load/java/structure/JavaAnnotationAsAnnotationArgument
Event: 2.594 loading class org/jetbrains/kotlin/load/java/structure/JavaAnnotationAsAnnotationArgument done


Dynamic libraries:
0x00007ff69faa0000 - 0x00007ff69faaa000 	D:\and\jre\bin\java.exe
0x00007ff974030000 - 0x00007ff974228000 	C:\Windows\SYSTEM32\ntdll.dll
0x00007ff947960000 - 0x00007ff947977000 	C:\Program Files\Avast Software\Avast\aswhook.dll
0x00007ff972240000 - 0x00007ff9722fd000 	C:\Windows\System32\KERNEL32.DLL
0x00007ff971bc0000 - 0x00007ff971e8e000 	C:\Windows\System32\KERNELBASE.dll
0x00007ff971e90000 - 0x00007ff971f90000 	C:\Windows\System32\ucrtbase.dll
0x00007ff94b030000 - 0x00007ff94b049000 	D:\and\jre\bin\jli.dll
0x00007ff94ad00000 - 0x00007ff94ad17000 	D:\and\jre\bin\VCRUNTIME140.dll
0x00007ff973700000 - 0x00007ff9738a0000 	C:\Windows\System32\USER32.dll
0x00007ff971750000 - 0x00007ff971772000 	C:\Windows\System32\win32u.dll
0x00007ff95ee50000 - 0x00007ff95f0ea000 	C:\Windows\WinSxS\amd64_microsoft.windows.common-controls_6595b64144ccf1df_6.0.19041.1110_none_60b5254171f9507e\COMCTL32.dll
0x00007ff9724d0000 - 0x00007ff9724fa000 	C:\Windows\System32\GDI32.dll
0x00007ff9738c0000 - 0x00007ff97395e000 	C:\Windows\System32\msvcrt.dll
0x00007ff971a80000 - 0x00007ff971b8b000 	C:\Windows\System32\gdi32full.dll
0x00007ff971930000 - 0x00007ff9719cd000 	C:\Windows\System32\msvcp_win.dll
0x00007ff973dd0000 - 0x00007ff973e00000 	C:\Windows\System32\IMM32.DLL
0x00007ff946f40000 - 0x00007ff946fdd000 	D:\and\jre\bin\msvcp140.dll
0x00007ff9262c0000 - 0x00007ff926da5000 	D:\and\jre\bin\server\jvm.dll
0x00007ff972090000 - 0x00007ff97213e000 	C:\Windows\System32\ADVAPI32.dll
0x00007ff973e70000 - 0x00007ff973f0c000 	C:\Windows\System32\sechost.dll
0x00007ff972a60000 - 0x00007ff972b85000 	C:\Windows\System32\RPCRT4.dll
0x00007ff972230000 - 0x00007ff972238000 	C:\Windows\System32\PSAPI.DLL
0x00007ff957fe0000 - 0x00007ff958007000 	C:\Windows\SYSTEM32\WINMM.dll
0x00007ff95d480000 - 0x00007ff95d489000 	C:\Windows\SYSTEM32\WSOCK32.dll
0x00007ff969d70000 - 0x00007ff969d7a000 	C:\Windows\SYSTEM32\VERSION.dll
0x00007ff973690000 - 0x00007ff9736fb000 	C:\Windows\System32\WS2_32.dll
0x00007ff96ffd0000 - 0x00007ff96ffe2000 	C:\Windows\SYSTEM32\kernel.appcore.dll
0x00007ff95ea00000 - 0x00007ff95ea11000 	D:\and\jre\bin\verify.dll
0x00007ff96f530000 - 0x00007ff96f714000 	C:\Windows\SYSTEM32\DBGHELP.DLL
0x00007ff9667c0000 - 0x00007ff9667ec000 	C:\Windows\SYSTEM32\dbgcore.DLL
0x00007ff972000000 - 0x00007ff972082000 	C:\Windows\System32\bcryptPrimitives.dll
0x00007ff958390000 - 0x00007ff9583b9000 	D:\and\jre\bin\java.dll
0x00007ff96b990000 - 0x00007ff96b99b000 	D:\and\jre\bin\jimage.dll
0x00007ff95d4a0000 - 0x00007ff95d4b8000 	D:\and\jre\bin\zip.dll
0x00007ff972d90000 - 0x00007ff9734d3000 	C:\Windows\System32\SHELL32.dll
0x00007ff96f720000 - 0x00007ff96feb5000 	C:\Windows\SYSTEM32\windows.storage.dll
0x00007ff973960000 - 0x00007ff973cb4000 	C:\Windows\System32\combase.dll
0x00007ff9710e0000 - 0x00007ff971110000 	C:\Windows\SYSTEM32\Wldp.dll
0x00007ff973d20000 - 0x00007ff973dcd000 	C:\Windows\System32\SHCORE.dll
0x00007ff972500000 - 0x00007ff972555000 	C:\Windows\System32\shlwapi.dll
0x00007ff971690000 - 0x00007ff9716af000 	C:\Windows\SYSTEM32\profapi.dll
0x00007ff958c00000 - 0x00007ff958c1a000 	D:\and\jre\bin\net.dll
0x00007ff968900000 - 0x00007ff968a0a000 	C:\Windows\SYSTEM32\WINHTTP.dll
0x00007ff970e40000 - 0x00007ff970eaa000 	C:\Windows\system32\mswsock.dll
0x00007ff958370000 - 0x00007ff958384000 	D:\and\jre\bin\nio.dll

dbghelp: loaded successfully - version: 4.0.5 - missing functions: none
symbol engine: initialized successfully - sym options: 0x614 - pdb path: .;D:\and\jre\bin;C:\Windows\SYSTEM32;C:\Program Files\Avast Software\Avast;C:\Windows\WinSxS\amd64_microsoft.windows.common-controls_6595b64144ccf1df_6.0.19041.1110_none_60b5254171f9507e;D:\and\jre\bin\server

VM Arguments:
java_command: org.jetbrains.kotlin.cli.jvm.K2JVMCompiler @D:\Users\Admin\AndroidStudioProjects\SHIFT\app\build\20221002_365749973561764918.compiler.options
java_class_path (initial): D:\Users\Admin\.gradle\caches\modules-2\files-2.1\org.jetbrains.kotlin\kotlin-compiler-embeddable\1.6.10\88f2073f4020cdb83132cfe940ceb9a60aba54ea\kotlin-compiler-embeddable-1.6.10.jar;D:\Users\Admin\.gradle\caches\modules-2\files-2.1\org.jetbrains.kotlin\kotlin-reflect\1.6.10\1cbe9c92c12a94eea200d23c2bbaedaf3daf5132\kotlin-reflect-1.6.10.jar;D:\Users\Admin\.gradle\caches\modules-2\files-2.1\org.jetbrains.kotlin\kotlin-stdlib\1.6.10\b8af3fe6f1ca88526914929add63cf5e7c5049af\kotlin-stdlib-1.6.10.jar;D:\Users\Admin\.gradle\caches\modules-2\files-2.1\org.jetbrains.kotlin\kotlin-script-runtime\1.6.10\d0a7ff2e2500ef497ed0214ae40ad3c8387a6164\kotlin-script-runtime-1.6.10.jar;D:\Users\Admin\.gradle\caches\modules-2\files-2.1\org.jetbrains.kotlin\kotlin-daemon-embeddable\1.6.10\a56d79bcbea411fa6058e4ecffc2de73e742bd2a\kotlin-daemon-embeddable-1.6.10.jar;D:\Users\Admin\.gradle\caches\modules-2\files-2.1\org.jetbrains.intellij.deps\trove4j\1.0.20181211\216c2e14b070f334479d800987affe4054cd563f\trove4j-1.0.20181211.jar;D:\Users\Admin\.gradle\caches\modules-2\files-2.1\net.java.dev.jna\jna\5.6.0\330f2244e9030119ab3030fc3fededc86713d9cc\jna-5.6.0.jar;D:\Users\Admin\.gradle\caches\modules-2\files-2.1\org.jetbrains\annotations\13.0\919f0dfe192fb4e063e7dacadee7f8bb9a2672a9\annotations-13.0.jar;D:\Users\Admin\.gradle\caches\modules-2\files-2.1\org.jetbrains.kotlin\kotlin-stdlib-common\1.6.10\c118700e3a33c8a0d9adc920e9dec0831171925\kotlin-stdlib-common-1.6.10.jar
Launcher Type: SUN_STANDARD

[Global flags]
     intx CICompilerCount                          = 4                                         {product} {ergonomic}
     uint ConcGCThreads                            = 2                                         {product} {ergonomic}
     uint G1ConcRefinementThreads                  = 8                                         {product} {ergonomic}
   size_t G1HeapRegionSize                         = 1048576                                   {product} {ergonomic}
    uintx GCDrainStackTargetSize                   = 64                                        {product} {ergonomic}
   size_t InitialHeapSize                          = 132120576                                 {product} {ergonomic}
   size_t MarkStackSize                            = 4194304                                   {product} {ergonomic}
   size_t MaxHeapSize                              = 2109734912                                {product} {ergonomic}
   size_t MaxNewSize                               = 1265631232                                {product} {ergonomic}
   size_t MinHeapDeltaBytes                        = 1048576                                   {product} {ergonomic}
    uintx NonNMethodCodeHeapSize                   = 5836300                                {pd product} {ergonomic}
    uintx NonProfiledCodeHeapSize                  = 122910970                              {pd product} {ergonomic}
    uintx ProfiledCodeHeapSize                     = 122910970                              {pd product} {ergonomic}
    uintx ReservedCodeCacheSize                    = 251658240                              {pd product} {ergonomic}
     bool SegmentedCodeCache                       = true                                      {product} {ergonomic}
     bool UseCompressedClassPointers               = true                                 {lp64_product} {ergonomic}
     bool UseCompressedOops                        = true                                 {lp64_product} {ergonomic}
     bool UseG1GC                                  = true                                      {product} {ergonomic}
     bool UseLargePagesIndividualAllocation        = false                                  {pd product} {ergonomic}

Logging:
Log output configuration:
 #0: stdout all=warning uptime,level,tags
 #1: stderr all=off uptime,level,tags

Environment Variables:
PATH=C:\Program Files\Common Files\Oracle\Java\javapath;C:\Program Files (x86)\Common Files\Intel\Shared Libraries\redist\intel64\compiler;C:\Windows\system32;C:\Windows;C:\Windows\System32\Wbem;C:\Windows\System32\WindowsPowerShell\v1.0\;C:\Windows\System32\OpenSSH\;C:\Program Files\dotnet\;D:\Users\Admin\AppData\Local\Microsoft\WindowsApps;;C:\Program Files\JetBrains\PyCharm Community Edition 2020.2.3\bin;;D:\Users\Admin\.dotnet\tools;D:\Users\Admin\AppData\Local\Programs\Microsoft VS Code\bin
USERNAME=Admin
OS=Windows_NT
PROCESSOR_IDENTIFIER=Intel64 Family 6 Model 142 Stepping 12, GenuineIntel



---------------  S Y S T E M  ---------------

OS: Windows 10 , 64 bit Build 19041 (10.0.19041.1889)
OS uptime: 0 days 9:07 hours

CPU:total 8 (initial active 8) (4 cores per cpu, 2 threads per core) family 6 model 142 stepping 12 microcode 0xf0, cmov, cx8, fxsr, mmx, sse, sse2, sse3, ssse3, sse4.1, sse4.2, popcnt, avx, avx2, aes, clmul, erms, 3dnowpref, lzcnt, ht, tsc, tscinvbit, bmi1, bmi2, adx, fma

Memory: 4k page, system-wide physical 8040M (594M free)
TotalPageFile size 8040M (AvailPageFile size 5M)
current process WorkingSet (physical memory assigned to process): 248M, peak: 248M
current process commit charge ("private bytes"): 362M, peak: 364M

vm_info: OpenJDK 64-Bit Server VM (11.0.12+7-b1504.28-7817840) for windows-amd64 JRE (11.0.12+7-b1504.28-7817840), built on Oct 13 2021 22:12:33 by "builder" with MS VC++ 14.0 (VS2015)

END.
